#
# A fatal error has been detected by the Java Runtime Environment:
#
#  EXCEPTION_ACCESS_VIOLATION (0xc0000005) at pc=0x0000000000180002, pid=28528, tid=27868
#
# JRE version: Java(TM) SE Runtime Environment (17.0.10+11) (build 17.0.10+11-LTS-240)
# Java VM: Java HotSpot(TM) 64-Bit Server VM (17.0.10+11-LTS-240, mixed mode, emulated-client, sharing, tiered, compressed oops, compressed class ptrs, g1 gc, windows-amd64)
# Problematic frame:
# V  [jvm.dll+0x3049ac]
#
# No core dump will be written. Minidumps are not enabled by default on client versions of Windows
#
# If you would like to submit a bug report, please visit:
#   https://bugreport.java.com/bugreport/crash.jsp
#

---------------  S U M M A R Y ------------

Command Line: -XX:TieredStopAtLevel=1 -Dspring.output.ansi.enabled=always -Dcom.sun.management.jmxremote -Dspring.jmx.enabled=true -Dspring.liveBeansView.mbeanDomain -Dspring.application.admin.enabled=true -Dmanagement.endpoints.jmx.exposure.include=* -javaagent:C:\Program Files\JetBrains\IntelliJ IDEA 2023.3.2\lib\idea_rt.jar=59087:C:\Program Files\JetBrains\IntelliJ IDEA 2023.3.2\bin -Dfile.encoding=UTF-8 org.etix.adapters.AdaptersApplication

Host: 12th Gen Intel(R) Core(TM) i7-12700, 20 cores, 31G,  Windows 11 , 64 bit Build 26100 (10.0.26100.3037)
Time: Fri Feb 28 13:45:07 2025 Greenwich elapsed time: 3.721516 seconds (0d 0h 0m 3s)

---------------  T H R E A D  ---------------

Current thread (0x000002267e4a91a0):  GCTaskThread "GC Thread#13" [stack: 0x0000003789100000,0x0000003789200000] [id=27868]

Stack: [0x0000003789100000,0x0000003789200000],  sp=0x00000037891ff210,  free space=1020k
Native frames: (J=compiled Java code, j=interpreted, Vv=VM code, C=native code)
C  0x0000000000180002


siginfo: EXCEPTION_ACCESS_VIOLATION (0xc0000005), data execution prevention violation at address 0x0000000000180002


Registers:
RAX=0x000002263c7621e8, RBX=0x0000000000000001, RCX=0x000002263c997750, RDX=0x000000062ec2ee90
RSP=0x00000037891ff208, RBP=0x000000000000077a, RSI=0x000000060bc27908, RDI=0x000000062ec2ee90
R8 =0x0000000000000000, R9 =0x000002263c997750, R10=0x000000062ec2ee90, R11=0x00007ff94c9f15c3
R12=0x00000037891ff510, R13=0x000002261aa0b980, R14=0x000002267fb89ef0, R15=0x000002263c997750
RIP=0x0000000000180002, EFLAGS=0x0000000000010246


Register to memory mapping:

RIP=0x0000000000180002 is an unknown value
RAX=0x000002263c7621e8 is pointing into metadata
RBX=0x0000000000000001 is an unknown value
RCX=0x000002263c997750 is pointing into metadata
RDX=
[error occurred during error reporting (printing register info), id 0xc0000005, EXCEPTION_ACCESS_VIOLATION (0xc0000005) at pc=0x0000000000180002]

Top of Stack: (sp=0x00000037891ff208)
0x00000037891ff208:   00007ff9217449ac 0000000000000000
0x00000037891ff218:   000000062bc5c2b8 0000000000000001
0x00000037891ff228:   0000000000000003 0000022600000003
0x00000037891ff238:   00007ff921afa23f 0000000000000001
0x00000037891ff248:   000002267fbe59f0 000000060697dd48
0x00000037891ff258:   00007ff92174b032 000000060bc27ffc
0x00000037891ff268:   0000000000000000 0000000000000040
0x00000037891ff278:   000002261aa0b980 00000037891ff510
0x00000037891ff288:   000002267fb89ef0 000000060bc27908
0x00000037891ff298:   000000000000077a 000000060bc27909
0x00000037891ff2a8:   00007ff921745af2 0000000000030000
0x00000037891ff2b8:   0000000003050001 0000000000000008
0x00000037891ff2c8:   0000000000000001 0000022626b28100
0x00000037891ff2d8:   0000000000000040 0000000000001000
0x00000037891ff2e8:   00000037891ff510 000000060bc20000
0x00000037891ff2f8:   00007ff9217427fe 000000060bc20000 

Instructions: (pc=0x00007ff9217449ac)
0x00007ff9217448ac:   4c 89 4c 24 28 44 8b 8c 24 90 00 00 00 4e 8d 04
0x00007ff9217448bc:   e5 00 00 00 00 48 8b 89 08 04 00 00 0f 94 c0 88
0x00007ff9217448cc:   44 24 20 e8 4c c3 01 00 eb 4e 80 3d 1a 36 80 00
0x00007ff9217448dc:   00 74 15 8b 55 08 8b 0d e0 b9 79 00 48 d3 e2 48
0x00007ff9217448ec:   03 15 ce b9 79 00 eb 04 48 8b 55 08 48 8b 4f 08
0x00007ff9217448fc:   4e 8d 04 e5 00 00 00 00 80 7c 24 39 01 44 8b 8c
0x00007ff92174490c:   24 90 00 00 00 0f 94 c0 48 8b 89 08 04 00 00 88
0x00007ff92174491c:   44 24 20 e8 0c c3 01 00 48 8b c3 48 8b 5c 24 70
0x00007ff92174492c:   4c 8b b4 24 80 00 00 00 48 8b ac 24 88 00 00 00
0x00007ff92174493c:   48 83 c4 40 41 5f 41 5d 41 5c 5f 5e c3 cc cc cc
0x00007ff92174494c:   cc cc cc cc e9 0b 00 00 00 cc cc cc cc cc cc cc
0x00007ff92174495c:   cc cc cc cc 4c 89 4c 24 20 53 55 56 57 41 54 41
0x00007ff92174496c:   55 41 56 41 57 48 83 ec 58 80 3d 7b 35 80 00 00
0x00007ff92174497c:   49 8b f8 0f b7 da 4c 8b f1 74 16 45 8b 78 08 8b
0x00007ff92174498c:   0d 37 b9 79 00 49 d3 e7 4c 03 3d 25 b9 79 00 eb
0x00007ff92174499c:   04 4d 8b 78 08 49 8b d7 48 8b cf e8 44 99 ea ff
0x00007ff9217449ac:   45 33 ed 4c 63 e0 48 8b 84 24 b8 00 00 00 0f b7
0x00007ff9217449bc:   cb 66 c1 e9 08 41 8b ed 48 89 44 24 30 66 89 8c
0x00007ff9217449cc:   24 a0 00 00 00 84 c9 75 35 0f b6 c8 f6 d1 f6 c1
0x00007ff9217449dc:   01 75 09 48 c1 e8 03 48 8b e8 eb 16 48 8d 54 24
0x00007ff9217449ec:   40 48 8d 4c 24 30 e8 69 f1 2f 00 48 8b 28 48 c1
0x00007ff9217449fc:   ed 03 83 e5 0f 41 3b ae 7c 01 00 00 72 11 66 c1
0x00007ff921744a0c:   eb 08 48 0f be c3 41 0f b7 9c 46 78 01 00 00 49
0x00007ff921744a1c:   8b 46 08 48 8b d7 66 89 9c 24 a8 00 00 00 66 c1
0x00007ff921744a2c:   eb 08 8b 88 c0 01 00 00 48 8b 80 b0 01 00 00 48
0x00007ff921744a3c:   d3 ea 48 0f be cb 48 8b 04 d0 48 89 44 24 38 44
0x00007ff921744a4c:   8b 80 f8 00 00 00 49 8b 46 70 44 89 84 24 b0 00
0x00007ff921744a5c:   00 00 48 8b 54 c8 10 84 db 75 04 4a 8d 14 c2 48
0x00007ff921744a6c:   8b 0a 4a 8d 14 e5 00 00 00 00 48 8b 71 30 48 8b
0x00007ff921744a7c:   41 38 48 2b c6 48 c1 e8 03 49 3b c4 72 0d 48 8d
0x00007ff921744a8c:   04 32 48 89 41 30 48 85 f6 75 4f 44 89 44 24 28
0x00007ff921744a9c:   48 8d 94 24 a8 00 00 00 4c 8b c7 89 6c 24 20 4d 


Stack slot to memory mapping:
stack at sp + 0 slots: 0x0 is NULL
stack at sp + 1 slots: 0x000000062bc5c2b8 is an oop: java.util.concurrent.ConcurrentHashMap$Node 
{0x000000062bc5c2b8} - klass: 'java/util/concurrent/ConcurrentHashMap$Node'
 - ---- fields (total size 4 words):
 - final 'hash' 'I' @12  519085631 (1ef09e3f)
 - final 'key' 'Ljava/lang/Object;' @16  "com.fasterxml.jackson.databind.jsonFormatVisitors.JsonFormatVisitorWrapper"{0x000000062bc5c240} (c578b848)
 - volatile 'val' 'Ljava/lang/Object;' @20  "com.fasterxml.jackson.databind.jsonFormatVisitors.JsonFormatVisitorWrapper"{0x000000062bc5c240} (c578b848)
 - volatile 'next' 'Ljava/util/concurrent/ConcurrentHashMap$Node;' @24  NULL (0)
stack at sp + 2 slots: 0x0000000000000001 is an unknown value
stack at sp + 3 slots: 0x0000000000000003 is an unknown value
stack at sp + 4 slots: 0x0000022600000003 is pointing into metadata
stack at sp + 5 slots: 0x00007ff921afa23f jvm.dll
stack at sp + 6 slots: 0x0000000000000001 is an unknown value
stack at sp + 7 slots: 0x000002267fbe59f0 points into unknown readable memory: 0x000000062bc00000 | 00 00 c0 2b 06 00 00 00


---------------  P R O C E S S  ---------------

Threads class SMR info:
_java_thread_list=0x000002267d90bac0, length=22, elements={
0x000002261a9f41e0, 0x000002263bc149b0, 0x0000022638b37a70, 0x0000022638b49870,
0x0000022638b4c150, 0x0000022638b4da30, 0x0000022638b4e300, 0x0000022638b4ec80,
0x0000022638b582e0, 0x000002263bc84d20, 0x0000022638b21e90, 0x000002263bd36780,
0x000002263bd37cb0, 0x000002263bf4de40, 0x000002263bf4e320, 0x000002267d58cac0,
0x000002267de03c40, 0x000002267de01c40, 0x000002267e0c8820, 0x000002267e161c20,
0x000002267e4dadc0, 0x000002267e4d9980
}

Java Threads: ( => current thread )
  0x000002261a9f41e0 JavaThread "main" [_thread_blocked, id=3140, stack(0x0000003786700000,0x0000003786800000)]
  0x000002263bc149b0 JavaThread "Reference Handler" daemon [_thread_blocked, id=3240, stack(0x0000003786e00000,0x0000003786f00000)]
  0x0000022638b37a70 JavaThread "Finalizer" daemon [_thread_blocked, id=6292, stack(0x0000003786f00000,0x0000003787000000)]
  0x0000022638b49870 JavaThread "Signal Dispatcher" daemon [_thread_blocked, id=27232, stack(0x0000003787000000,0x0000003787100000)]
  0x0000022638b4c150 JavaThread "Attach Listener" daemon [_thread_blocked, id=16248, stack(0x0000003787100000,0x0000003787200000)]
  0x0000022638b4da30 JavaThread "Service Thread" daemon [_thread_blocked, id=27656, stack(0x0000003787200000,0x0000003787300000)]
  0x0000022638b4e300 JavaThread "Monitor Deflation Thread" daemon [_thread_blocked, id=32108, stack(0x0000003787300000,0x0000003787400000)]
  0x0000022638b4ec80 JavaThread "C1 CompilerThread0" daemon [_thread_blocked, id=30752, stack(0x0000003787400000,0x0000003787500000)]
  0x0000022638b582e0 JavaThread "Sweeper thread" daemon [_thread_blocked, id=30656, stack(0x0000003787500000,0x0000003787600000)]
  0x000002263bc84d20 JavaThread "C1 CompilerThread1" daemon [_thread_blocked, id=7000, stack(0x0000003787600000,0x0000003787700000)]
  0x0000022638b21e90 JavaThread "Common-Cleaner" daemon [_thread_blocked, id=26120, stack(0x0000003787700000,0x0000003787800000)]
  0x000002263bd36780 JavaThread "C1 CompilerThread2" daemon [_thread_blocked, id=5000, stack(0x0000003787800000,0x0000003787900000)]
  0x000002263bd37cb0 JavaThread "C1 CompilerThread3" daemon [_thread_blocked, id=28252, stack(0x0000003787900000,0x0000003787a00000)]
  0x000002263bf4de40 JavaThread "Monitor Ctrl-Break" daemon [_thread_in_native, id=13196, stack(0x0000003787a00000,0x0000003787b00000)]
  0x000002263bf4e320 JavaThread "Notification Thread" daemon [_thread_blocked, id=32080, stack(0x0000003787b00000,0x0000003787c00000)]
  0x000002267d58cac0 JavaThread "RMI TCP Accept-0" daemon [_thread_in_native, id=4844, stack(0x0000003787c00000,0x0000003787d00000)]
  0x000002267de03c40 JavaThread "Thread-0" [_thread_blocked, id=9692, stack(0x0000003788a00000,0x0000003788b00000)]
  0x000002267de01c40 JavaThread "restartedMain" [_thread_blocked, id=16724, stack(0x0000003788b00000,0x0000003788c00000)]
  0x000002267e0c8820 JavaThread "C1 CompilerThread4" daemon [_thread_blocked, id=28196, stack(0x0000003788d00000,0x0000003788e00000)]
  0x000002267e161c20 JavaThread "C1 CompilerThread5" daemon [_thread_blocked, id=32700, stack(0x0000003788e00000,0x0000003788f00000)]
  0x000002267e4dadc0 JavaThread "RMI TCP Connection(1)-192.168.30.37" daemon [_thread_in_native, id=23576, stack(0x0000003789300000,0x0000003789400000)]
  0x000002267e4d9980 JavaThread "RMI Scheduler(0)" daemon [_thread_blocked, id=31852, stack(0x0000003789400000,0x0000003789500000)]

Other Threads:
  0x000002263bc13010 VMThread "VM Thread" [stack: 0x0000003786d00000,0x0000003786e00000] [id=30196]
  0x000002267d52a730 WatcherThread [stack: 0x0000003787d00000,0x0000003787e00000] [id=20984]
  0x00000226389a0780 GCTaskThread "GC Thread#0" [stack: 0x0000003786800000,0x0000003786900000] [id=21508]
  0x000002267d916560 GCTaskThread "GC Thread#1" [stack: 0x0000003787e00000,0x0000003787f00000] [id=8636]
  0x000002267d919910 GCTaskThread "GC Thread#2" [stack: 0x0000003787f00000,0x0000003788000000] [id=32308]
  0x000002267d8e9bf0 GCTaskThread "GC Thread#3" [stack: 0x0000003788000000,0x0000003788100000] [id=4468]
  0x000002267d922450 GCTaskThread "GC Thread#4" [stack: 0x0000003788100000,0x0000003788200000] [id=7668]
  0x000002267d922b20 GCTaskThread "GC Thread#5" [stack: 0x0000003788200000,0x0000003788300000] [id=7360]
  0x000002267d91bf30 GCTaskThread "GC Thread#6" [stack: 0x0000003788300000,0x0000003788400000] [id=32532]
  0x000002267d91c1f0 GCTaskThread "GC Thread#7" [stack: 0x0000003788400000,0x0000003788500000] [id=13208]
  0x000002267d91c8c0 GCTaskThread "GC Thread#8" [stack: 0x0000003788500000,0x0000003788600000] [id=32100]
  0x000002267d91cb80 GCTaskThread "GC Thread#9" [stack: 0x0000003788600000,0x0000003788700000] [id=12376]
  0x000002267d91ce40 GCTaskThread "GC Thread#10" [stack: 0x0000003788700000,0x0000003788800000] [id=12928]
  0x000002267d93d050 GCTaskThread "GC Thread#11" [stack: 0x0000003788800000,0x0000003788900000] [id=13444]
  0x000002267e4a8ee0 GCTaskThread "GC Thread#12" [stack: 0x0000003788c00000,0x0000003788d00000] [id=13944]
=>0x000002267e4a91a0 GCTaskThread "GC Thread#13" [stack: 0x0000003789100000,0x0000003789200000] [id=27868]
  0x000002267e4a9460 GCTaskThread "GC Thread#14" [stack: 0x0000003789200000,0x0000003789300000] [id=23140]
  0x00000226389e2010 ConcurrentGCThread "G1 Main Marker" [stack: 0x0000003786900000,0x0000003786a00000] [id=12740]
  0x000002261aa6fae0 ConcurrentGCThread "G1 Conc#0" [stack: 0x0000003786a00000,0x0000003786b00000] [id=24148]
  0x000002267e4a9f60 ConcurrentGCThread "G1 Conc#1" [stack: 0x0000003789500000,0x0000003789600000] [id=8492]
  0x000002267e4a9720 ConcurrentGCThread "G1 Conc#2" [stack: 0x0000003789600000,0x0000003789700000] [id=7388]
  0x000002267e4aa220 ConcurrentGCThread "G1 Conc#3" [stack: 0x0000003789700000,0x0000003789800000] [id=13872]
  0x000002261aaad040 ConcurrentGCThread "G1 Refine#0" [stack: 0x0000003786b00000,0x0000003786c00000] [id=14240]
  0x000002267d93e3b0 ConcurrentGCThread "G1 Refine#1" [stack: 0x0000003788900000,0x0000003788a00000] [id=8996]
  0x000002267fb3ec20 ConcurrentGCThread "G1 Refine#2" [stack: 0x000000378b500000,0x000000378b600000] [id=16640]
  0x000002267fb3f720 ConcurrentGCThread "G1 Refine#3" [stack: 0x000000378b600000,0x000000378b700000] [id=18176]
  0x000002267fb38c70 ConcurrentGCThread "G1 Refine#4" [stack: 0x000000378b700000,0x000000378b800000] [id=26828]
  0x000002267fb65650 ConcurrentGCThread "G1 Refine#5" [stack: 0x000000378b800000,0x000000378b900000] [id=8396]
  0x000002267fb65940 ConcurrentGCThread "G1 Refine#6" [stack: 0x000000378b900000,0x000000378ba00000] [id=3120]
  0x000002267fc09690 ConcurrentGCThread "G1 Refine#7" [stack: 0x000000378ba00000,0x000000378bb00000] [id=20408]
  0x000002267fc0c3d0 ConcurrentGCThread "G1 Refine#8" [stack: 0x0000003788f00000,0x0000003789000000] [id=1236]
  0x000002267fc0e6e0 ConcurrentGCThread "G1 Refine#9" [stack: 0x0000003789000000,0x0000003789100000] [id=13432]
  0x000002261aaad820 ConcurrentGCThread "G1 Service" [stack: 0x0000003786c00000,0x0000003786d00000] [id=17668]

Threads with active compile tasks:

VM state: at safepoint (normal execution)

VM Mutex/Monitor currently owned by a thread:  ([mutex/lock_event])
[0x000002261a9efe00] Threads_lock - owner thread: 0x000002263bc13010
[0x000002261a9f0e50] Heap_lock - owner thread: 0x000002267de01c40

Heap address: 0x0000000604c00000, size: 8116 MB, Compressed Oops mode: Zero based, Oop shift amount: 3

CDS archive(s) mapped at: [0x000002263c000000-0x000002263cbd0000-0x000002263cbd0000), size 12386304, SharedBaseAddress: 0x000002263c000000, ArchiveRelocationMode: 1.
Compressed class space mapped at: 0x000002263d000000-0x000002267d000000, reserved size: 1073741824
Narrow klass base: 0x000002263c000000, Narrow klass shift: 0, Narrow klass range: 0x100000000

GC Precious Log:
 CPUs: 20 total, 20 available
 Memory: 32455M
 Large Page Support: Disabled
 NUMA Support: Disabled
 Compressed Oops: Enabled (Zero based)
 Heap Region Size: 4M
 Heap Min Capacity: 8M
 Heap Initial Capacity: 508M
 Heap Max Capacity: 8116M
 Pre-touch: Disabled
 Parallel Workers: 15
 Concurrent Workers: 4
 Concurrent Refinement Workers: 15
 Periodic GC: Disabled

Heap:
 garbage-first heap   total 765952K, used 550481K [0x0000000604c00000, 0x0000000800000000)
  region size 4096K, 107 young (438272K), 14 survivors (57344K)
 Metaspace       used 35562K, committed 36096K, reserved 1114112K
  class space    used 5097K, committed 5376K, reserved 1048576K

Heap Regions: E=young(eden), S=young(survivor), O=old, HS=humongous(starts), HC=humongous(continues), CS=collection set, F=free, OA=open archive, CA=closed archive, TAMS=top-at-mark-start (previous, next)
|   0|0x0000000604c00000, 0x0000000605000000, 0x0000000605000000|100%| O|  |TAMS 0x0000000605000000, 0x0000000605000000| Untracked 
|   1|0x0000000605000000, 0x0000000605400000, 0x0000000605400000|100%| O|  |TAMS 0x0000000605400000, 0x0000000605400000| Untracked 
|   2|0x0000000605400000, 0x0000000605800000, 0x0000000605800000|100%| O|  |TAMS 0x0000000605400000, 0x0000000605800000| Untracked 
|   3|0x0000000605800000, 0x0000000605c00000, 0x0000000605c00000|100%| O|  |TAMS 0x0000000605800000, 0x0000000605c00000| Untracked 
|   4|0x0000000605c00000, 0x0000000606000000, 0x0000000606000000|100%| O|  |TAMS 0x0000000605c00000, 0x0000000606000000| Untracked 
|   5|0x0000000606000000, 0x0000000606400000, 0x0000000606400000|100%| O|  |TAMS 0x0000000606000000, 0x0000000606400000| Untracked 
|   6|0x0000000606400000, 0x0000000606800000, 0x0000000606800000|100%| O|  |TAMS 0x0000000606400000, 0x0000000606800000| Untracked 
|   7|0x0000000606800000, 0x0000000606c00000, 0x0000000606c00000|100%| O|  |TAMS 0x0000000606800000, 0x0000000606c00000| Untracked 
|   8|0x0000000606c00000, 0x0000000607000000, 0x0000000607000000|100%| O|  |TAMS 0x0000000606c00000, 0x0000000607000000| Untracked 
|   9|0x0000000607000000, 0x0000000607400000, 0x0000000607400000|100%| O|  |TAMS 0x0000000607000000, 0x0000000607400000| Untracked 
|  10|0x0000000607400000, 0x0000000607800000, 0x0000000607800000|100%| O|  |TAMS 0x0000000607400000, 0x0000000607800000| Untracked 
|  11|0x0000000607800000, 0x0000000607c00000, 0x0000000607c00000|100%| O|  |TAMS 0x0000000607800000, 0x0000000607c00000| Untracked 
|  12|0x0000000607c00000, 0x0000000608000000, 0x0000000608000000|100%| O|  |TAMS 0x0000000607c00000, 0x0000000608000000| Untracked 
|  13|0x0000000608000000, 0x0000000608400000, 0x0000000608400000|100%| O|  |TAMS 0x0000000608000000, 0x0000000608400000| Untracked 
|  14|0x0000000608400000, 0x0000000608800000, 0x0000000608800000|100%| O|  |TAMS 0x0000000608400000, 0x0000000608800000| Untracked 
|  15|0x0000000608800000, 0x0000000608c00000, 0x0000000608c00000|100%| O|  |TAMS 0x0000000608800000, 0x0000000608c00000| Untracked 
|  16|0x0000000608c00000, 0x0000000609000000, 0x0000000609000000|100%| O|  |TAMS 0x0000000608c00000, 0x0000000609000000| Untracked 
|  17|0x0000000609000000, 0x0000000609400000, 0x0000000609400000|100%| O|  |TAMS 0x0000000609000000, 0x0000000609400000| Untracked 
|  18|0x0000000609400000, 0x0000000609800000, 0x0000000609800000|100%| O|  |TAMS 0x0000000609400000, 0x0000000609800000| Untracked 
|  19|0x0000000609800000, 0x0000000609c00000, 0x0000000609c00000|100%| O|  |TAMS 0x0000000609800000, 0x0000000609c00000| Untracked 
|  20|0x0000000609c00000, 0x000000060a000000, 0x000000060a000000|100%| O|  |TAMS 0x0000000609c00000, 0x000000060a000000| Untracked 
|  21|0x000000060a000000, 0x000000060a400000, 0x000000060a400000|100%| O|  |TAMS 0x000000060a000000, 0x000000060a400000| Untracked 
|  22|0x000000060a400000, 0x000000060a800000, 0x000000060a800000|100%| O|  |TAMS 0x000000060a400000, 0x000000060a800000| Untracked 
|  23|0x000000060a800000, 0x000000060ac00000, 0x000000060ac00000|100%| O|  |TAMS 0x000000060a800000, 0x000000060ac00000| Untracked 
|  24|0x000000060ac00000, 0x000000060b000000, 0x000000060b000000|100%| O|  |TAMS 0x000000060ac00000, 0x000000060b000000| Untracked 
|  25|0x000000060b000000, 0x000000060b400000, 0x000000060b400000|100%| O|  |TAMS 0x000000060b000000, 0x000000060b400000| Untracked 
|  26|0x000000060b400000, 0x000000060b800000, 0x000000060b800000|100%| O|  |TAMS 0x000000060b400000, 0x000000060b800000| Untracked 
|  27|0x000000060b800000, 0x000000060bc00000, 0x000000060bc00000|100%| O|  |TAMS 0x000000060b800000, 0x000000060b999600| Untracked 
|  28|0x000000060bc00000, 0x000000060c000000, 0x000000060c000000|100%|HS|  |TAMS 0x000000060bc00000, 0x000000060c000000| Complete 
|  29|0x000000060c000000, 0x000000060c400000, 0x000000060c400000|100%| O|  |TAMS 0x000000060c000000, 0x000000060c000000| Untracked 
|  30|0x000000060c400000, 0x000000060c800000, 0x000000060c800000|100%| O|  |TAMS 0x000000060c400000, 0x000000060c400000| Untracked 
|  31|0x000000060c800000, 0x000000060cb58a80, 0x000000060cc00000| 83%| O|  |TAMS 0x000000060c800000, 0x000000060c800000| Untracked 
|  32|0x000000060cc00000, 0x000000060cc00000, 0x000000060d000000|  0%| F|  |TAMS 0x000000060cc00000, 0x000000060cc00000| Untracked 
|  33|0x000000060d000000, 0x000000060d000000, 0x000000060d400000|  0%| F|  |TAMS 0x000000060d000000, 0x000000060d000000| Untracked 
|  34|0x000000060d400000, 0x000000060d400000, 0x000000060d800000|  0%| F|  |TAMS 0x000000060d400000, 0x000000060d400000| Untracked 
|  35|0x000000060d800000, 0x000000060d800000, 0x000000060dc00000|  0%| F|  |TAMS 0x000000060d800000, 0x000000060d800000| Untracked 
|  36|0x000000060dc00000, 0x000000060dc00000, 0x000000060e000000|  0%| F|  |TAMS 0x000000060dc00000, 0x000000060dc00000| Untracked 
|  37|0x000000060e000000, 0x000000060e000000, 0x000000060e400000|  0%| F|  |TAMS 0x000000060e000000, 0x000000060e000000| Untracked 
|  38|0x000000060e400000, 0x000000060e400000, 0x000000060e800000|  0%| F|  |TAMS 0x000000060e400000, 0x000000060e400000| Untracked 
|  39|0x000000060e800000, 0x000000060e800000, 0x000000060ec00000|  0%| F|  |TAMS 0x000000060e800000, 0x000000060e800000| Untracked 
|  40|0x000000060ec00000, 0x000000060ec00000, 0x000000060f000000|  0%| F|  |TAMS 0x000000060ec00000, 0x000000060ec00000| Untracked 
|  41|0x000000060f000000, 0x000000060f000000, 0x000000060f400000|  0%| F|  |TAMS 0x000000060f000000, 0x000000060f000000| Untracked 
|  42|0x000000060f400000, 0x000000060f400000, 0x000000060f800000|  0%| F|  |TAMS 0x000000060f400000, 0x000000060f400000| Untracked 
|  43|0x000000060f800000, 0x000000060f800000, 0x000000060fc00000|  0%| F|  |TAMS 0x000000060f800000, 0x000000060f800000| Untracked 
|  44|0x000000060fc00000, 0x000000060fc00000, 0x0000000610000000|  0%| F|  |TAMS 0x000000060fc00000, 0x000000060fc00000| Untracked 
|  45|0x0000000610000000, 0x0000000610000000, 0x0000000610400000|  0%| F|  |TAMS 0x0000000610000000, 0x0000000610000000| Untracked 
|  46|0x0000000610400000, 0x0000000610400000, 0x0000000610800000|  0%| F|  |TAMS 0x0000000610400000, 0x0000000610400000| Untracked 
|  47|0x0000000610800000, 0x0000000610800000, 0x0000000610c00000|  0%| F|  |TAMS 0x0000000610800000, 0x0000000610800000| Untracked 
|  48|0x0000000610c00000, 0x0000000610c00000, 0x0000000611000000|  0%| F|  |TAMS 0x0000000610c00000, 0x0000000610c00000| Untracked 
|  49|0x0000000611000000, 0x0000000611000000, 0x0000000611400000|  0%| F|  |TAMS 0x0000000611000000, 0x0000000611000000| Untracked 
|  50|0x0000000611400000, 0x0000000611400000, 0x0000000611800000|  0%| F|  |TAMS 0x0000000611400000, 0x0000000611400000| Untracked 
|  51|0x0000000611800000, 0x0000000611800000, 0x0000000611c00000|  0%| F|  |TAMS 0x0000000611800000, 0x0000000611800000| Untracked 
|  52|0x0000000611c00000, 0x0000000611c00000, 0x0000000612000000|  0%| F|  |TAMS 0x0000000611c00000, 0x0000000611c00000| Untracked 
|  53|0x0000000612000000, 0x0000000612000000, 0x0000000612400000|  0%| F|  |TAMS 0x0000000612000000, 0x0000000612000000| Untracked 
|  54|0x0000000612400000, 0x0000000612400000, 0x0000000612800000|  0%| F|  |TAMS 0x0000000612400000, 0x0000000612400000| Untracked 
|  55|0x0000000612800000, 0x0000000612800000, 0x0000000612c00000|  0%| F|  |TAMS 0x0000000612800000, 0x0000000612800000| Untracked 
|  56|0x0000000612c00000, 0x0000000612c00000, 0x0000000613000000|  0%| F|  |TAMS 0x0000000612c00000, 0x0000000612c00000| Untracked 
|  57|0x0000000613000000, 0x0000000613000000, 0x0000000613400000|  0%| F|  |TAMS 0x0000000613000000, 0x0000000613000000| Untracked 
|  58|0x0000000613400000, 0x0000000613400000, 0x0000000613800000|  0%| F|  |TAMS 0x0000000613400000, 0x0000000613400000| Untracked 
|  59|0x0000000613800000, 0x0000000613800000, 0x0000000613c00000|  0%| F|  |TAMS 0x0000000613800000, 0x0000000613800000| Untracked 
|  60|0x0000000613c00000, 0x0000000613c00000, 0x0000000614000000|  0%| F|  |TAMS 0x0000000613c00000, 0x0000000613c00000| Untracked 
|  61|0x0000000614000000, 0x0000000614000000, 0x0000000614400000|  0%| F|  |TAMS 0x0000000614000000, 0x0000000614000000| Untracked 
|  62|0x0000000614400000, 0x0000000614400000, 0x0000000614800000|  0%| F|  |TAMS 0x0000000614400000, 0x0000000614400000| Untracked 
|  63|0x0000000614800000, 0x0000000614800000, 0x0000000614c00000|  0%| F|  |TAMS 0x0000000614800000, 0x0000000614800000| Untracked 
|  64|0x0000000614c00000, 0x0000000614c00000, 0x0000000615000000|  0%| F|  |TAMS 0x0000000614c00000, 0x0000000614c00000| Untracked 
|  65|0x0000000615000000, 0x0000000615000000, 0x0000000615400000|  0%| F|  |TAMS 0x0000000615000000, 0x0000000615000000| Untracked 
|  66|0x0000000615400000, 0x0000000615400000, 0x0000000615800000|  0%| F|  |TAMS 0x0000000615400000, 0x0000000615400000| Untracked 
|  67|0x0000000615800000, 0x0000000615c00000, 0x0000000615c00000|100%| S|  |TAMS 0x0000000615800000, 0x0000000615800000| Complete 
|  68|0x0000000615c00000, 0x0000000616000000, 0x0000000616000000|100%| S|  |TAMS 0x0000000615c00000, 0x0000000615c00000| Complete 
|  69|0x0000000616000000, 0x00000006163fb040, 0x0000000616400000| 99%| E|CS|TAMS 0x0000000616000000, 0x00000006163fb040| Complete 
|  70|0x0000000616400000, 0x0000000616800000, 0x0000000616800000|100%| E|CS|TAMS 0x0000000616400000, 0x0000000616800000| Complete 
|  71|0x0000000616800000, 0x0000000616c00000, 0x0000000616c00000|100%| E|CS|TAMS 0x0000000616800000, 0x0000000616c00000| Complete 
|  72|0x0000000616c00000, 0x0000000617000000, 0x0000000617000000|100%| E|CS|TAMS 0x0000000616c00000, 0x0000000617000000| Complete 
|  73|0x0000000617000000, 0x0000000617400000, 0x0000000617400000|100%| E|CS|TAMS 0x0000000617000000, 0x0000000617400000| Complete 
|  74|0x0000000617400000, 0x0000000617800000, 0x0000000617800000|100%| E|CS|TAMS 0x0000000617400000, 0x0000000617800000| Complete 
|  75|0x0000000617800000, 0x0000000617c00000, 0x0000000617c00000|100%| E|CS|TAMS 0x0000000617800000, 0x0000000617c00000| Complete 
|  76|0x0000000617c00000, 0x0000000618000000, 0x0000000618000000|100%| E|CS|TAMS 0x0000000617c00000, 0x0000000618000000| Complete 
|  77|0x0000000618000000, 0x0000000618400000, 0x0000000618400000|100%| E|CS|TAMS 0x0000000618000000, 0x0000000618400000| Complete 
|  78|0x0000000618400000, 0x0000000618800000, 0x0000000618800000|100%| E|CS|TAMS 0x0000000618400000, 0x0000000618800000| Complete 
|  79|0x0000000618800000, 0x0000000618c00000, 0x0000000618c00000|100%| E|CS|TAMS 0x0000000618800000, 0x0000000618c00000| Complete 
|  80|0x0000000618c00000, 0x0000000619000000, 0x0000000619000000|100%| E|CS|TAMS 0x0000000618c00000, 0x0000000619000000| Complete 
|  81|0x0000000619000000, 0x0000000619400000, 0x0000000619400000|100%| E|CS|TAMS 0x0000000619000000, 0x0000000619400000| Complete 
|  82|0x0000000619400000, 0x0000000619800000, 0x0000000619800000|100%| S|  |TAMS 0x0000000619400000, 0x0000000619400000| Complete 
|  83|0x0000000619800000, 0x0000000619c00000, 0x0000000619c00000|100%| S|  |TAMS 0x0000000619800000, 0x0000000619800000| Complete 
|  84|0x0000000619c00000, 0x000000061a000000, 0x000000061a000000|100%| S|  |TAMS 0x0000000619c00000, 0x0000000619c00000| Complete 
|  85|0x000000061a000000, 0x000000061a400000, 0x000000061a400000|100%| S|  |TAMS 0x000000061a000000, 0x000000061a000000| Complete 
|  86|0x000000061a400000, 0x000000061a800000, 0x000000061a800000|100%| S|  |TAMS 0x000000061a400000, 0x000000061a400000| Complete 
|  87|0x000000061a800000, 0x000000061ac00000, 0x000000061ac00000|100%| S|  |TAMS 0x000000061a800000, 0x000000061a800000| Complete 
|  88|0x000000061ac00000, 0x000000061b000000, 0x000000061b000000|100%| S|  |TAMS 0x000000061ac00000, 0x000000061ac00000| Complete 
|  89|0x000000061b000000, 0x000000061b400000, 0x000000061b400000|100%| S|  |TAMS 0x000000061b000000, 0x000000061b000000| Complete 
|  90|0x000000061b400000, 0x000000061b800000, 0x000000061b800000|100%| S|  |TAMS 0x000000061b400000, 0x000000061b400000| Complete 
|  91|0x000000061b800000, 0x000000061bc00000, 0x000000061bc00000|100%| S|  |TAMS 0x000000061b800000, 0x000000061b800000| Complete 
|  92|0x000000061bc00000, 0x000000061c000000, 0x000000061c000000|100%| S|  |TAMS 0x000000061bc00000, 0x000000061bc00000| Complete 
|  93|0x000000061c000000, 0x000000061c400000, 0x000000061c400000|100%| S|  |TAMS 0x000000061c000000, 0x000000061c000000| Complete 
|  94|0x000000061c400000, 0x000000061c800000, 0x000000061c800000|100%| E|CS|TAMS 0x000000061c400000, 0x000000061c800000| Complete 
|  95|0x000000061c800000, 0x000000061cc00000, 0x000000061cc00000|100%| E|CS|TAMS 0x000000061c800000, 0x000000061cc00000| Complete 
|  96|0x000000061cc00000, 0x000000061d000000, 0x000000061d000000|100%| E|CS|TAMS 0x000000061cc00000, 0x000000061d000000| Complete 
|  97|0x000000061d000000, 0x000000061d400000, 0x000000061d400000|100%| E|CS|TAMS 0x000000061d000000, 0x000000061d400000| Complete 
|  98|0x000000061d400000, 0x000000061d800000, 0x000000061d800000|100%| E|CS|TAMS 0x000000061d400000, 0x000000061d800000| Complete 
|  99|0x000000061d800000, 0x000000061dc00000, 0x000000061dc00000|100%| E|CS|TAMS 0x000000061d800000, 0x000000061dc00000| Complete 
| 100|0x000000061dc00000, 0x000000061e000000, 0x000000061e000000|100%| E|CS|TAMS 0x000000061dc00000, 0x000000061e000000| Complete 
| 101|0x000000061e000000, 0x000000061e400000, 0x000000061e400000|100%| E|CS|TAMS 0x000000061e000000, 0x000000061e400000| Complete 
| 102|0x000000061e400000, 0x000000061e800000, 0x000000061e800000|100%| E|CS|TAMS 0x000000061e400000, 0x000000061e800000| Complete 
| 103|0x000000061e800000, 0x000000061ec00000, 0x000000061ec00000|100%| E|CS|TAMS 0x000000061e800000, 0x000000061ec00000| Complete 
| 104|0x000000061ec00000, 0x000000061f000000, 0x000000061f000000|100%| E|CS|TAMS 0x000000061ec00000, 0x000000061f000000| Complete 
| 105|0x000000061f000000, 0x000000061f400000, 0x000000061f400000|100%| E|CS|TAMS 0x000000061f000000, 0x000000061f400000| Complete 
| 106|0x000000061f400000, 0x000000061f800000, 0x000000061f800000|100%| E|CS|TAMS 0x000000061f400000, 0x000000061f800000| Complete 
| 107|0x000000061f800000, 0x000000061fc00000, 0x000000061fc00000|100%| E|CS|TAMS 0x000000061f800000, 0x000000061fc00000| Complete 
| 108|0x000000061fc00000, 0x0000000620000000, 0x0000000620000000|100%| E|CS|TAMS 0x000000061fc00000, 0x0000000620000000| Complete 
| 109|0x0000000620000000, 0x0000000620400000, 0x0000000620400000|100%| E|CS|TAMS 0x0000000620000000, 0x0000000620400000| Complete 
| 110|0x0000000620400000, 0x0000000620800000, 0x0000000620800000|100%| E|CS|TAMS 0x0000000620400000, 0x0000000620800000| Complete 
| 111|0x0000000620800000, 0x0000000620c00000, 0x0000000620c00000|100%| E|CS|TAMS 0x0000000620800000, 0x0000000620c00000| Complete 
| 112|0x0000000620c00000, 0x0000000621000000, 0x0000000621000000|100%| E|CS|TAMS 0x0000000620c00000, 0x0000000621000000| Complete 
| 113|0x0000000621000000, 0x0000000621400000, 0x0000000621400000|100%| E|CS|TAMS 0x0000000621000000, 0x0000000621400000| Complete 
| 114|0x0000000621400000, 0x0000000621800000, 0x0000000621800000|100%| E|CS|TAMS 0x0000000621400000, 0x0000000621800000| Complete 
| 115|0x0000000621800000, 0x0000000621c00000, 0x0000000621c00000|100%| E|CS|TAMS 0x0000000621800000, 0x0000000621c00000| Complete 
| 116|0x0000000621c00000, 0x0000000622000000, 0x0000000622000000|100%| E|CS|TAMS 0x0000000621c00000, 0x0000000622000000| Complete 
| 117|0x0000000622000000, 0x0000000622400000, 0x0000000622400000|100%| E|CS|TAMS 0x0000000622000000, 0x0000000622400000| Complete 
| 118|0x0000000622400000, 0x0000000622800000, 0x0000000622800000|100%| E|CS|TAMS 0x0000000622400000, 0x0000000622800000| Complete 
| 119|0x0000000622800000, 0x0000000622c00000, 0x0000000622c00000|100%| E|CS|TAMS 0x0000000622800000, 0x0000000622c00000| Complete 
| 120|0x0000000622c00000, 0x0000000623000000, 0x0000000623000000|100%| E|CS|TAMS 0x0000000622c00000, 0x0000000623000000| Complete 
| 121|0x0000000623000000, 0x0000000623400000, 0x0000000623400000|100%| E|CS|TAMS 0x0000000623000000, 0x0000000623400000| Complete 
| 122|0x0000000623400000, 0x0000000623800000, 0x0000000623800000|100%| E|CS|TAMS 0x0000000623400000, 0x0000000623800000| Complete 
| 123|0x0000000623800000, 0x0000000623c00000, 0x0000000623c00000|100%| E|CS|TAMS 0x0000000623800000, 0x0000000623c00000| Complete 
| 124|0x0000000623c00000, 0x0000000624000000, 0x0000000624000000|100%| E|CS|TAMS 0x0000000623c00000, 0x0000000624000000| Complete 
| 125|0x0000000624000000, 0x0000000624400000, 0x0000000624400000|100%| E|CS|TAMS 0x0000000624000000, 0x0000000624400000| Complete 
| 126|0x0000000624400000, 0x0000000624800000, 0x0000000624800000|100%| E|CS|TAMS 0x0000000624400000, 0x0000000624800000| Complete 
| 127|0x0000000624800000, 0x0000000624c00000, 0x0000000624c00000|100%| E|CS|TAMS 0x0000000624800000, 0x0000000624c00000| Complete 
| 128|0x0000000624c00000, 0x0000000625000000, 0x0000000625000000|100%| E|CS|TAMS 0x0000000624c00000, 0x0000000625000000| Complete 
| 129|0x0000000625000000, 0x0000000625400000, 0x0000000625400000|100%| E|CS|TAMS 0x0000000625000000, 0x0000000625400000| Complete 
| 130|0x0000000625400000, 0x0000000625800000, 0x0000000625800000|100%| E|CS|TAMS 0x0000000625400000, 0x0000000625800000| Complete 
| 131|0x0000000625800000, 0x0000000625c00000, 0x0000000625c00000|100%| E|CS|TAMS 0x0000000625800000, 0x0000000625c00000| Complete 
| 132|0x0000000625c00000, 0x0000000626000000, 0x0000000626000000|100%| E|CS|TAMS 0x0000000625c00000, 0x0000000626000000| Complete 
| 133|0x0000000626000000, 0x0000000626400000, 0x0000000626400000|100%| E|CS|TAMS 0x0000000626000000, 0x0000000626400000| Complete 
| 134|0x0000000626400000, 0x0000000626800000, 0x0000000626800000|100%| E|CS|TAMS 0x0000000626400000, 0x0000000626800000| Complete 
| 135|0x0000000626800000, 0x0000000626c00000, 0x0000000626c00000|100%| E|CS|TAMS 0x0000000626800000, 0x0000000626c00000| Complete 
| 136|0x0000000626c00000, 0x0000000627000000, 0x0000000627000000|100%| E|CS|TAMS 0x0000000626c00000, 0x0000000627000000| Complete 
| 137|0x0000000627000000, 0x0000000627400000, 0x0000000627400000|100%| E|CS|TAMS 0x0000000627000000, 0x0000000627400000| Complete 
| 138|0x0000000627400000, 0x0000000627800000, 0x0000000627800000|100%| E|CS|TAMS 0x0000000627400000, 0x0000000627800000| Complete 
| 139|0x0000000627800000, 0x0000000627c00000, 0x0000000627c00000|100%| E|CS|TAMS 0x0000000627800000, 0x0000000627c00000| Complete 
| 140|0x0000000627c00000, 0x0000000628000000, 0x0000000628000000|100%| E|CS|TAMS 0x0000000627c00000, 0x0000000628000000| Complete 
| 141|0x0000000628000000, 0x0000000628400000, 0x0000000628400000|100%| E|CS|TAMS 0x0000000628000000, 0x0000000628400000| Complete 
| 142|0x0000000628400000, 0x0000000628800000, 0x0000000628800000|100%| E|CS|TAMS 0x0000000628400000, 0x0000000628800000| Complete 
| 143|0x0000000628800000, 0x0000000628c00000, 0x0000000628c00000|100%| E|CS|TAMS 0x0000000628800000, 0x0000000628c00000| Complete 
| 144|0x0000000628c00000, 0x0000000629000000, 0x0000000629000000|100%| E|CS|TAMS 0x0000000628c00000, 0x0000000629000000| Complete 
| 145|0x0000000629000000, 0x0000000629400000, 0x0000000629400000|100%| E|CS|TAMS 0x0000000629000000, 0x0000000629400000| Complete 
| 146|0x0000000629400000, 0x0000000629800000, 0x0000000629800000|100%| E|CS|TAMS 0x0000000629400000, 0x0000000629800000| Complete 
| 147|0x0000000629800000, 0x0000000629c00000, 0x0000000629c00000|100%| E|CS|TAMS 0x0000000629800000, 0x0000000629c00000| Complete 
| 148|0x0000000629c00000, 0x000000062a000000, 0x000000062a000000|100%| E|CS|TAMS 0x0000000629c00000, 0x000000062a000000| Complete 
| 149|0x000000062a000000, 0x000000062a400000, 0x000000062a400000|100%| E|CS|TAMS 0x000000062a000000, 0x000000062a400000| Complete 
| 150|0x000000062a400000, 0x000000062a800000, 0x000000062a800000|100%| E|CS|TAMS 0x000000062a400000, 0x000000062a800000| Complete 
| 151|0x000000062a800000, 0x000000062ac00000, 0x000000062ac00000|100%| E|CS|TAMS 0x000000062a800000, 0x000000062ac00000| Complete 
| 152|0x000000062ac00000, 0x000000062b000000, 0x000000062b000000|100%| E|CS|TAMS 0x000000062ac00000, 0x000000062b000000| Complete 
| 153|0x000000062b000000, 0x000000062b400000, 0x000000062b400000|100%| E|CS|TAMS 0x000000062b000000, 0x000000062b400000| Complete 
| 154|0x000000062b400000, 0x000000062b800000, 0x000000062b800000|100%| E|CS|TAMS 0x000000062b400000, 0x000000062b800000| Complete 
| 155|0x000000062b800000, 0x000000062bc00000, 0x000000062bc00000|100%| E|CS|TAMS 0x000000062b800000, 0x000000062bc00000| Complete 
| 156|0x000000062bc00000, 0x000000062c000000, 0x000000062c000000|100%| E|CS|TAMS 0x000000062bc00000, 0x000000062c000000| Complete 
| 157|0x000000062c000000, 0x000000062c400000, 0x000000062c400000|100%| E|CS|TAMS 0x000000062c000000, 0x000000062c400000| Complete 
| 158|0x000000062c400000, 0x000000062c800000, 0x000000062c800000|100%| E|CS|TAMS 0x000000062c400000, 0x000000062c800000| Complete 
| 159|0x000000062c800000, 0x000000062cc00000, 0x000000062cc00000|100%| E|CS|TAMS 0x000000062c800000, 0x000000062cc00000| Complete 
| 160|0x000000062cc00000, 0x000000062d000000, 0x000000062d000000|100%| E|CS|TAMS 0x000000062cc00000, 0x000000062d000000| Complete 
| 161|0x000000062d000000, 0x000000062d400000, 0x000000062d400000|100%| E|CS|TAMS 0x000000062d000000, 0x000000062d400000| Complete 
| 162|0x000000062d400000, 0x000000062d800000, 0x000000062d800000|100%| E|CS|TAMS 0x000000062d400000, 0x000000062d800000| Complete 
| 163|0x000000062d800000, 0x000000062dc00000, 0x000000062dc00000|100%| E|CS|TAMS 0x000000062d800000, 0x000000062dc00000| Complete 
| 164|0x000000062dc00000, 0x000000062e000000, 0x000000062e000000|100%| E|CS|TAMS 0x000000062dc00000, 0x000000062e000000| Complete 
| 165|0x000000062e000000, 0x000000062e400000, 0x000000062e400000|100%| E|CS|TAMS 0x000000062e000000, 0x000000062e400000| Complete 
| 166|0x000000062e400000, 0x000000062e800000, 0x000000062e800000|100%| E|CS|TAMS 0x000000062e400000, 0x000000062e800000| Complete 
| 167|0x000000062e800000, 0x000000062ec00000, 0x000000062ec00000|100%| E|CS|TAMS 0x000000062e800000, 0x000000062ec00000| Complete 
| 168|0x000000062ec00000, 0x000000062f000000, 0x000000062f000000|100%| E|CS|TAMS 0x000000062ec00000, 0x000000062f000000| Complete 
| 169|0x000000062f000000, 0x000000062f400000, 0x000000062f400000|100%| E|CS|TAMS 0x000000062f000000, 0x000000062f400000| Complete 
| 170|0x000000062f400000, 0x000000062f800000, 0x000000062f800000|100%| E|CS|TAMS 0x000000062f400000, 0x000000062f800000| Complete 
| 171|0x000000062f800000, 0x000000062fc00000, 0x000000062fc00000|100%| E|CS|TAMS 0x000000062f800000, 0x000000062fc00000| Complete 
| 172|0x000000062fc00000, 0x0000000630000000, 0x0000000630000000|100%| E|CS|TAMS 0x000000062fc00000, 0x0000000630000000| Complete 
| 173|0x0000000630000000, 0x0000000630400000, 0x0000000630400000|100%| E|CS|TAMS 0x0000000630000000, 0x0000000630400000| Complete 
| 174|0x0000000630400000, 0x0000000630800000, 0x0000000630800000|100%| E|CS|TAMS 0x0000000630400000, 0x0000000630800000| Complete 
| 175|0x0000000630800000, 0x0000000630c00000, 0x0000000630c00000|100%| E|CS|TAMS 0x0000000630800000, 0x0000000630c00000| Complete 
| 176|0x0000000630c00000, 0x0000000631000000, 0x0000000631000000|100%| E|CS|TAMS 0x0000000630c00000, 0x0000000631000000| Complete 
| 177|0x0000000631000000, 0x0000000631400000, 0x0000000631400000|100%| E|CS|TAMS 0x0000000631000000, 0x0000000631400000| Complete 
| 178|0x0000000631400000, 0x0000000631800000, 0x0000000631800000|100%| E|CS|TAMS 0x0000000631400000, 0x0000000631800000| Complete 
| 179|0x0000000631800000, 0x0000000631c00000, 0x0000000631c00000|100%| E|CS|TAMS 0x0000000631800000, 0x0000000631c00000| Complete 
| 180|0x0000000631c00000, 0x0000000632000000, 0x0000000632000000|100%| E|CS|TAMS 0x0000000631c00000, 0x0000000632000000| Complete 
| 181|0x0000000632000000, 0x0000000632400000, 0x0000000632400000|100%| E|CS|TAMS 0x0000000632000000, 0x0000000632400000| Complete 
| 182|0x0000000632400000, 0x0000000632800000, 0x0000000632800000|100%| E|CS|TAMS 0x0000000632400000, 0x0000000632800000| Complete 
| 183|0x0000000632800000, 0x0000000632c00000, 0x0000000632c00000|100%| E|CS|TAMS 0x0000000632800000, 0x0000000632c00000| Complete 
| 184|0x0000000632c00000, 0x0000000633000000, 0x0000000633000000|100%| E|CS|TAMS 0x0000000632c00000, 0x0000000633000000| Complete 
| 185|0x0000000633000000, 0x0000000633400000, 0x0000000633400000|100%| E|CS|TAMS 0x0000000633000000, 0x0000000633400000| Complete 
| 186|0x0000000633400000, 0x0000000633800000, 0x0000000633800000|100%| E|CS|TAMS 0x0000000633400000, 0x0000000633800000| Complete 

Card table byte_map: [0x0000022626af0000,0x0000022627ad0000] _byte_map_base: 0x0000022623aca000

Marking Bits (Prev, Next): (CMBitMap*) 0x000002261aa62940, (CMBitMap*) 0x000002261aa62900
 Prev Bits: [0x0000022630980000, 0x0000022638850000)
 Next Bits: [0x0000022628ab0000, 0x0000022630980000)

Polling page: 0x0000022618550000

Metaspace:

Usage:
  Non-class:     29.75 MB used.
      Class:      4.98 MB used.
       Both:     34.73 MB used.

Virtual space:
  Non-class space:       64.00 MB reserved,      30.00 MB ( 47%) committed,  1 nodes.
      Class space:        1.00 GB reserved,       5.25 MB ( <1%) committed,  1 nodes.
             Both:        1.06 GB reserved,      35.25 MB (  3%) committed. 

Chunk freelists:
   Non-Class:  1.81 MB
       Class:  10.80 MB
        Both:  12.61 MB

MaxMetaspaceSize: unlimited
CompressedClassSpaceSize: 1.00 GB
Initial GC threshold: 21.00 MB
Current GC threshold: 35.25 MB
CDS: on
MetaspaceReclaimPolicy: balanced
 - commit_granule_bytes: 65536.
 - commit_granule_words: 8192.
 - virtual_space_node_default_size: 8388608.
 - enlarge_chunks_in_place: 1.
 - new_chunks_are_fully_committed: 0.
 - uncommit_free_chunks: 1.
 - use_allocation_guard: 0.
 - handle_deallocations: 1.


Internal statistics:

num_allocs_failed_limit: 6.
num_arena_births: 636.
num_arena_deaths: 0.
num_vsnodes_births: 2.
num_vsnodes_deaths: 0.
num_space_committed: 564.
num_space_uncommitted: 0.
num_chunks_returned_to_freelist: 6.
num_chunks_taken_from_freelist: 1923.
num_chunk_merges: 6.
num_chunk_splits: 1343.
num_chunks_enlarged: 976.
num_inconsistent_stats: 0.

CodeCache: size=49152Kb used=12176Kb max_used=13003Kb free=36975Kb
 bounds [0x0000022622290000, 0x0000022622f50000, 0x0000022625290000]
 total_blobs=5361 nmethods=4822 adapters=461
 compilation: enabled
              stopped_count=0, restarted_count=0
 full_count=0

Compilation events (20 events):
Event: 3.634 Thread 0x000002263bd36780 nmethod 4814 0x0000022622937490 code [0x0000022622937620, 0x00000226229376d8]
Event: 3.634 Thread 0x0000022638b4ec80 nmethod 4812 0x0000022622935210 code [0x00000226229353c0, 0x00000226229356d8]
Event: 3.634 Thread 0x000002267e0c8820 nmethod 4809 0x0000022622935910 code [0x0000022622935be0, 0x00000226229369d8]
Event: 3.635 Thread 0x000002267e161c20 nmethod 4810 0x0000022622931b10 code [0x00000226229320c0, 0x0000022622934048]
Event: 3.649 Thread 0x000002263bd36780 4815       1       nonapi.io.github.classgraph.utils.CollectionUtils::sortIfNotEmpty (15 bytes)
Event: 3.649 Thread 0x000002267e161c20 4816       1       io.github.classgraph.ClassInfo::filterClassInfo (544 bytes)
Event: 3.649 Thread 0x000002263bc84d20 4817       1       io.github.classgraph.ClassInfoList::<init> (32 bytes)
Event: 3.649 Thread 0x000002267e0c8820 4822       1       java.util.ComparableTimSort::sort (219 bytes)
Event: 3.649 Thread 0x0000022638b4ec80 4818       1       io.github.classgraph.MappableInfoList::<init> (6 bytes)
Event: 3.649 Thread 0x000002263bd37cb0 4819       1       io.github.classgraph.InfoList::<init> (6 bytes)
Event: 3.649 Thread 0x000002263bd36780 nmethod 4815 0x0000022622931790 code [0x0000022622931940, 0x0000022622931a58]
Event: 3.649 Thread 0x000002263bd36780 4820       1       io.github.classgraph.PotentiallyUnmodifiableList::<init> (11 bytes)
Event: 3.649 Thread 0x000002263bc84d20 nmethod 4817 0x0000022622931310 code [0x00000226229314c0, 0x0000022622931698]
Event: 3.649 Thread 0x0000022638b4ec80 nmethod 4818 0x0000022622931010 code [0x00000226229311a0, 0x0000022622931288]
Event: 3.649 Thread 0x000002263bd37cb0 nmethod 4819 0x0000022622930d10 code [0x0000022622930ea0, 0x0000022622930f88]
Event: 3.649 Thread 0x000002263bc84d20 4821       1       io.github.classgraph.ClassInfoList::<init> (14 bytes)
Event: 3.649 Thread 0x000002263bd36780 nmethod 4820 0x0000022622930a10 code [0x0000022622930ba0, 0x0000022622930c88]
Event: 3.650 Thread 0x000002267e0c8820 nmethod 4822 0x0000022622930110 code [0x0000022622930320, 0x0000022622930718]
Event: 3.650 Thread 0x000002263bc84d20 nmethod 4821 0x000002262292fc10 code [0x000002262292fdc0, 0x000002262292ffd8]
Event: 3.650 Thread 0x000002267e161c20 nmethod 4816 0x000002262292d510 code [0x000002262292d9a0, 0x000002262292efa8]

GC Heap History (20 events):
Event: 1.792 GC heap after
{Heap after GC invocations=8 (full 0):
 garbage-first heap   total 303104K, used 21595K [0x0000000604c00000, 0x0000000800000000)
  region size 4096K, 1 young (4096K), 1 survivors (4096K)
 Metaspace       used 29771K, committed 30272K, reserved 1114112K
  class space    used 4125K, committed 4352K, reserved 1048576K
}
Event: 2.074 GC heap before
{Heap before GC invocations=8 (full 0):
 garbage-first heap   total 303104K, used 193627K [0x0000000604c00000, 0x0000000800000000)
  region size 4096K, 44 young (180224K), 1 survivors (4096K)
 Metaspace       used 31105K, committed 31680K, reserved 1114112K
  class space    used 4291K, committed 4544K, reserved 1048576K
}
Event: 2.084 GC heap after
{Heap after GC invocations=9 (full 0):
 garbage-first heap   total 303104K, used 50321K [0x0000000604c00000, 0x0000000800000000)
  region size 4096K, 6 young (24576K), 6 survivors (24576K)
 Metaspace       used 31105K, committed 31680K, reserved 1114112K
  class space    used 4291K, committed 4544K, reserved 1048576K
}
Event: 2.174 GC heap before
{Heap before GC invocations=9 (full 0):
 garbage-first heap   total 303104K, used 173201K [0x0000000604c00000, 0x0000000800000000)
  region size 4096K, 37 young (151552K), 6 survivors (24576K)
 Metaspace       used 31105K, committed 31680K, reserved 1114112K
  class space    used 4291K, committed 4544K, reserved 1048576K
}
Event: 2.180 GC heap after
{Heap after GC invocations=10 (full 0):
 garbage-first heap   total 303104K, used 60395K [0x0000000604c00000, 0x0000000800000000)
  region size 4096K, 3 young (12288K), 3 survivors (12288K)
 Metaspace       used 31105K, committed 31680K, reserved 1114112K
  class space    used 4291K, committed 4544K, reserved 1048576K
}
Event: 2.263 GC heap before
{Heap before GC invocations=10 (full 0):
 garbage-first heap   total 303104K, used 187371K [0x0000000604c00000, 0x0000000800000000)
  region size 4096K, 35 young (143360K), 3 survivors (12288K)
 Metaspace       used 31105K, committed 31680K, reserved 1114112K
  class space    used 4291K, committed 4544K, reserved 1048576K
}
Event: 2.269 GC heap after
{Heap after GC invocations=11 (full 0):
 garbage-first heap   total 303104K, used 68731K [0x0000000604c00000, 0x0000000800000000)
  region size 4096K, 5 young (20480K), 5 survivors (20480K)
 Metaspace       used 31105K, committed 31680K, reserved 1114112K
  class space    used 4291K, committed 4544K, reserved 1048576K
}
Event: 2.357 GC heap before
{Heap before GC invocations=11 (full 0):
 garbage-first heap   total 303104K, used 203899K [0x0000000604c00000, 0x0000000800000000)
  region size 4096K, 39 young (159744K), 5 survivors (20480K)
 Metaspace       used 31105K, committed 31680K, reserved 1114112K
  class space    used 4291K, committed 4544K, reserved 1048576K
}
Event: 2.364 GC heap after
{Heap after GC invocations=12 (full 0):
 garbage-first heap   total 434176K, used 79171K [0x0000000604c00000, 0x0000000800000000)
  region size 4096K, 5 young (20480K), 5 survivors (20480K)
 Metaspace       used 31105K, committed 31680K, reserved 1114112K
  class space    used 4291K, committed 4544K, reserved 1048576K
}
Event: 2.521 GC heap before
{Heap before GC invocations=12 (full 0):
 garbage-first heap   total 434176K, used 312643K [0x0000000604c00000, 0x0000000800000000)
  region size 4096K, 63 young (258048K), 5 survivors (20480K)
 Metaspace       used 31185K, committed 31744K, reserved 1114112K
  class space    used 4298K, committed 4544K, reserved 1048576K
}
Event: 2.530 GC heap after
{Heap after GC invocations=13 (full 0):
 garbage-first heap   total 434176K, used 97259K [0x0000000604c00000, 0x0000000800000000)
  region size 4096K, 8 young (32768K), 8 survivors (32768K)
 Metaspace       used 31185K, committed 31744K, reserved 1114112K
  class space    used 4298K, committed 4544K, reserved 1048576K
}
Event: 2.646 GC heap before
{Heap before GC invocations=13 (full 0):
 garbage-first heap   total 434176K, used 314347K [0x0000000604c00000, 0x0000000800000000)
  region size 4096K, 62 young (253952K), 8 survivors (32768K)
 Metaspace       used 31185K, committed 31744K, reserved 1114112K
  class space    used 4298K, committed 4544K, reserved 1048576K
}
Event: 2.657 GC heap after
{Heap after GC invocations=14 (full 0):
 garbage-first heap   total 434176K, used 114293K [0x0000000604c00000, 0x0000000800000000)
  region size 4096K, 5 young (20480K), 5 survivors (20480K)
 Metaspace       used 31185K, committed 31744K, reserved 1114112K
  class space    used 4298K, committed 4544K, reserved 1048576K
}
Event: 2.796 GC heap before
{Heap before GC invocations=14 (full 0):
 garbage-first heap   total 434176K, used 323189K [0x0000000604c00000, 0x0000000800000000)
  region size 4096K, 57 young (233472K), 5 survivors (20480K)
 Metaspace       used 31185K, committed 31744K, reserved 1114112K
  class space    used 4298K, committed 4544K, reserved 1048576K
}
Event: 2.804 GC heap after
{Heap after GC invocations=15 (full 0):
 garbage-first heap   total 434176K, used 126823K [0x0000000604c00000, 0x0000000800000000)
  region size 4096K, 8 young (32768K), 8 survivors (32768K)
 Metaspace       used 31185K, committed 31744K, reserved 1114112K
  class space    used 4298K, committed 4544K, reserved 1048576K
}
Event: 2.937 GC heap before
{Heap before GC invocations=15 (full 0):
 garbage-first heap   total 434176K, used 331623K [0x0000000604c00000, 0x0000000800000000)
  region size 4096K, 59 young (241664K), 8 survivors (32768K)
 Metaspace       used 31185K, committed 31744K, reserved 1114112K
  class space    used 4298K, committed 4544K, reserved 1048576K
}
Event: 2.949 GC heap after
{Heap after GC invocations=16 (full 0):
 garbage-first heap   total 765952K, used 140901K [0x0000000604c00000, 0x0000000800000000)
  region size 4096K, 7 young (28672K), 7 survivors (28672K)
 Metaspace       used 31185K, committed 31744K, reserved 1114112K
  class space    used 4298K, committed 4544K, reserved 1048576K
}
Event: 3.246 GC heap before
{Heap before GC invocations=16 (full 0):
 garbage-first heap   total 765952K, used 570981K [0x0000000604c00000, 0x0000000800000000)
  region size 4096K, 112 young (458752K), 7 survivors (28672K)
 Metaspace       used 31185K, committed 31744K, reserved 1114112K
  class space    used 4298K, committed 4544K, reserved 1048576K
}
Event: 3.260 GC heap after
{Heap after GC invocations=17 (full 0):
 garbage-first heap   total 765952K, used 169553K [0x0000000604c00000, 0x0000000800000000)
  region size 4096K, 13 young (53248K), 13 survivors (53248K)
 Metaspace       used 31185K, committed 31744K, reserved 1114112K
  class space    used 4298K, committed 4544K, reserved 1048576K
}
Event: 3.702 GC heap before
{Heap before GC invocations=17 (full 0):
 garbage-first heap   total 765952K, used 542289K [0x0000000604c00000, 0x0000000800000000)
  region size 4096K, 106 young (434176K), 13 survivors (53248K)
 Metaspace       used 35562K, committed 36096K, reserved 1114112K
  class space    used 5097K, committed 5376K, reserved 1048576K
}

Deoptimization events (4 events):
Event: 1.895 Thread 0x000002267e4dbcf0 DEOPT PACKING pc=0x0000022622ab4209 sp=0x0000003789dff000
Event: 1.895 Thread 0x000002267e4dbcf0 DEOPT UNPACKING pc=0x00000226222e2b43 sp=0x0000003789dfe490 mode 3
Event: 1.974 Thread 0x000002267eedd020 DEOPT PACKING pc=0x00000226227d6f9f sp=0x000000378afff180
Event: 1.974 Thread 0x000002267eedd020 DEOPT UNPACKING pc=0x00000226222e2b43 sp=0x000000378affe5d8 mode 3

Classes unloaded (0 events):
No events

Classes redefined (0 events):
No events

Internal exceptions (20 events):
Event: 3.692 Thread 0x000002267de01c40 Exception <a 'java/lang/ClassNotFoundException'{0x000000061c5e60a0}: org/primefaces/component/schedule/Schedule> (0x000000061c5e60a0) 
thrown [s\open\src\hotspot\share\classfile\systemDictionary.cpp, line 256]
Event: 3.692 Thread 0x000002267de01c40 Exception <a 'java/lang/ClassNotFoundException'{0x000000061c5fb698}: org/primefaces/component/scrollpanel/ScrollPanel> (0x000000061c5fb698) 
thrown [s\open\src\hotspot\share\classfile\systemDictionary.cpp, line 256]
Event: 3.693 Thread 0x000002267de01c40 Exception <a 'java/lang/ClassNotFoundException'{0x000000061c603f50}: org/primefaces/component/scrolltop/ScrollTop> (0x000000061c603f50) 
thrown [s\open\src\hotspot\share\classfile\systemDictionary.cpp, line 256]
Event: 3.693 Thread 0x000002267de01c40 Exception <a 'java/lang/ClassNotFoundException'{0x000000061c60b620}: org/primefaces/component/selectbooleanbutton/SelectBooleanButton> (0x000000061c60b620) 
thrown [s\open\src\hotspot\share\classfile\systemDictionary.cpp, line 256]
Event: 3.694 Thread 0x000002267de01c40 Exception <a 'java/lang/ClassNotFoundException'{0x000000061c61fe18}: org/primefaces/component/selectbooleancheckbox/SelectBooleanCheckbox> (0x000000061c61fe18) 
thrown [s\open\src\hotspot\share\classfile\systemDictionary.cpp, line 256]
Event: 3.694 Thread 0x000002267de01c40 Exception <a 'java/lang/ClassNotFoundException'{0x000000061c628908}: org/primefaces/component/selectcheckboxmenu/SelectCheckboxMenu> (0x000000061c628908) 
thrown [s\open\src\hotspot\share\classfile\systemDictionary.cpp, line 256]
Event: 3.695 Thread 0x000002267de01c40 Exception <a 'java/lang/ClassNotFoundException'{0x000000061c6492d0}: org/primefaces/component/selectmanybutton/SelectManyButton> (0x000000061c6492d0) 
thrown [s\open\src\hotspot\share\classfile\systemDictionary.cpp, line 256]
Event: 3.695 Thread 0x000002267de01c40 Exception <a 'java/lang/ClassNotFoundException'{0x000000061c651d48}: org/primefaces/component/selectmanycheckbox/SelectManyCheckbox> (0x000000061c651d48) 
thrown [s\open\src\hotspot\share\classfile\systemDictionary.cpp, line 256]
Event: 3.696 Thread 0x000002267de01c40 Exception <a 'java/lang/ClassNotFoundException'{0x000000061c659558}: org/primefaces/component/selectmanymenu/SelectManyMenu> (0x000000061c659558) 
thrown [s\open\src\hotspot\share\classfile\systemDictionary.cpp, line 256]
Event: 3.696 Thread 0x000002267de01c40 Exception <a 'java/lang/ClassNotFoundException'{0x000000061c66c668}: org/primefaces/component/selectonebutton/SelectOneButton> (0x000000061c66c668) 
thrown [s\open\src\hotspot\share\classfile\systemDictionary.cpp, line 256]
Event: 3.697 Thread 0x000002267de01c40 Exception <a 'java/lang/ClassNotFoundException'{0x000000061c675dc8}: org/primefaces/component/selectonelistbox/SelectOneListbox> (0x000000061c675dc8) 
thrown [s\open\src\hotspot\share\classfile\systemDictionary.cpp, line 256]
Event: 3.697 Thread 0x000002267de01c40 Exception <a 'java/lang/ClassNotFoundException'{0x000000061c688d48}: org/primefaces/component/selectonemenu/SelectOneMenu> (0x000000061c688d48) 
thrown [s\open\src\hotspot\share\classfile\systemDictionary.cpp, line 256]
Event: 3.698 Thread 0x000002267de01c40 Exception <a 'java/lang/ClassNotFoundException'{0x000000061c6a3fa0}: org/primefaces/component/selectoneradio/SelectOneRadio> (0x000000061c6a3fa0) 
thrown [s\open\src\hotspot\share\classfile\systemDictionary.cpp, line 256]
Event: 3.699 Thread 0x000002267de01c40 Exception <a 'java/lang/ClassNotFoundException'{0x000000061c6b5c60}: org/primefaces/component/sidebar/Sidebar> (0x000000061c6b5c60) 
thrown [s\open\src\hotspot\share\classfile\systemDictionary.cpp, line 256]
Event: 3.699 Thread 0x000002267de01c40 Exception <a 'java/lang/ClassNotFoundException'{0x000000061c6c1248}: org/primefaces/component/signature/Signature> (0x000000061c6c1248) 
thrown [s\open\src\hotspot\share\classfile\systemDictionary.cpp, line 256]
Event: 3.699 Thread 0x000002267de01c40 Exception <a 'java/lang/ClassNotFoundException'{0x000000061c6cb0a0}: org/primefaces/component/slidemenu/SlideMenu> (0x000000061c6cb0a0) 
thrown [s\open\src\hotspot\share\classfile\systemDictionary.cpp, line 256]
Event: 3.700 Thread 0x000002267de01c40 Exception <a 'java/lang/ClassNotFoundException'{0x000000061c6d4488}: org/primefaces/component/slider/Slider> (0x000000061c6d4488) 
thrown [s\open\src\hotspot\share\classfile\systemDictionary.cpp, line 256]
Event: 3.700 Thread 0x000002267de01c40 Exception <a 'java/lang/ClassNotFoundException'{0x000000061c6e3ba0}: org/primefaces/component/speeddial/SpeedDial> (0x000000061c6e3ba0) 
thrown [s\open\src\hotspot\share\classfile\systemDictionary.cpp, line 256]
Event: 3.701 Thread 0x000002267de01c40 Exception <a 'java/lang/ClassNotFoundException'{0x000000061c6f0a88}: org/primefaces/component/spinner/Spinner> (0x000000061c6f0a88) 
thrown [s\open\src\hotspot\share\classfile\systemDictionary.cpp, line 256]
Event: 3.701 Thread 0x000002267de01c40 Exception <a 'java/lang/ClassNotFoundException'{0x000000061c6fc0a8}: org/primefaces/component/splitbutton/SplitButton> (0x000000061c6fc0a8) 
thrown [s\open\src\hotspot\share\classfile\systemDictionary.cpp, line 256]

VM Operations (20 events):
Event: 2.364 Executing VM operation: G1CollectForAllocation done
Event: 2.429 Executing VM operation: HandshakeAllThreads
Event: 2.429 Executing VM operation: HandshakeAllThreads done
Event: 2.521 Executing VM operation: G1CollectForAllocation
Event: 2.521 Executing VM operation: G1CollectForAllocation done
Event: 2.521 Executing VM operation: G1CollectForAllocation
Event: 2.530 Executing VM operation: G1CollectForAllocation done
Event: 2.645 Executing VM operation: G1CollectForAllocation
Event: 2.645 Executing VM operation: G1CollectForAllocation done
Event: 2.646 Executing VM operation: G1CollectForAllocation
Event: 2.657 Executing VM operation: G1CollectForAllocation done
Event: 2.795 Executing VM operation: G1CollectForAllocation
Event: 2.804 Executing VM operation: G1CollectForAllocation done
Event: 2.937 Executing VM operation: G1CollectForAllocation
Event: 2.937 Executing VM operation: G1CollectForAllocation done
Event: 2.937 Executing VM operation: G1CollectForAllocation
Event: 2.949 Executing VM operation: G1CollectForAllocation done
Event: 3.246 Executing VM operation: G1CollectForAllocation
Event: 3.260 Executing VM operation: G1CollectForAllocation done
Event: 3.702 Executing VM operation: CollectForMetadataAllocation

Events (20 events):
Event: 3.568 Thread 0x000002267eeddf50 Thread exited: 0x000002267eeddf50
Event: 3.568 Thread 0x000002267e4da3a0 Thread exited: 0x000002267e4da3a0
Event: 3.568 Thread 0x000002267eee1700 Thread exited: 0x000002267eee1700
Event: 3.568 Thread 0x000002267eedee80 Thread exited: 0x000002267eedee80
Event: 3.568 Thread 0x000002267eedd020 Thread exited: 0x000002267eedd020
Event: 3.568 Thread 0x000002267eede970 Thread exited: 0x000002267eede970
Event: 3.568 Thread 0x000002267eee3050 Thread exited: 0x000002267eee3050
Event: 3.568 Thread 0x000002267eedda40 Thread exited: 0x000002267eedda40
Event: 3.568 Thread 0x000002267eee2b40 Thread exited: 0x000002267eee2b40
Event: 3.569 Thread 0x000002267e4d8a50 Thread exited: 0x000002267e4d8a50
Event: 3.569 Thread 0x000002267eedd530 Thread exited: 0x000002267eedd530
Event: 3.569 Thread 0x000002267eee3a70 Thread exited: 0x000002267eee3a70
Event: 3.569 Thread 0x000002267eedf8a0 Thread exited: 0x000002267eedf8a0
Event: 3.569 Thread 0x000002267eedc0f0 Thread exited: 0x000002267eedc0f0
Event: 3.569 Thread 0x000002267eee07d0 Thread exited: 0x000002267eee07d0
Event: 3.569 Thread 0x000002267eedf390 Thread exited: 0x000002267eedf390
Event: 3.569 Thread 0x000002267e4d9e90 Thread exited: 0x000002267e4d9e90
Event: 3.569 Thread 0x000002267eedfdb0 Thread exited: 0x000002267eedfdb0
Event: 3.616 Thread 0x000002267e4db7e0 Thread added: 0x000002267e4db7e0
Event: 3.618 Thread 0x000002267e4db7e0 Thread exited: 0x000002267e4db7e0


Dynamic libraries:
0x00007ff635470000 - 0x00007ff635480000 	C:\Program Files\Java\jdk-17\bin\java.exe
0x00007ff98e000000 - 0x00007ff98e263000 	C:\WINDOWS\SYSTEM32\ntdll.dll
0x00007ff98ce50000 - 0x00007ff98cf17000 	C:\WINDOWS\System32\KERNEL32.DLL
0x00007ff98ba70000 - 0x00007ff98be37000 	C:\WINDOWS\System32\KERNELBASE.dll
0x00007ff98b440000 - 0x00007ff98b58c000 	C:\WINDOWS\System32\ucrtbase.dll
0x00007ff94c9f0000 - 0x00007ff94ca0b000 	C:\Program Files\Java\jdk-17\bin\VCRUNTIME140.dll
0x00007ff962cb0000 - 0x00007ff962cc9000 	C:\Program Files\Java\jdk-17\bin\jli.dll
0x00007ff98da30000 - 0x00007ff98dae4000 	C:\WINDOWS\System32\ADVAPI32.dll
0x00007ff98be40000 - 0x00007ff98bee9000 	C:\WINDOWS\System32\msvcrt.dll
0x00007ff98d080000 - 0x00007ff98d126000 	C:\WINDOWS\System32\sechost.dll
0x00007ff98d130000 - 0x00007ff98d246000 	C:\WINDOWS\System32\RPCRT4.dll
0x00007ff98c9d0000 - 0x00007ff98cb99000 	C:\WINDOWS\System32\USER32.dll
0x00007ff98b8c0000 - 0x00007ff98b8e7000 	C:\WINDOWS\System32\win32u.dll
0x00007ff95fb30000 - 0x00007ff95fdc0000 	C:\WINDOWS\WinSxS\amd64_microsoft.windows.common-controls_6595b64144ccf1df_6.0.26100.3037_none_3e09262ce333c378\COMCTL32.dll
0x00007ff98bef0000 - 0x00007ff98bf1a000 	C:\WINDOWS\System32\GDI32.dll
0x00007ff98b590000 - 0x00007ff98b6bb000 	C:\WINDOWS\System32\gdi32full.dll
0x00007ff98b810000 - 0x00007ff98b8b3000 	C:\WINDOWS\System32\msvcp_win.dll
0x00007ff984640000 - 0x00007ff98464b000 	C:\WINDOWS\SYSTEM32\VERSION.dll
0x00007ff98bf20000 - 0x00007ff98bf4f000 	C:\WINDOWS\System32\IMM32.DLL
0x00007ff963c20000 - 0x00007ff963c2c000 	C:\Program Files\Java\jdk-17\bin\vcruntime140_1.dll
0x00007ff93ca00000 - 0x00007ff93ca8e000 	C:\Program Files\Java\jdk-17\bin\msvcp140.dll
0x00007ff921440000 - 0x00007ff92201f000 	C:\Program Files\Java\jdk-17\bin\server\jvm.dll
0x00007ff987cb0000 - 0x00007ff987cba000 	C:\WINDOWS\SYSTEM32\WSOCK32.dll
0x00007ff9880b0000 - 0x00007ff9880e6000 	C:\WINDOWS\SYSTEM32\WINMM.dll
0x00007ff98ce40000 - 0x00007ff98ce48000 	C:\WINDOWS\System32\PSAPI.DLL
0x00007ff98d000000 - 0x00007ff98d074000 	C:\WINDOWS\System32\WS2_32.dll
0x00007ff98a190000 - 0x00007ff98a1aa000 	C:\WINDOWS\SYSTEM32\kernel.appcore.dll
0x00007ff962ca0000 - 0x00007ff962caa000 	C:\Program Files\Java\jdk-17\bin\jimage.dll
0x00007ff965860000 - 0x00007ff965aa1000 	C:\WINDOWS\SYSTEM32\DBGHELP.DLL
0x00007ff98dc30000 - 0x00007ff98dfae000 	C:\WINDOWS\System32\combase.dll
0x00007ff98daf0000 - 0x00007ff98dbc6000 	C:\WINDOWS\System32\OLEAUT32.dll
0x00007ff965080000 - 0x00007ff9650b9000 	C:\WINDOWS\SYSTEM32\dbgcore.DLL
0x00007ff98b3a0000 - 0x00007ff98b439000 	C:\WINDOWS\System32\bcryptPrimitives.dll
0x00007ff987c00000 - 0x00007ff987c0e000 	C:\Program Files\Java\jdk-17\bin\instrument.dll
0x00007ff94c730000 - 0x00007ff94c755000 	C:\Program Files\Java\jdk-17\bin\java.dll
0x00007ff922b60000 - 0x00007ff922c37000 	C:\Program Files\Java\jdk-17\bin\jsvml.dll
0x00007ff98c160000 - 0x00007ff98c864000 	C:\WINDOWS\System32\SHELL32.dll
0x00007ff989080000 - 0x00007ff9898b7000 	C:\WINDOWS\SYSTEM32\windows.storage.dll
0x00007ff98d940000 - 0x00007ff98da29000 	C:\WINDOWS\System32\SHCORE.dll
0x00007ff98d8c0000 - 0x00007ff98d91d000 	C:\WINDOWS\System32\shlwapi.dll
0x00007ff98b2b0000 - 0x00007ff98b2de000 	C:\WINDOWS\SYSTEM32\profapi.dll
0x00007ff94a250000 - 0x00007ff94a268000 	C:\Program Files\Java\jdk-17\bin\zip.dll
0x00007ff94c710000 - 0x00007ff94c729000 	C:\Program Files\Java\jdk-17\bin\net.dll
0x00007ff985960000 - 0x00007ff985a7e000 	C:\WINDOWS\SYSTEM32\WINHTTP.dll
0x00007ff98a680000 - 0x00007ff98a6ea000 	C:\WINDOWS\system32\mswsock.dll
0x00007ff94c6f0000 - 0x00007ff94c706000 	C:\Program Files\Java\jdk-17\bin\nio.dll
0x00007ff987bc0000 - 0x00007ff987bda000 	C:\Program Files\JetBrains\IntelliJ IDEA 2023.3.2\bin\breakgen64.dll
0x00007ff989bf0000 - 0x00007ff989d15000 	C:\WINDOWS\SYSTEM32\DNSAPI.dll
0x00007ff989bb0000 - 0x00007ff989be2000 	C:\WINDOWS\SYSTEM32\IPHLPAPI.DLL
0x00007ff98d8b0000 - 0x00007ff98d8ba000 	C:\WINDOWS\System32\NSI.dll
0x00007ff983c90000 - 0x00007ff983c9b000 	C:\Windows\System32\rasadhlp.dll
0x00007ff985190000 - 0x00007ff985215000 	C:\WINDOWS\System32\fwpuclnt.dll
0x00007ff987bf0000 - 0x00007ff987bfa000 	C:\Program Files\Java\jdk-17\bin\management.dll
0x00007ff987be0000 - 0x00007ff987beb000 	C:\Program Files\Java\jdk-17\bin\management_ext.dll
0x00007ff98aa30000 - 0x00007ff98aa4c000 	C:\WINDOWS\SYSTEM32\CRYPTSP.dll
0x00007ff98a0f0000 - 0x00007ff98a128000 	C:\WINDOWS\system32\rsaenh.dll
0x00007ff98a720000 - 0x00007ff98a74b000 	C:\WINDOWS\SYSTEM32\USERENV.dll
0x00007ff98ac50000 - 0x00007ff98ac76000 	C:\WINDOWS\SYSTEM32\bcrypt.dll
0x00007ff98a8b0000 - 0x00007ff98a8bc000 	C:\WINDOWS\SYSTEM32\CRYPTBASE.dll
0x00007ff985790000 - 0x00007ff9857af000 	C:\WINDOWS\SYSTEM32\dhcpcsvc6.DLL
0x00007ff985640000 - 0x00007ff985665000 	C:\WINDOWS\SYSTEM32\dhcpcsvc.DLL
0x00007ff90ac50000 - 0x00007ff90ac68000 	C:\WINDOWS\system32\napinsp.dll
0x00007ff90ac30000 - 0x00007ff90ac42000 	C:\WINDOWS\System32\winrnr.dll
0x00007ff93d270000 - 0x00007ff93d292000 	C:\WINDOWS\system32\nlansp_c.dll
0x00007ff9587a0000 - 0x00007ff9587b6000 	C:\WINDOWS\system32\wshbth.dll
0x00007ff987c20000 - 0x00007ff987c2e000 	C:\Program Files\Java\jdk-17\bin\sunmscapi.dll
0x00007ff98b8f0000 - 0x00007ff98ba66000 	C:\WINDOWS\System32\CRYPT32.dll
0x00007ff98abf0000 - 0x00007ff98ac20000 	C:\WINDOWS\SYSTEM32\ncrypt.dll
0x00007ff98aba0000 - 0x00007ff98abdf000 	C:\WINDOWS\SYSTEM32\NTASN1.dll

dbghelp: loaded successfully - version: 4.0.5 - missing functions: none
symbol engine: initialized successfully - sym options: 0x614 - pdb path: .;C:\Program Files\Java\jdk-17\bin;C:\WINDOWS\SYSTEM32;C:\WINDOWS\WinSxS\amd64_microsoft.windows.common-controls_6595b64144ccf1df_6.0.26100.3037_none_3e09262ce333c378;C:\Program Files\Java\jdk-17\bin\server;C:\Program Files\JetBrains\IntelliJ IDEA 2023.3.2\bin

VM Arguments:
jvm_args: -XX:TieredStopAtLevel=1 -Dspring.output.ansi.enabled=always -Dcom.sun.management.jmxremote -Dspring.jmx.enabled=true -Dspring.liveBeansView.mbeanDomain -Dspring.application.admin.enabled=true -Dmanagement.endpoints.jmx.exposure.include=* -javaagent:C:\Program Files\JetBrains\IntelliJ IDEA 2023.3.2\lib\idea_rt.jar=59087:C:\Program Files\JetBrains\IntelliJ IDEA 2023.3.2\bin -Dfile.encoding=UTF-8 
java_command: org.etix.adapters.AdaptersApplication
java_class_path (initial): C:\Users\Samuel_PC\Desktop\KEBE\etix-backend\adapters\target\classes;C:\Users\Samuel_PC\.m2\repository\org\joinfaces\jsf-spring-boot-starter\5.2.2\jsf-spring-boot-starter-5.2.2.jar;C:\Users\Samuel_PC\.m2\repository\org\joinfaces\joinfaces-autoconfigure\5.2.2\joinfaces-autoconfigure-5.2.2.jar;C:\Users\Samuel_PC\.m2\repository\org\joinfaces\joinfaces\5.2.2\joinfaces-5.2.2.jar;C:\Users\Samuel_PC\.m2\repository\io\github\classgraph\classgraph\4.8.165\classgraph-4.8.165.jar;C:\Users\Samuel_PC\.m2\repository\org\springframework\boot\spring-boot-starter\3.3.4\spring-boot-starter-3.3.4.jar;C:\Users\Samuel_PC\.m2\repository\org\springframework\boot\spring-boot-starter-logging\3.3.4\spring-boot-starter-logging-3.3.4.jar;C:\Users\Samuel_PC\.m2\repository\ch\qos\logback\logback-classic\1.5.8\logback-classic-1.5.8.jar;C:\Users\Samuel_PC\.m2\repository\ch\qos\logback\logback-core\1.5.8\logback-core-1.5.8.jar;C:\Users\Samuel_PC\.m2\repository\org\apache\logging\log4j\log4j-to-slf4j\2.21.1\log4j-to-slf4j-2.21.1.jar;C:\Users\Samuel_PC\.m2\repository\org\apache\logging\log4j\log4j-api\2.21.1\log4j-api-2.21.1.jar;C:\Users\Samuel_PC\.m2\repository\org\slf4j\jul-to-slf4j\2.0.16\jul-to-slf4j-2.0.16.jar;C:\Users\Samuel_PC\.m2\repository\jakarta\annotation\jakarta.annotation-api\2.1.1\jakarta.annotation-api-2.1.1.jar;C:\Users\Samuel_PC\.m2\repository\org\yaml\snakeyaml\2.2\snakeyaml-2.2.jar;C:\Users\Samuel_PC\.m2\repository\org\springframework\spring-web\6.1.3\spring-web-6.1.3.jar;C:\Users\Samuel_PC\.m2\repository\io\micrometer\micrometer-observation\1.12.2\micrometer-observation-1.12.2.jar;C:\Users\Samuel_PC\.m2\repository\io\micrometer\micrometer-commons\1.12.2\micrometer-commons-1.12.2.jar;C:\Users\Samuel_PC\.m2\repository\org\springframework\boot\spring-boot-starter-tomcat\3.3.4\spring-boot-starter-tomcat-3.3.4.jar;C:\Users\Samuel_PC\.m2\repository\org\apache\tomcat\embed\tomcat-embed-core\10.1.30\tomcat-embed-core-10.1.30.jar;C:\Users\Samuel_PC\.m2\reposit
Launcher Type: SUN_STANDARD

[Global flags]
     intx CICompilerCount                          = 12                                        {product} {ergonomic}
     uint ConcGCThreads                            = 4                                         {product} {ergonomic}
     uint G1ConcRefinementThreads                  = 15                                        {product} {ergonomic}
   size_t G1HeapRegionSize                         = 4194304                                   {product} {ergonomic}
    uintx GCDrainStackTargetSize                   = 64                                        {product} {ergonomic}
   size_t InitialHeapSize                          = 532676608                                 {product} {ergonomic}
     bool ManagementServer                         = true                                      {product} {command line}
   size_t MarkStackSize                            = 4194304                                   {product} {ergonomic}
   size_t MaxHeapSize                              = 8510242816                                {product} {ergonomic}
   size_t MaxNewSize                               = 5104467968                                {product} {ergonomic}
   size_t MinHeapDeltaBytes                        = 4194304                                   {product} {ergonomic}
   size_t MinHeapSize                              = 8388608                                   {product} {ergonomic}
    uintx NonProfiledCodeHeapSize                  = 0                                      {pd product} {ergonomic}
     bool ProfileInterpreter                       = false                                  {pd product} {command line}
    uintx ProfiledCodeHeapSize                     = 0                                      {pd product} {ergonomic}
   size_t SoftMaxHeapSize                          = 8510242816                             {manageable} {ergonomic}
     intx TieredStopAtLevel                        = 1                                         {product} {command line}
     bool UseCompressedClassPointers               = true                           {product lp64_product} {ergonomic}
     bool UseCompressedOops                        = true                           {product lp64_product} {ergonomic}
     bool UseG1GC                                  = true                                      {product} {ergonomic}
     bool UseLargePagesIndividualAllocation        = false                                  {pd product} {ergonomic}

Logging:
Log output configuration:
 #0: stdout all=warning uptime,level,tags
 #1: stderr all=off uptime,level,tags

Environment Variables:
PATH=C:\src\flutter\bin;C:\Program Files\apache-maven-3.9.6\bin;C:\Program Files\Common Files\Oracle\Java\javapath;C:\WINDOWS\system32;C:\WINDOWS;C:\WINDOWS\System32\Wbem;C:\WINDOWS\System32\WindowsPowerShell\v1.0\;C:\WINDOWS\System32\OpenSSH\;C:\Program Files\Microsoft SQL Server\150\Tools\Binn\;C:\Program Files\Microsoft SQL Server\Client SDK\ODBC\170\Tools\Binn\;C:\Program Files\dotnet\;C:\Program Files (x86)\Windows Kits\10\Windows Performance Toolkit\;C:\Program Files\nodejs\;C:\Users\Samuel_PC\AppData\Local\Pub\Cache\bin;C:\Users\Samuel_PC\AppData\Local\Programs\Python\Launcher\;C:\Users\Samuel_PC\AppData\Local\Microsoft\WindowsApps;C:\Users\Samuel_PC\AppData\Local\Programs\Git\cmd;C:\Users\Samuel_PC\AppData\Roaming\npm;C:\Users\Samuel_PC\AppData\Local\Programs\Microsoft VS Code\bin;C:\xampp\php;C:\Users\Samuel_PC\composer;C:\Users\Samuel_PC\AppData\Roaming\Composer\vendor\bin;C:\Users\Samuel_PC\AppData\Local\ComposerSetup\bin;
USERNAME=Samuel_PC
OS=Windows_NT
PROCESSOR_IDENTIFIER=Intel64 Family 6 Model 151 Stepping 2, GenuineIntel



---------------  S Y S T E M  ---------------

OS:
 Windows 11 , 64 bit Build 26100 (10.0.26100.3037)
OS uptime: 1 days 4:24 hours
Hyper-V role detected

CPU: total 20 (initial active 20) (10 cores per cpu, 2 threads per core) family 6 model 151 stepping 2 microcode 0x37, cx8, cmov, fxsr, ht, mmx, 3dnowpref, sse, sse2, sse3, ssse3, sse4.1, sse4.2, popcnt, lzcnt, tsc, tscinvbit, avx, avx2, aes, erms, clmul, bmi1, bmi2, adx, sha, fma, vzeroupper, clflush, clflushopt, clwb, hv

Memory: 4k page, system-wide physical 32455M (13144M free)
TotalPageFile size 34503M (AvailPageFile size 8137M)
current process WorkingSet (physical memory assigned to process): 873M, peak: 873M
current process commit charge ("private bytes"): 951M, peak: 951M

vm_info: Java HotSpot(TM) 64-Bit Server VM (17.0.10+11-LTS-240) for windows-amd64 JRE (17.0.10+11-LTS-240), built on Dec 19 2023 21:47:25 by "mach5one" with MS VC++ 17.1 (VS2022)

END.
