#
# A fatal error has been detected by the Java Runtime Environment:
#
#  EXCEPTION_ACCESS_VIOLATION (0xc0000005) at pc=0x00007ff921b87100, pid=16636, tid=25280
#
# JRE version: Java(TM) SE Runtime Environment (17.0.10+11) (build 17.0.10+11-LTS-240)
# Java VM: Java HotSpot(TM) 64-Bit Server VM (17.0.10+11-LTS-240, mixed mode, emulated-client, sharing, tiered, compressed oops, compressed class ptrs, g1 gc, windows-amd64)
# Problematic frame:
# V  [jvm.dll+0x747100]
#
# No core dump will be written. Minidumps are not enabled by default on client versions of Windows
#
# If you would like to submit a bug report, please visit:
#   https://bugreport.java.com/bugreport/crash.jsp
#

---------------  S U M M A R Y ------------

Command Line: -XX:TieredStopAtLevel=1 -Dspring.output.ansi.enabled=always -Dcom.sun.management.jmxremote -Dspring.jmx.enabled=true -Dspring.liveBeansView.mbeanDomain -Dspring.application.admin.enabled=true -Dmanagement.endpoints.jmx.exposure.include=* -javaagent:C:\Program Files\JetBrains\IntelliJ IDEA 2023.3.2\lib\idea_rt.jar=59176:C:\Program Files\JetBrains\IntelliJ IDEA 2023.3.2\bin -Dfile.encoding=UTF-8 org.etix.adapters.AdaptersApplication

Host: 12th Gen Intel(R) Core(TM) i7-12700, 20 cores, 31G,  Windows 11 , 64 bit Build 26100 (10.0.26100.3037)
Time: Fri Feb 28 13:46:37 2025 Greenwich elapsed time: 0.383042 seconds (0d 0h 0m 0s)

---------------  T H R E A D  ---------------

Current thread (0x000001ba193f38a0):  JavaThread "main" [_thread_in_vm, id=25280, stack(0x000000365bf00000,0x000000365c000000)]

Stack: [0x000000365bf00000,0x000000365c000000],  sp=0x000000365bff9ea0,  free space=999k
Native frames: (J=compiled Java code, j=interpreted, Vv=VM code, C=native code)
V  [jvm.dll+0x747100]
V  [jvm.dll+0x748fbd]
V  [jvm.dll+0x748efc]
V  [jvm.dll+0x1e5e62]
V  [jvm.dll+0x1e4b2f]
V  [jvm.dll+0x1e9d90]
V  [jvm.dll+0x1dfa01]
V  [jvm.dll+0x53d58c]
V  [jvm.dll+0x1f031a]
V  [jvm.dll+0x75284d]
V  [jvm.dll+0x753c46]
V  [jvm.dll+0x4129e5]
C  [java.dll+0x1a55]

Java frames: (J=compiled Java code, j=interpreted, Vv=VM code)
J 1096  java.lang.ClassLoader.findBootstrapClass(Ljava/lang/String;)Ljava/lang/Class; java.base@17.0.10 (0 bytes) @ 0x000001ba210d727a [0x000001ba210d7220+0x000000000000005a]
J 1101 c1 jdk.internal.loader.ClassLoaders$BootClassLoader.loadClassOrNull(Ljava/lang/String;Z)Ljava/lang/Class; java.base@17.0.10 (10 bytes) @ 0x000001ba210da8a4 [0x000001ba210da840+0x0000000000000064]
J 979 c1 jdk.internal.loader.BuiltinClassLoader.loadClassOrNull(Ljava/lang/String;Z)Ljava/lang/Class; java.base@17.0.10 (143 bytes) @ 0x000001ba210a3024 [0x000001ba210a2c80+0x00000000000003a4]
J 1099 c1 jdk.internal.loader.ClassLoaders$AppClassLoader.loadClass(Ljava/lang/String;Z)Ljava/lang/Class; java.base@17.0.10 (40 bytes) @ 0x000001ba210dad2c [0x000001ba210dabe0+0x000000000000014c]
J 1098 c1 java.lang.ClassLoader.loadClass(Ljava/lang/String;)Ljava/lang/Class; java.base@17.0.10 (7 bytes) @ 0x000001ba210da164 [0x000001ba210da120+0x0000000000000044]
v  ~StubRoutines::call_stub
j  org.springframework.core.io.support.SpringFactoriesLoader.loadFactoriesResource(Ljava/lang/ClassLoader;Ljava/lang/String;)Ljava/util/Map;+23
j  org.springframework.core.io.support.SpringFactoriesLoader.lambda$forResourceLocation$2(Ljava/lang/ClassLoader;Ljava/lang/ClassLoader;Ljava/lang/String;Ljava/lang/String;)Lorg/springframework/core/io/support/SpringFactoriesLoader;+7
j  org.springframework.core.io.support.SpringFactoriesLoader$$Lambda$103+0x000001ba3c0e1be0.apply(Ljava/lang/Object;)Ljava/lang/Object;+16
j  java.util.concurrent.ConcurrentMap.computeIfAbsent(Ljava/lang/Object;Ljava/util/function/Function;)Ljava/lang/Object;+19 java.base@17.0.10
j  org.springframework.core.io.support.SpringFactoriesLoader.forResourceLocation(Ljava/lang/String;Ljava/lang/ClassLoader;)Lorg/springframework/core/io/support/SpringFactoriesLoader;+48
j  org.springframework.core.io.support.SpringFactoriesLoader.forDefaultResourceLocation(Ljava/lang/ClassLoader;)Lorg/springframework/core/io/support/SpringFactoriesLoader;+3
j  org.springframework.boot.SpringApplication.getSpringFactoriesInstances(Ljava/lang/Class;Lorg/springframework/core/io/support/SpringFactoriesLoader$ArgumentResolver;)Ljava/util/List;+4
j  org.springframework.boot.SpringApplication.getSpringFactoriesInstances(Ljava/lang/Class;)Ljava/util/List;+3
j  org.springframework.boot.SpringApplication.<init>(Lorg/springframework/core/io/ResourceLoader;[Ljava/lang/Class;)V+119
j  org.springframework.boot.SpringApplication.<init>([Ljava/lang/Class;)V+3
j  org.springframework.boot.SpringApplication.run([Ljava/lang/Class;[Ljava/lang/String;)Lorg/springframework/context/ConfigurableApplicationContext;+5
j  org.springframework.boot.SpringApplication.run(Ljava/lang/Class;[Ljava/lang/String;)Lorg/springframework/context/ConfigurableApplicationContext;+9
j  org.etix.adapters.AdaptersApplication.main([Ljava/lang/String;)V+3
v  ~StubRoutines::call_stub

siginfo: EXCEPTION_ACCESS_VIOLATION (0xc0000005), reading address 0x0000000000800008


Registers:
RAX=0x0000000000000000, RBX=0x0000000000800000, RCX=0x0000000000000008, RDX=0x000000007498fe14
RSP=0x000000365bff9ea0, RBP=0x000001ba374ac250, RSI=0x0000000000000001, RDI=0x000001ba37d1f308
R8 =0x0000000000000000, R9 =0x000000365bff9f60, R10=0x00007ff921440000, R11=0x00007ff94c9f1b55
R12=0x0000000000000000, R13=0x000000365bff9f60, R14=0x000000365bff9f20, R15=0x000001ba193f38a0
RIP=0x00007ff921b87100, EFLAGS=0x0000000000010206


Register to memory mapping:

RIP=0x00007ff921b87100 jvm.dll
RAX=0x0 is NULL
RBX=0x0000000000800000 is an unknown value
RCX=0x0000000000000008 is an unknown value
RDX=0x000000007498fe14 is an unknown value
RSP=0x000000365bff9ea0 is pointing into the stack for thread: 0x000001ba193f38a0
RBP=0x000001ba374ac250 points into unknown readable memory: 0x0000000000000000 | 00 00 00 00 00 00 00 00
RSI=0x0000000000000001 is an unknown value
RDI=0x000001ba37d1f308 points into unknown readable memory: 0x0000000000000000 | 00 00 00 00 00 00 00 00
R8 =0x0 is NULL
R9 =0x000000365bff9f60 is pointing into the stack for thread: 0x000001ba193f38a0
R10=0x00007ff921440000 jvm.dll
R11=0x00007ff94c9f1b55 VCRUNTIME140.dll
R12=0x0 is NULL
R13=0x000000365bff9f60 is pointing into the stack for thread: 0x000001ba193f38a0
R14=0x000000365bff9f20 is pointing into the stack for thread: 0x000001ba193f38a0
R15=0x000001ba193f38a0 is a thread


Top of Stack: (sp=0x000000365bff9ea0)
0x000000365bff9ea0:   0000000000000000 00007ff98b459ec1
0x000000365bff9eb0:   0000000000000000 0000000000000000
0x000000365bff9ec0:   000001ba1703a9e8 000000007498fe14
0x000000365bff9ed0:   0000000000000008 0000000000000043
0x000000365bff9ee0:   0000000000000008 00007ff921b88fbd
0x000000365bff9ef0:   000000365bffa0a0 000001ba1703a9d0
0x000000365bff9f00:   000001ba00478ff2 0000000000000008
0x000000365bff9f10:   000000365bff9f68 000001ba1703a9e8
0x000000365bff9f20:   000000007498fe14 00007ff900000008
0x000000365bff9f30:   000001ba00478ff2 000000365bffa090
0x000000365bff9f40:   0000000000000008 000001ba00478ff2
0x000000365bff9f50:   000000365bffa090 00007ff921b88efc
0x000000365bff9f60:   0000000000000000 000001ba00478f00
0x000000365bff9f70:   000000007498fe14 000000365bffa080
0x000000365bff9f80:   000000365bffa430 00007ff921625e62
0x000000365bff9f90:   000001ba193f38a0 000001ba7c50aad8 

Instructions: (pc=0x00007ff921b87100)
0x00007ff921b87000:   1d f2 ff 48 8b 6c 24 48 90 48 8b 7c 24 50 48 3b
0x00007ff921b87010:   f5 0f 82 b9 fd ff ff 4c 8b b4 24 b8 08 00 00 49
0x00007ff921b87020:   89 9d f8 00 00 00 48 8b 8c 24 60 08 00 00 48 33
0x00007ff921b87030:   cc e8 5a e6 0e 00 48 81 c4 70 08 00 00 41 5f 41
0x00007ff921b87040:   5d 41 5c 5f 5e 5d 5b c3 cc cc cc cc cc cc cc cc
0x00007ff921b87050:   41 54 41 55 41 57 48 83 ec 30 4c 8b a2 f8 00 00
0x00007ff921b87060:   00 4d 8b e9 48 89 5c 24 58 4c 8b fa 48 89 6c 24
0x00007ff921b87070:   60 48 8b e9 48 89 74 24 68 49 8b c4 4c 89 74 24
0x00007ff921b87080:   20 4d 8b f0 41 f6 c4 01 75 0b 48 8b 05 af 0c 3c
0x00007ff921b87090:   00 48 83 c8 01 48 89 82 f8 00 00 00 e8 4f 1d f2
0x00007ff921b870a0:   ff 90 45 33 c0 48 8b 45 48 48 85 c0 74 0d 4c 89
0x00007ff921b870b0:   45 48 e8 39 1d f2 ff 45 33 c0 90 48 8b 45 08 49
0x00007ff921b870c0:   8b 16 48 8b 48 18 48 8b 00 48 23 ca 48 8d 1c c8
0x00007ff921b870d0:   48 8b 04 c8 d0 e8 a8 01 74 12 48 8b 45 10 48 8b
0x00007ff921b870e0:   48 18 48 8b 00 48 23 ca 48 8d 1c c8 48 8b 1b 49
0x00007ff921b870f0:   8b f0 48 83 e3 fc 74 4f 48 89 7c 24 28 0f 1f 00
0x00007ff921b87100:   48 8b 7b 08 48 ff c6 49 63 4e 08 0f b7 47 04 3b
0x00007ff921b87110:   c1 75 22 49 8b 56 10 4c 8b c1 48 8d 4f 06 e8 a7
0x00007ff921b87120:   f6 0e 00 85 c0 75 0e 48 8b cf e8 a1 f8 ff ff 84
0x00007ff921b87130:   c0 75 0c eb 02 8b 07 48 8b 1b 48 85 db 75 c1 48
0x00007ff921b87140:   8b 7c 24 28 45 33 c0 48 8b 54 24 70 48 8d 4b 08
0x00007ff921b87150:   4c 8b 74 24 20 48 85 db 48 8b 5c 24 58 49 0f 44
0x00007ff921b87160:   c8 48 85 d2 74 09 48 3b 75 28 0f 97 c0 88 02 48
0x00007ff921b87170:   8b 74 24 68 48 8b 6c 24 60 48 85 c9 74 1b 48 8b
0x00007ff921b87180:   01 49 89 45 00 b0 01 4d 89 a7 f8 00 00 00 48 83
0x00007ff921b87190:   c4 30 41 5f 41 5d 41 5c c3 32 c0 4d 89 a7 f8 00
0x00007ff921b871a0:   00 00 48 83 c4 30 41 5f 41 5d 41 5c c3 cc cc cc
0x00007ff921b871b0:   4c 89 44 24 18 48 89 54 24 10 48 89 4c 24 08 53
0x00007ff921b871c0:   55 56 57 41 54 41 55 41 56 41 57 48 83 ec 48 4d
0x00007ff921b871d0:   8b 20 40 32 ed 33 c0 4c 89 64 24 20 48 89 84 24
0x00007ff921b871e0:   a8 00 00 00 49 8b d9 b8 01 00 00 00 4c 8b fa 4c
0x00007ff921b871f0:   8b f1 f0 48 0f c1 05 25 25 3e 00 45 33 c0 41 8d 


Stack slot to memory mapping:
stack at sp + 0 slots: 0x0 is NULL
stack at sp + 1 slots: 0x00007ff98b459ec1 ucrtbase.dll
stack at sp + 2 slots: 0x0 is NULL
stack at sp + 3 slots: 0x0 is NULL
stack at sp + 4 slots: 0x000001ba1703a9e8 points into unknown readable memory: 0x0000000000000000 | 00 00 00 00 00 00 00 00
stack at sp + 5 slots: 0x000000007498fe14 is an unknown value
stack at sp + 6 slots: 0x0000000000000008 is an unknown value
stack at sp + 7 slots: 0x0000000000000043 is an unknown value


Compiled method (n/a)     413 1096     n 0       java.lang.ClassLoader::findBootstrapClass (native)
 total in heap  [0x000001ba210d7090,0x000001ba210d7500] = 1136
 relocation     [0x000001ba210d71e8,0x000001ba210d7220] = 56
 main code      [0x000001ba210d7220,0x000001ba210d7500] = 736

[Constant Pool (empty)]

[MachCode]
[Entry Point]
  # {method} {0x000001ba3b011028} 'findBootstrapClass' '(Ljava/lang/String;)Ljava/lang/Class;' in 'java/lang/ClassLoader'
  # parm0:    rdx:rdx   = 'java/lang/String'
  #           [sp+0x70]  (sp of caller)
  0x000001ba210d7220: 448b 5208 | 49bb 0000 | 003b ba01 | 0000 4d03 | d349 3bc2 | 0f84 0600 

  0x000001ba210d7238: ;   {runtime_call ic_miss_stub}
  0x000001ba210d7238: 0000 e941 | 58c0 ff90 
[Verified Entry Point]
  0x000001ba210d7240: 8984 2400 | 90ff ff55 | 488b ec48 | 83ec 6048 | 8954 2420 | 4883 fa00 | 4c8d 4424 | 204c 0f44 
  0x000001ba210d7260: ;   {oop(a 'java/lang/Class'{0x00000006244013f8} = 'java/lang/ClassLoader')}
  0x000001ba210d7260: 4424 2049 | bef8 1340 | 2406 0000 | 004c 8974 | 2450 4c8d | 7424 5049 | 8bd6 c5f8 

  0x000001ba210d727c: ;   {internal_word}
  0x000001ba210d727c: 7749 ba7a | 720d 21ba | 0100 004d | 8997 9802 | 0000 4989 | a790 0200 

  0x000001ba210d7294: ;   {external_word}
  0x000001ba210d7294: 0049 bae3 | 80f4 21f9 | 7f00 0041 | 803a 000f | 844e 0000 | 0052 4150 

  0x000001ba210d72ac: ;   {metadata({method} {0x000001ba3b011028} 'findBootstrapClass' '(Ljava/lang/String;)Ljava/lang/Class;' in 'java/lang/ClassLoader')}
  0x000001ba210d72ac: 48ba 2010 | 013b ba01 | 0000 498b | cf48 83ec | 20f7 c40f | 0000 000f | 841a 0000 | 0048 83ec 
  0x000001ba210d72cc: ;   {runtime_call}
  0x000001ba210d72cc: 0849 ba00 | d6b1 21f9 | 7f00 0041 | ffd2 4883 | c408 e90d 

  0x000001ba210d72e0: ;   {runtime_call}
  0x000001ba210d72e0: 0000 0049 | ba00 d6b1 | 21f9 7f00 | 0041 ffd2 | 4883 c420 | 4158 5a49 | 8d8f b002 | 0000 41c7 
  0x000001ba210d7300: 8740 0300 | 0004 0000 

  0x000001ba210d7308: ;   {runtime_call}
  0x000001ba210d7308: 0049 bad8 | 1973 4cf9 | 7f00 0041 | ffd2 c5f8 | 7741 c787 | 4003 0000 | 0500 0000 | f083 4424 
  0x000001ba210d7328: c000 493b | af48 0300 | 000f 8711 | 0000 0041 | 81bf 3003 | 0000 0000 | 0000 0f84 | 2c00 0000 
  0x000001ba210d7348: c5f8 7748 | 8945 f849 | 8bcf 4c8b | e448 83ec | 2048 83e4 

  0x000001ba210d735c: ;   {runtime_call}
  0x000001ba210d735c: f049 ba40 | 8dbc 21f9 | 7f00 0041 | ffd2 498b | e44d 33e4 | 488b 45f8 | 41c7 8740 | 0300 0008 
  0x000001ba210d737c: 0000 0041 | 81bf b003 | 0000 0200 | 0000 0f84 | 3f01 0000 

  0x000001ba210d7390: ;   {external_word}
  0x000001ba210d7390: 49ba e380 | f421 f97f | 0000 4180 | 3a00 0f84 | 5000 0000 | 4889 45f8 

  0x000001ba210d73a8: ;   {metadata({method} {0x000001ba3b011028} 'findBootstrapClass' '(Ljava/lang/String;)Ljava/lang/Class;' in 'java/lang/ClassLoader')}
  0x000001ba210d73a8: 48ba 2010 | 013b ba01 | 0000 498b | cf48 83ec | 20f7 c40f | 0000 000f | 841a 0000 | 0048 83ec 
  0x000001ba210d73c8: ;   {runtime_call}
  0x000001ba210d73c8: 0849 ba00 | d6b1 21f9 | 7f00 0041 | ffd2 4883 | c408 e90d 

  0x000001ba210d73dc: ;   {runtime_call}
  0x000001ba210d73dc: 0000 0049 | ba00 d6b1 | 21f9 7f00 | 0041 ffd2 | 4883 c420 | 488b 45f8 | 49c7 8790 | 0200 0000 
  0x000001ba210d73fc: 0000 0049 | c787 9802 | 0000 0000 | 0000 c5f8 | 7748 85c0 | 0f84 9300 | 0000 48f7 | c001 0000 
  0x000001ba210d741c: 000f 8483 | 0000 0048 | 8b40 ff41 | 807f 3800 | 0f84 6f00 | 0000 4883 | f800 0f84 | 6500 0000 
  0x000001ba210d743c: 498b 4f20 | 4883 f900 | 0f84 1400 | 0000 4883 | e908 4989 | 4f20 4903 | 4f30 4889 | 01e9 4300 
  0x000001ba210d745c: 0000 5049 | 8bd7 488b | c848 83ec | 20f7 c40f | 0000 000f | 841a 0000 | 0048 83ec 

  0x000001ba210d7478: ;   {runtime_call}
  0x000001ba210d7478: 0849 ba30 | 0971 21f9 | 7f00 0041 | ffd2 4883 | c408 e90d 

  0x000001ba210d748c: ;   {runtime_call}
  0x000001ba210d748c: 0000 0049 | ba30 0971 | 21f9 7f00 | 0041 ffd2 | 4883 c420 | 58e9 0300 | 0000 488b | 0049 8b8f 
  0x000001ba210d74ac: d800 0000 | c781 0001 | 0000 0000 | 0000 c949 | 817f 0800 | 0000 000f | 8501 0000 

  0x000001ba210d74c8: ;   {runtime_call StubRoutines (1)}
  0x000001ba210d74c8: 00c3 e931 | 9abb ffc5 | f877 4889 | 45f8 4c8b | e448 83ec | 2048 83e4 

  0x000001ba210d74e0: ;   {runtime_call}
  0x000001ba210d74e0: f049 baa0 | 06b2 21f9 | 7f00 0041 | ffd2 498b | e44d 33e4 | 488b 45f8 | e993 feff | fff4 f4f4 
[/MachCode]


Compiled method (c1)     421 1101       1       jdk.internal.loader.ClassLoaders$BootClassLoader::loadClassOrNull (10 bytes)
 total in heap  [0x000001ba210da690,0x000001ba210da9e8] = 856
 relocation     [0x000001ba210da7e8,0x000001ba210da828] = 64
 main code      [0x000001ba210da840,0x000001ba210da900] = 192
 stub code      [0x000001ba210da900,0x000001ba210da958] = 88
 metadata       [0x000001ba210da958,0x000001ba210da970] = 24
 scopes data    [0x000001ba210da970,0x000001ba210da9a0] = 48
 scopes pcs     [0x000001ba210da9a0,0x000001ba210da9e0] = 64
 dependencies   [0x000001ba210da9e0,0x000001ba210da9e8] = 8

[Constant Pool (empty)]

[MachCode]
[Entry Point]
  # {method} {0x000001ba3b1975b8} 'loadClassOrNull' '(Ljava/lang/String;Z)Ljava/lang/Class;' in 'jdk/internal/loader/ClassLoaders$BootClassLoader'
  # this:     rdx:rdx   = 'jdk/internal/loader/ClassLoaders$BootClassLoader'
  # parm0:    r8:r8     = 'java/lang/String'
  # parm1:    r9        = boolean
  #           [sp+0x60]  (sp of caller)
  0x000001ba210da840: 448b 5208 | 49bb 0000 | 003b ba01 | 0000 4d03 | d34c 3bd0 

  0x000001ba210da854: ;   {runtime_call ic_miss_stub}
  0x000001ba210da854: 0f85 2622 | c0ff 660f | 1f44 0000 
[Verified Entry Point]
  0x000001ba210da860: 8984 2400 | 90ff ff55 | 4883 ec50 | 498b d04c | 8944 2438 

  0x000001ba210da874: ;   {static_call}
  0x000001ba210da874: 6666 90e8 

  0x000001ba210da878: ; ImmutableOopMap {[56]=Oop }
                      ;*invokestatic checkName {reexecute=0 rethrow=0 return_oop=0}
                      ; - java.lang.ClassLoader::findBootstrapClassOrNull@1 (line 1260)
                      ; - java.lang.System$2::findBootstrapClassOrNull@1 (line 2314)
                      ; - jdk.internal.loader.ClassLoaders$BootClassLoader::loadClassOrNull@4 (line 140)
  0x000001ba210da878: 64ad faff | 83f8 000f | 850f 0000 

  0x000001ba210da884: ;   {oop(NULL)}
  0x000001ba210da884: 0048 be00 | 0000 0000 | 0000 00e9 | 1300 0000 | 4c8b 4424 | 3849 8bd0 

  0x000001ba210da89c: ;   {static_call}
  0x000001ba210da89c: 6666 90e8 

  0x000001ba210da8a0: ; ImmutableOopMap {}
                      ;*invokestatic findBootstrapClass {reexecute=0 rethrow=0 return_oop=0}
                      ; - java.lang.ClassLoader::findBootstrapClassOrNull@10 (line 1262)
                      ; - java.lang.System$2::findBootstrapClassOrNull@1 (line 2314)
                      ; - jdk.internal.loader.ClassLoaders$BootClassLoader::loadClassOrNull@4 (line 140)
  0x000001ba210da8a0: 9cc9 ffff | 488b f048 | 8bc6 4883 

  0x000001ba210da8ac: ;   {poll_return}
  0x000001ba210da8ac: c450 5d49 | 3ba7 4803 | 0000 0f87 | 0100 0000 

  0x000001ba210da8bc: ;   {internal_word}
  0x000001ba210da8bc: c349 baaf | a80d 21ba | 0100 004d | 8997 6003 

  0x000001ba210da8cc: ;   {runtime_call SafepointBlob}
  0x000001ba210da8cc: 0000 e92d | 8bc0 ff90 | 9049 8b87 | d803 0000 | 49c7 87d8 | 0300 0000 | 0000 0049 | c787 e003 
  0x000001ba210da8ec: 0000 0000 | 0000 4883 

  0x000001ba210da8f4: ;   {runtime_call unwind_exception Runtime1 stub}
  0x000001ba210da8f4: c450 5de9 | 0472 caff | f4f4 f4f4 
[Stub Code]
  0x000001ba210da900: ;   {no_reloc}
  0x000001ba210da900: 0f1f 4400 

  0x000001ba210da904: ;   {static_stub}
  0x000001ba210da904: 0048 bb00 | 0000 0000 

  0x000001ba210da90c: ;   {runtime_call}
  0x000001ba210da90c: 0000 00e9 | fbff ffff 

  0x000001ba210da914: ;   {static_stub}
  0x000001ba210da914: 9048 bb00 | 0000 0000 

  0x000001ba210da91c: ;   {runtime_call}
  0x000001ba210da91c: 0000 00e9 | fbff ffff 
[Exception Handler]
  0x000001ba210da924: ;   {runtime_call handle_exception_from_callee Runtime1 stub}
  0x000001ba210da924: e8d7 aaca 

  0x000001ba210da928: ;   {external_word}
  0x000001ba210da928: ff48 b9a0 | e0d0 21f9 | 7f00 0048 

  0x000001ba210da934: ;   {runtime_call}
  0x000001ba210da934: 83e4 f049 | bae0 da9e | 21f9 7f00 | 0041 ffd2 

  0x000001ba210da944: ;   {section_word}
  0x000001ba210da944: f449 ba45 | a90d 21ba | 0100 0041 

  0x000001ba210da950: ;   {runtime_call DeoptimizationBlob}
  0x000001ba210da950: 52e9 4a7d | c0ff f4f4 
[/MachCode]


Compiled method (c1)     426  979   !   1       jdk.internal.loader.BuiltinClassLoader::loadClassOrNull (143 bytes)
 total in heap  [0x000001ba210a2a10,0x000001ba210a3b88] = 4472
 relocation     [0x000001ba210a2b68,0x000001ba210a2c78] = 272
 main code      [0x000001ba210a2c80,0x000001ba210a3340] = 1728
 stub code      [0x000001ba210a3340,0x000001ba210a3458] = 280
 metadata       [0x000001ba210a3458,0x000001ba210a34e0] = 136
 scopes data    [0x000001ba210a34e0,0x000001ba210a3728] = 584
 scopes pcs     [0x000001ba210a3728,0x000001ba210a3908] = 480
 dependencies   [0x000001ba210a3908,0x000001ba210a3920] = 24
 handler table  [0x000001ba210a3920,0x000001ba210a3b48] = 552
 nul chk table  [0x000001ba210a3b48,0x000001ba210a3b88] = 64

[Constant Pool (empty)]

[MachCode]
[Entry Point]
  # {method} {0x000001ba3b08d818} 'loadClassOrNull' '(Ljava/lang/String;Z)Ljava/lang/Class;' in 'jdk/internal/loader/BuiltinClassLoader'
  # this:     rdx:rdx   = 'jdk/internal/loader/BuiltinClassLoader'
  # parm0:    r8:r8     = 'java/lang/String'
  # parm1:    r9        = boolean
  #           [sp+0x110]  (sp of caller)
  0x000001ba210a2c80: 448b 5208 | 49bb 0000 | 003b ba01 | 0000 4d03 | d34c 3bd0 

  0x000001ba210a2c94: ;   {runtime_call ic_miss_stub}
  0x000001ba210a2c94: 0f85 e69d | c3ff 660f | 1f44 0000 
[Verified Entry Point]
  0x000001ba210a2ca0: 8984 2400 | 90ff ff55 | 4881 ec00 | 0100 0048 | 8994 24a0 | 0000 004c | 8984 2498 | 0000 008b 
  0x000001ba210a2cc0: 5a28 48c1 | e303 4883 | fb00 0f85 | 1000 0000 | 488b f244 | 898c 24a8 | 0000 00e9 | 9900 0000 
  0x000001ba210a2ce0: 4489 8c24 | a800 0000 

  0x000001ba210a2ce8: ;   {metadata('java/lang/Object')}
  0x000001ba210a2ce8: 48ba 580d | 003b ba01 | 0000 498b | 8708 0100 | 0048 8d78 | 1049 3bbf | 1801 0000 | 0f87 3b05 
  0x000001ba210a2d08: 0000 4989 | bf08 0100 | 0048 c700 | 0100 0000 | 488b ca49 | ba00 0000 | 3bba 0100 | 0049 2bca 
  0x000001ba210a2d28: 8948 0848 | 33c9 8948 | 0c48 33c9 

  0x000001ba210a2d34: ; implicit exception: dispatches to 0x000001ba210a3252
  0x000001ba210a2d34: 483b 0349 | 8bf0 4c8b | c64c 8bc8 | bf01 0000 | 0048 8bd3 | 4889 8424 | 9000 0000 | 0f1f 8000 
  0x000001ba210a2d54: ;   {optimized virtual_call}
  0x000001ba210a2d54: 0000 00e8 

  0x000001ba210a2d58: ; ImmutableOopMap {[152]=Oop [144]=Oop [160]=Oop }
                      ;*invokevirtual putVal {reexecute=0 rethrow=0 return_oop=0}
                      ; - java.util.concurrent.ConcurrentHashMap::putIfAbsent@4 (line 1541)
                      ; - java.lang.ClassLoader::getClassLoadingLock@23 (line 666)
                      ; - jdk.internal.loader.BuiltinClassLoader::loadClassOrNull@2 (line 651)
  0x000001ba210a2d58: 64f6 d8ff | 4883 f800 | 0f84 0800 | 0000 488b | f0e9 0b00 | 0000 488b | 8424 9000 | 0000 488b 
  0x000001ba210a2d78: f048 8d94 | 24e0 0000 | 0048 8972 | 0848 8b06 | 4883 c801 | 4889 02f0 | 480f b116 | 0f84 1300 
  0x000001ba210a2d98: 0000 482b | c448 81e0 | 07f0 ffff | 4889 020f | 85af 0400 | 0048 8b94 | 2498 0000 | 0048 89b4 
  0x000001ba210a2db8: 24b0 0000 

  0x000001ba210a2dbc: ;   {static_call}
  0x000001ba210a2dbc: 0066 90e8 

  0x000001ba210a2dc0: ; ImmutableOopMap {[152]=Oop [160]=Oop [176]=Oop [232]=Oop }
                      ;*invokestatic checkName {reexecute=0 rethrow=0 return_oop=0}
                      ; - java.lang.ClassLoader::findLoadedClass@1 (line 1283)
                      ; - jdk.internal.loader.BuiltinClassLoader::loadClassOrNull@10 (line 653)
  0x000001ba210a2dc0: 1c28 feff | 83f8 000f | 850f 0000 

  0x000001ba210a2dcc: ;   {oop(NULL)}
  0x000001ba210a2dcc: 0048 be00 | 0000 0000 | 0000 00e9 | 1b00 0000 | 4c8b 8424 | 9800 0000 | 488b 9424 | a000 0000 
  0x000001ba210a2dec: ;   {optimized virtual_call}
  0x000001ba210a2dec: 6666 90e8 

  0x000001ba210a2df0: ; ImmutableOopMap {[152]=Oop [160]=Oop [176]=Oop [232]=Oop }
                      ;*invokevirtual findLoadedClass0 {reexecute=0 rethrow=0 return_oop=0}
                      ; - java.lang.ClassLoader::findLoadedClass@11 (line 1285)
                      ; - jdk.internal.loader.BuiltinClassLoader::loadClassOrNull@10 (line 653)
  0x000001ba210a2df0: cce8 ffff | 488b f048 | 83fe 000f | 8506 0300 | 0048 89b4 | 24b8 0000 | 004c 8b84 | 2498 0000 
  0x000001ba210a2e10: 0041 8b48 | 1448 c1e1 | 0344 8b49 | 0c41 0fbe | 4810 c1e1 | 18c1 f918 | 41d3 f941 | ffc9 498b 
  0x000001ba210a2e30: f841 b82e | 0000 0048 | 8bd7 0f1f 

  0x000001ba210a2e3c: ;   {optimized virtual_call}
  0x000001ba210a2e3c: 4400 00e8 

  0x000001ba210a2e40: ; ImmutableOopMap {[176]=Oop [160]=Oop [152]=Oop [184]=Oop [232]=Oop }
                      ;*invokevirtual lastIndexOf {reexecute=0 rethrow=0 return_oop=0}
                      ; - java.lang.String::lastIndexOf@8 (line 2453)
                      ; - jdk.internal.loader.BuiltinClassLoader::findLoadedModule@3 (line 709)
                      ; - jdk.internal.loader.BuiltinClassLoader::loadClassOrNull@22 (line 658)
  0x000001ba210a2e40: 1cbb e7ff | 83f8 000f | 8d0f 0000 

  0x000001ba210a2e4c: ;   {oop(NULL)}
  0x000001ba210a2e4c: 0048 be00 | 0000 0000 | 0000 00e9 | 6900 0000 | 41b8 0000 | 0000 4c8b | c848 8b94 | 2498 0000 
  0x000001ba210a2e6c: ;   {optimized virtual_call}
  0x000001ba210a2e6c: 0066 90e8 

  0x000001ba210a2e70: ; ImmutableOopMap {[176]=Oop [160]=Oop [152]=Oop [184]=Oop [232]=Oop }
                      ;*invokevirtual substring {reexecute=0 rethrow=0 return_oop=0}
                      ; - jdk.internal.loader.BuiltinClassLoader::findLoadedModule@16 (line 713)
                      ; - jdk.internal.loader.BuiltinClassLoader::loadClassOrNull@22 (line 658)
  0x000001ba210a2e70: 0c9f e3ff 

  0x000001ba210a2e74: ;   {oop(a 'java/util/concurrent/ConcurrentHashMap'{0x000000062445a098})}
  0x000001ba210a2e74: 4c8b c048 | ba98 a045 | 2406 0000 | 0066 0f1f 

  0x000001ba210a2e84: ;   {optimized virtual_call}
  0x000001ba210a2e84: 4400 00e8 

  0x000001ba210a2e88: ; ImmutableOopMap {[176]=Oop [160]=Oop [152]=Oop [184]=Oop [232]=Oop }
                      ;*invokeinterface get {reexecute=0 rethrow=0 return_oop=0}
                      ; - jdk.internal.loader.BuiltinClassLoader::findLoadedModule@24 (line 714)
                      ; - jdk.internal.loader.BuiltinClassLoader::loadClassOrNull@22 (line 658)
  0x000001ba210a2e88: 94a3 d9ff | 4883 f800 | 0f84 2900 

  0x000001ba210a2e94: ;   {metadata('jdk/internal/loader/BuiltinClassLoader$LoadedModule')}
  0x000001ba210a2e94: 0000 48be | e806 173b | ba01 0000 | 448b 4808 | 49ba 0000 | 003b ba01 | 0000 4d03 | ca49 3bf1 
  0x000001ba210a2eb4: 0f85 bf03 | 0000 e900 | 0000 004c | 8bc0 498b | f048 83fe | 0048 8b94 | 24a0 0000 | 000f 8455 
  0x000001ba210a2ed4: 0100 008b | 7e0c 48c1 | e703 483b | fa0f 8516 

  0x000001ba210a2ee4: ;   {oop(a 'java/lang/Class'{0x000000062447ae30} = 'jdk/internal/misc/VM')}
  0x000001ba210a2ee4: 0100 0049 | b830 ae47 | 2406 0000 | 0045 8b80 | 9400 0000 | 4183 f802 | 41b8 0000 | 0000 0f8c 
  0x000001ba210a2f04: 0600 0000 | 41b8 0100 | 0000 4183 | e001 4183 | f800 0f85 | 0d00 0000 | 488b b424 | b800 0000 
  0x000001ba210a2f24: e9de 0100 

  0x000001ba210a2f28: ;   {oop(a 'java/lang/Class'{0x00000006244015b0} = 'java/lang/System')}
  0x000001ba210a2f28: 0049 b8b0 | 1540 2406 | 0000 0045 | 8b40 7c49 | c1e0 0349 | 83f8 000f | 851c 0000 | 004c 8b84 
  0x000001ba210a2f48: 2498 0000 | 004c 8bce | 488b f248 

  0x000001ba210a2f54: ;   {optimized virtual_call}
  0x000001ba210a2f54: 8bd6 90e8 

  0x000001ba210a2f58: ; ImmutableOopMap {[176]=Oop [160]=Oop [232]=Oop }
                      ;*invokevirtual defineClass {reexecute=0 rethrow=0 return_oop=0}
                      ; - jdk.internal.loader.BuiltinClassLoader::findClassInModuleOrNull@9 (line 741)
                      ; - jdk.internal.loader.BuiltinClassLoader::loadClassOrNull@55 (line 665)
  0x000001ba210a2f58: 249e c3ff | e994 0000 | 000f 1f80 | 0000 0000 

  0x000001ba210a2f68: ;   {no_reloc}
  0x000001ba210a2f68: e929 0300 | 0090 9090 | 9090 488b | 9424 a000 | 0000 4c8b | 8424 9800 | 0000 4c8b 

  0x000001ba210a2f84: ;   {static_call}
  0x000001ba210a2f84: ce66 90e8 

  0x000001ba210a2f88: ; ImmutableOopMap {[176]=Oop [160]=Oop [232]=Oop }
                      ;*invokedynamic {reexecute=0 rethrow=0 return_oop=0}
                      ; - jdk.internal.loader.BuiltinClassLoader::findClassInModuleOrNull@16 (line 743)
                      ; - jdk.internal.loader.BuiltinClassLoader::loadClassOrNull@55 (line 665)
  0x000001ba210a2f88: f4a3 c3ff | 4889 8424 | c000 0000 

  0x000001ba210a2f94: ;   {static_call}
  0x000001ba210a2f94: 6666 90e8 

  0x000001ba210a2f98: ; ImmutableOopMap {[176]=Oop [160]=Oop [192]=Oop [232]=Oop }
                      ;*invokestatic getCallerClass {reexecute=0 rethrow=0 return_oop=0}
                      ; - java.security.AccessController::doPrivileged@2 (line 318)
                      ; - jdk.internal.loader.BuiltinClassLoader::findClassInModuleOrNull@23 (line 744)
                      ; - jdk.internal.loader.BuiltinClassLoader::loadClassOrNull@55 (line 665)
  0x000001ba210a2f98: e4a3 c3ff | 488b 9424 | c000 0000 | 4889 8424 | c800 0000 | 9048 b8ff | ffff ffff 

  0x000001ba210a2fb4: ;   {virtual_call}
  0x000001ba210a2fb4: ffff ffe8 

  0x000001ba210a2fb8: ; ImmutableOopMap {[176]=Oop [160]=Oop [200]=Oop [232]=Oop }
                      ;*invokeinterface run {reexecute=0 rethrow=0 return_oop=0}
                      ; - java.security.AccessController::executePrivileged@29 (line 776)
                      ; - java.security.AccessController::doPrivileged@5 (line 318)
                      ; - jdk.internal.loader.BuiltinClassLoader::findClassInModuleOrNull@23 (line 744)
                      ; - jdk.internal.loader.BuiltinClassLoader::loadClassOrNull@55 (line 665)
  0x000001ba210a2fb8: c4a0 c3ff | 4883 f800 | 0f84 2900 

  0x000001ba210a2fc4: ;   {metadata('java/lang/Class')}
  0x000001ba210a2fc4: 0000 48be | 2817 003b | ba01 0000 | 448b 4808 | 49ba 0000 | 003b ba01 | 0000 4d03 | ca49 3bf1 
  0x000001ba210a2fe4: 0f85 b602 | 0000 e900 | 0000 004c | 8bc0 498b | c048 8bf0 | e90a 0100 | 0048 3b07 | 4c8b 8424 
  0x000001ba210a3004: 9800 0000 | 41b9 0000 | 0000 488b | d70f 1f40 | 0048 b8ff | ffff ffff 

  0x000001ba210a301c: ;   {virtual_call}
  0x000001ba210a301c: ffff ffe8 

  0x000001ba210a3020: ; ImmutableOopMap {[176]=Oop [160]=Oop [232]=Oop }
                      ;*invokevirtual loadClassOrNull {reexecute=0 rethrow=0 return_oop=0}
                      ; - jdk.internal.loader.BuiltinClassLoader::loadClassOrNull@3 (line 700)
                      ; - jdk.internal.loader.BuiltinClassLoader::loadClassOrNull@66 (line 669)
  0x000001ba210a3020: 7c84 c3ff | 488b f0e9 | db00 0000 | 8b72 5448 | c1e6 0348 | 83fe 000f | 850d 0000 | 0048 8bb4 
  0x000001ba210a3040: 24b8 0000 | 00e9 2d00 | 0000 483b | 064c 8b84 | 2498 0000 | 0041 b900 | 0000 0048 | 8bd6 0f1f 
  0x000001ba210a3060: 8000 0000 | 0048 b888 | da08 3bba 

  0x000001ba210a306c: ;   {virtual_call}
  0x000001ba210a306c: 0100 00e8 

  0x000001ba210a3070: ; ImmutableOopMap {[176]=Oop [152]=Oop [160]=Oop [232]=Oop }
                      ;*invokevirtual loadClassOrNull {reexecute=0 rethrow=0 return_oop=0}
                      ; - jdk.internal.loader.BuiltinClassLoader::loadClassOrNull@3 (line 700)
                      ; - jdk.internal.loader.BuiltinClassLoader::loadClassOrNull@86 (line 676)
  0x000001ba210a3070: ec7f c3ff | 488b f048 | 83fe 000f | 8586 0000 | 0048 8b94 | 24a0 0000 | 0044 8b42 | 5849 c1e0 
  0x000001ba210a3090: 0349 83f8 | 0041 b800 | 0000 000f | 8406 0000 | 0041 b801 | 0000 0041 | 83e0 0141 | 83f8 000f 
  0x000001ba210a30b0: 8452 0000 

  0x000001ba210a30b4: ;   {oop(a 'java/lang/Class'{0x000000062447ae30} = 'jdk/internal/misc/VM')}
  0x000001ba210a30b4: 0049 b830 | ae47 2406 | 0000 0045 | 8b80 9400 | 0000 4183 | f802 41b8 | 0000 0000 | 0f8c 0600 
  0x000001ba210a30d4: 0000 41b8 | 0100 0000 | 4183 e001 | 4183 f800 | 0f84 1d00 | 0000 4c8b | 8424 9800 | 0000 488b 
  0x000001ba210a30f4: f248 8bd6 | 0f1f 8000 

  0x000001ba210a30fc: ;   {optimized virtual_call}
  0x000001ba210a30fc: 0000 00e8 

  0x000001ba210a3100: ; ImmutableOopMap {[176]=Oop [160]=Oop [232]=Oop }
                      ;*invokevirtual findClassOnClassPathOrNull {reexecute=0 rethrow=0 return_oop=0}
                      ; - jdk.internal.loader.BuiltinClassLoader::loadClassOrNull@111 (line 681)
  0x000001ba210a3100: 0103 0000 | 488b f044 | 8b8c 24a8 | 0000 0041 | 83f9 000f | 8414 0000 | 0048 83fe | 000f 840a 
  0x000001ba210a3120: 0000 0048 | 83fe 000f | 843c 0000 | 0048 8d84 | 24e0 0000 | 0048 8b10 | 4885 d20f | 840f 0000 
  0x000001ba210a3140: 0048 8b78 | 08f0 480f | b117 0f85 | 6301 0000 | 488b c648 | 81c4 0001 

  0x000001ba210a3158: ;   {poll_return}
  0x000001ba210a3158: 0000 5d49 | 3ba7 4803 | 0000 0f87 | 6101 0000 | c348 89b4 | 24d8 0000 

  0x000001ba210a3170: ;   {metadata('java/lang/NullPointerException')}
  0x000001ba210a3170: 0048 bad0 | e208 3bba | 0100 0049 | 8b87 0801 | 0000 488d | 7830 493b | bf18 0100 | 000f 874c 
  0x000001ba210a3190: 0100 0049 | 89bf 0801 | 0000 48c7 | 0001 0000 | 0048 8bca | 49ba 0000 | 003b ba01 | 0000 492b 
  0x000001ba210a31b0: ca89 4808 | 4833 c989 | 480c 4833 | c948 8948 | 1048 8948 | 1848 8948 | 2048 8948 | 2848 8bd0 
  0x000001ba210a31d0: 4889 8424 | d000 0000 | 0f1f 8000 

  0x000001ba210a31dc: ;   {optimized virtual_call}
  0x000001ba210a31dc: 0000 00e8 

  0x000001ba210a31e0: ; ImmutableOopMap {[176]=Oop [208]=Oop [216]=Oop [232]=Oop }
                      ;*invokespecial <init> {reexecute=0 rethrow=0 return_oop=0}
                      ; - java.lang.ClassLoader::resolveClass@8 (line 1223)
                      ; - jdk.internal.loader.BuiltinClassLoader::loadClassOrNull@128 (line 688)
  0x000001ba210a31e0: 9c9b c3ff | 488b 8424 

  0x000001ba210a31e8: ; ImmutableOopMap {[176]=Oop [216]=Oop [232]=Oop rax=Oop }
                      ;*athrow {reexecute=1 rethrow=0 return_oop=0}
                      ; - (reexecute) java.lang.ClassLoader::resolveClass@11 (line 1223)
                      ; - jdk.internal.loader.BuiltinClassLoader::loadClassOrNull@128 (line 688)
  0x000001ba210a31e8: d000 0000 

  0x000001ba210a31ec: ;   {section_word}
  0x000001ba210a31ec: 48ba ec31 | 0a21 ba01 

  0x000001ba210a31f4: ;   {runtime_call handle_exception_nofpu Runtime1 stub}
  0x000001ba210a31f4: 0000 e805 | 1cce ff90 | 498b 87d8 | 0300 004d | 33d2 4d89 | 97d8 0300 | 004d 33d2 | 4d89 97e0 
  0x000001ba210a3214: 0300 0048 | 8bf0 488d | 8424 e000 | 0000 488b | 3848 85ff | 0f84 0f00 | 0000 488b | 5808 f048 
  0x000001ba210a3234: 0fb1 3b0f | 85af 0000 | 0048 8bc6 | e9dc 0000 | 0048 8bd2 

  0x000001ba210a3248: ;   {runtime_call fast_new_instance Runtime1 stub}
  0x000001ba210a3248: e8b3 0cce 

  0x000001ba210a324c: ; ImmutableOopMap {r8=Oop [152]=Oop rbx=Oop [160]=Oop }
                      ;*new {reexecute=0 rethrow=0 return_oop=0}
                      ; - java.lang.ClassLoader::getClassLoadingLock@9 (line 665)
                      ; - jdk.internal.loader.BuiltinClassLoader::loadClassOrNull@2 (line 651)
  0x000001ba210a324c: ffe9 e2fa 

  0x000001ba210a3250: ;   {runtime_call throw_null_pointer_exception Runtime1 stub}
  0x000001ba210a3250: ffff e8c9 

  0x000001ba210a3254: ; ImmutableOopMap {r8=Oop [152]=Oop rbx=Oop [160]=Oop rax=Oop }
                      ;*invokevirtual putIfAbsent {reexecute=0 rethrow=0 return_oop=0}
                      ; - java.lang.ClassLoader::getClassLoadingLock@23 (line 666)
                      ; - jdk.internal.loader.BuiltinClassLoader::loadClassOrNull@2 (line 651)
                      ;   {runtime_call throw_null_pointer_exception Runtime1 stub}
  0x000001ba210a3254: f7cd ffe8 

  0x000001ba210a3258: ; ImmutableOopMap {[152]=Oop [160]=Oop rsi=Oop }
                      ;*monitorenter {reexecute=0 rethrow=0 return_oop=0}
                      ; - jdk.internal.loader.BuiltinClassLoader::loadClassOrNull@7 (line 651)
  0x000001ba210a3258: c4f7 cdff | 4889 7424 | 0848 8914 

  0x000001ba210a3264: ;   {runtime_call monitorenter_nofpu Runtime1 stub}
  0x000001ba210a3264: 24e8 9633 

  0x000001ba210a3268: ; ImmutableOopMap {[152]=Oop [160]=Oop rsi=Oop [232]=Oop }
                      ;*monitorenter {reexecute=0 rethrow=0 return_oop=0}
                      ; - jdk.internal.loader.BuiltinClassLoader::loadClassOrNull@7 (line 651)
  0x000001ba210a3268: ceff e93e 

  0x000001ba210a326c: ;   {runtime_call throw_null_pointer_exception Runtime1 stub}
  0x000001ba210a326c: fbff ffe8 

  0x000001ba210a3270: ; ImmutableOopMap {[176]=Oop r8=Oop [152]=Oop [184]=Oop [160]=Oop [232]=Oop }
                      ;*invokevirtual lastIndexOf {reexecute=0 rethrow=0 return_oop=0}
                      ; - jdk.internal.loader.BuiltinClassLoader::findLoadedModule@3 (line 709)
                      ; - jdk.internal.loader.BuiltinClassLoader::loadClassOrNull@22 (line 658)
  0x000001ba210a3270: acf7 cdff 

  0x000001ba210a3274: ;   {runtime_call throw_null_pointer_exception Runtime1 stub}
  0x000001ba210a3274: e8a7 f7cd 

  0x000001ba210a3278: ; ImmutableOopMap {[176]=Oop r8=Oop [152]=Oop [184]=Oop [160]=Oop [232]=Oop }
                      ;*arraylength {reexecute=0 rethrow=0 return_oop=0}
                      ; - java.lang.String::length@4 (line 1483)
                      ; - java.lang.String::lastIndexOf@3 (line 2453)
                      ; - jdk.internal.loader.BuiltinClassLoader::findLoadedModule@3 (line 709)
                      ; - jdk.internal.loader.BuiltinClassLoader::loadClassOrNull@22 (line 658)
  0x000001ba210a3278: ff48 8904 

  0x000001ba210a327c: ;   {runtime_call throw_class_cast_exception Runtime1 stub}
  0x000001ba210a327c: 24e8 9e27 

  0x000001ba210a3280: ; ImmutableOopMap {[176]=Oop [160]=Oop [152]=Oop [184]=Oop [232]=Oop }
                      ;*checkcast {reexecute=0 rethrow=0 return_oop=0}
                      ; - jdk.internal.loader.BuiltinClassLoader::findLoadedModule@29 (line 714)
                      ; - jdk.internal.loader.BuiltinClassLoader::loadClassOrNull@22 (line 658)
                      ;   {runtime_call throw_null_pointer_exception Runtime1 stub}
  0x000001ba210a3280: ceff e899 

  0x000001ba210a3284: ; ImmutableOopMap {[176]=Oop [152]=Oop [184]=Oop rsi=Oop rdx=Oop [160]=Oop [232]=Oop }
                      ;*invokevirtual loader {reexecute=0 rethrow=0 return_oop=0}
                      ; - jdk.internal.loader.BuiltinClassLoader::loadClassOrNull@34 (line 662)
  0x000001ba210a3284: f7cd ff48 | bf00 0000 | 0000 0000 | 00b8 000f 

  0x000001ba210a3294: ;   {runtime_call load_appendix_patching Runtime1 stub}
  0x000001ba210a3294: 050a e8e5 

  0x000001ba210a3298: ; ImmutableOopMap {[176]=Oop [152]=Oop rsi=Oop [160]=Oop [232]=Oop }
                      ;*invokedynamic {reexecute=1 rethrow=0 return_oop=0}
                      ; - (reexecute) jdk.internal.loader.BuiltinClassLoader::findClassInModuleOrNull@16 (line 743)
                      ; - jdk.internal.loader.BuiltinClassLoader::loadClassOrNull@55 (line 665)
  0x000001ba210a3298: 4cce ffe9 | c8fc ffff | 4889 0424 

  0x000001ba210a32a4: ;   {runtime_call throw_class_cast_exception Runtime1 stub}
  0x000001ba210a32a4: e877 27ce 

  0x000001ba210a32a8: ; ImmutableOopMap {[176]=Oop [160]=Oop [232]=Oop }
                      ;*checkcast {reexecute=0 rethrow=0 return_oop=0}
                      ; - jdk.internal.loader.BuiltinClassLoader::findClassInModuleOrNull@26 (line 744)
                      ; - jdk.internal.loader.BuiltinClassLoader::loadClassOrNull@55 (line 665)
                      ;   {runtime_call throw_null_pointer_exception Runtime1 stub}
  0x000001ba210a32a8: ffe8 72f7 

  0x000001ba210a32ac: ; ImmutableOopMap {[176]=Oop rdi=Oop [152]=Oop [160]=Oop [232]=Oop }
                      ;*invokevirtual loadClassOrNull {reexecute=0 rethrow=0 return_oop=0}
                      ; - jdk.internal.loader.BuiltinClassLoader::loadClassOrNull@66 (line 669)
                      ;   {runtime_call throw_null_pointer_exception Runtime1 stub}
  0x000001ba210a32ac: cdff e86d 

  0x000001ba210a32b0: ; ImmutableOopMap {[176]=Oop [152]=Oop [160]=Oop rsi=Oop [232]=Oop }
                      ;*invokevirtual loadClassOrNull {reexecute=0 rethrow=0 return_oop=0}
                      ; - jdk.internal.loader.BuiltinClassLoader::loadClassOrNull@86 (line 676)
  0x000001ba210a32b0: f7cd ff48 | 8d84 24e0 | 0000 0048 

  0x000001ba210a32bc: ;   {runtime_call monitorexit_nofpu Runtime1 stub}
  0x000001ba210a32bc: 8904 24e8 | 3c39 ceff | e987 feff 

  0x000001ba210a32c8: ;   {internal_word}
  0x000001ba210a32c8: ff49 ba5b | 310a 21ba | 0100 004d | 8997 6003 

  0x000001ba210a32d8: ;   {runtime_call SafepointBlob}
  0x000001ba210a32d8: 0000 e921 | 01c4 ff48 

  0x000001ba210a32e0: ;   {runtime_call fast_new_instance Runtime1 stub}
  0x000001ba210a32e0: 8bd2 e819 

  0x000001ba210a32e4: ; ImmutableOopMap {[176]=Oop [216]=Oop [232]=Oop }
                      ;*new {reexecute=0 rethrow=0 return_oop=0}
                      ; - java.lang.ClassLoader::resolveClass@4 (line 1223)
                      ; - jdk.internal.loader.BuiltinClassLoader::loadClassOrNull@128 (line 688)
  0x000001ba210a32e4: 0cce ffe9 | e1fe ffff | 488d 8424 | e000 0000 | 4889 0424 

  0x000001ba210a32f8: ;   {runtime_call monitorexit_nofpu Runtime1 stub}
  0x000001ba210a32f8: e803 39ce | ffe9 3bff | ffff 9090 | 498b 87d8 | 0300 0049 | c787 d803 | 0000 0000 | 0000 49c7 
  0x000001ba210a3318: 87e0 0300 | 0000 0000 | 0048 81c4 | 0001 0000 

  0x000001ba210a3328: ;   {runtime_call unwind_exception Runtime1 stub}
  0x000001ba210a3328: 5de9 d2e7 | cdff f4f4 | f4f4 f4f4 | f4f4 f4f4 | f4f4 f4f4 | f4f4 f4f4 
[Stub Code]
  0x000001ba210a3340: ;   {no_reloc}
  0x000001ba210a3340: 0f1f 4400 

  0x000001ba210a3344: ;   {static_stub}
  0x000001ba210a3344: 0048 bb00 | 0000 0000 

  0x000001ba210a334c: ;   {runtime_call}
  0x000001ba210a334c: 0000 00e9 | fbff ffff 

  0x000001ba210a3354: ;   {static_stub}
  0x000001ba210a3354: 9048 bb00 | 0000 0000 

  0x000001ba210a335c: ;   {runtime_call}
  0x000001ba210a335c: 0000 00e9 | fbff ffff 

  0x000001ba210a3364: ;   {static_stub}
  0x000001ba210a3364: 9048 bb00 | 0000 0000 

  0x000001ba210a336c: ;   {runtime_call}
  0x000001ba210a336c: 0000 00e9 | fbff ffff 

  0x000001ba210a3374: ;   {static_stub}
  0x000001ba210a3374: 9048 bb00 | 0000 0000 

  0x000001ba210a337c: ;   {runtime_call}
  0x000001ba210a337c: 0000 00e9 | fbff ffff 

  0x000001ba210a3384: ;   {static_stub}
  0x000001ba210a3384: 9048 bb00 | 0000 0000 

  0x000001ba210a338c: ;   {runtime_call}
  0x000001ba210a338c: 0000 00e9 | fbff ffff 

  0x000001ba210a3394: ;   {static_stub}
  0x000001ba210a3394: 9048 bb00 | 0000 0000 

  0x000001ba210a339c: ;   {runtime_call}
  0x000001ba210a339c: 0000 00e9 | fbff ffff 

  0x000001ba210a33a4: ;   {static_stub}
  0x000001ba210a33a4: 9048 bb00 | 0000 0000 

  0x000001ba210a33ac: ;   {runtime_call}
  0x000001ba210a33ac: 0000 00e9 | fbff ffff 

  0x000001ba210a33b4: ;   {static_stub}
  0x000001ba210a33b4: 9048 bb00 | 0000 0000 

  0x000001ba210a33bc: ;   {runtime_call}
  0x000001ba210a33bc: 0000 00e9 | fbff ffff 

  0x000001ba210a33c4: ;   {static_stub}
  0x000001ba210a33c4: 9048 bb00 | 0000 0000 

  0x000001ba210a33cc: ;   {runtime_call}
  0x000001ba210a33cc: 0000 00e9 | fbff ffff 

  0x000001ba210a33d4: ;   {static_stub}
  0x000001ba210a33d4: 9048 bb00 | 0000 0000 

  0x000001ba210a33dc: ;   {runtime_call}
  0x000001ba210a33dc: 0000 00e9 | fbff ffff 

  0x000001ba210a33e4: ;   {static_stub}
  0x000001ba210a33e4: 9048 bb00 | 0000 0000 

  0x000001ba210a33ec: ;   {runtime_call}
  0x000001ba210a33ec: 0000 00e9 | fbff ffff 

  0x000001ba210a33f4: ;   {static_stub}
  0x000001ba210a33f4: 9048 bb00 | 0000 0000 

  0x000001ba210a33fc: ;   {runtime_call}
  0x000001ba210a33fc: 0000 00e9 | fbff ffff 

  0x000001ba210a3404: ;   {static_stub}
  0x000001ba210a3404: 9048 bbc8 | d243 3bba 

  0x000001ba210a340c: ;   {runtime_call I2C/C2I adapters}
  0x000001ba210a340c: 0100 00e9 | 49ec c3ff 

  0x000001ba210a3414: ;   {static_stub}
  0x000001ba210a3414: 9048 bb00 | 0000 0000 

  0x000001ba210a341c: ;   {runtime_call}
  0x000001ba210a341c: 0000 00e9 | fbff ffff 
[Exception Handler]
  0x000001ba210a3424: ;   {runtime_call handle_exception_from_callee Runtime1 stub}
  0x000001ba210a3424: e8d7 1fce 

  0x000001ba210a3428: ;   {external_word}
  0x000001ba210a3428: ff48 b9a0 | e0d0 21f9 | 7f00 0048 

  0x000001ba210a3434: ;   {runtime_call}
  0x000001ba210a3434: 83e4 f049 | bae0 da9e | 21f9 7f00 | 0041 ffd2 

  0x000001ba210a3444: ;   {section_word}
  0x000001ba210a3444: f449 ba45 | 340a 21ba | 0100 0041 

  0x000001ba210a3450: ;   {runtime_call DeoptimizationBlob}
  0x000001ba210a3450: 52e9 4af2 | c3ff f4f4 
[/MachCode]


---------------  P R O C E S S  ---------------

Threads class SMR info:
_java_thread_list=0x000001ba003c8520, length=16, elements={
0x000001ba193f38a0, 0x000001ba3a5d5fd0, 0x000001ba3a5d71a0, 0x000001ba3a5e5830,
0x000001ba3a5e8200, 0x000001ba3a5ea800, 0x000001ba3a5eb1c0, 0x000001ba3a5ec650,
0x000001ba3a5ee090, 0x000001ba3a5d0250, 0x000001ba3a5d0770, 0x000001ba3a70b890,
0x000001ba3a9483c0, 0x000001ba3a9488a0, 0x000001ba00434b60, 0x000001ba0041d870
}

Java Threads: ( => current thread )
=>0x000001ba193f38a0 JavaThread "main" [_thread_in_vm, id=25280, stack(0x000000365bf00000,0x000000365c000000)]
  0x000001ba3a5d5fd0 JavaThread "Reference Handler" daemon [_thread_blocked, id=31760, stack(0x000000365c600000,0x000000365c700000)]
  0x000001ba3a5d71a0 JavaThread "Finalizer" daemon [_thread_blocked, id=20780, stack(0x000000365c700000,0x000000365c800000)]
  0x000001ba3a5e5830 JavaThread "Signal Dispatcher" daemon [_thread_blocked, id=6524, stack(0x000000365c800000,0x000000365c900000)]
  0x000001ba3a5e8200 JavaThread "Attach Listener" daemon [_thread_blocked, id=14424, stack(0x000000365c900000,0x000000365ca00000)]
  0x000001ba3a5ea800 JavaThread "Service Thread" daemon [_thread_blocked, id=29164, stack(0x000000365ca00000,0x000000365cb00000)]
  0x000001ba3a5eb1c0 JavaThread "Monitor Deflation Thread" daemon [_thread_blocked, id=31436, stack(0x000000365cb00000,0x000000365cc00000)]
  0x000001ba3a5ec650 JavaThread "C1 CompilerThread0" daemon [_thread_blocked, id=20844, stack(0x000000365cc00000,0x000000365cd00000)]
  0x000001ba3a5ee090 JavaThread "Sweeper thread" daemon [_thread_blocked, id=31600, stack(0x000000365cd00000,0x000000365ce00000)]
  0x000001ba3a5d0250 JavaThread "C1 CompilerThread1" daemon [_thread_blocked, id=23636, stack(0x000000365ce00000,0x000000365cf00000)]
  0x000001ba3a5d0770 JavaThread "Common-Cleaner" daemon [_thread_blocked, id=15572, stack(0x000000365cf00000,0x000000365d000000)]
  0x000001ba3a70b890 JavaThread "C1 CompilerThread2" daemon [_thread_blocked, id=7280, stack(0x000000365d000000,0x000000365d100000)]
  0x000001ba3a9483c0 JavaThread "Monitor Ctrl-Break" daemon [_thread_in_native, id=7832, stack(0x000000365d100000,0x000000365d200000)]
  0x000001ba3a9488a0 JavaThread "Notification Thread" daemon [_thread_blocked, id=32508, stack(0x000000365d200000,0x000000365d300000)]
  0x000001ba00434b60 JavaThread "C1 CompilerThread3" daemon [_thread_blocked, id=4284, stack(0x000000365d300000,0x000000365d400000)]
  0x000001ba0041d870 JavaThread "RMI TCP Accept-0" daemon [_thread_in_native, id=6920, stack(0x000000365d400000,0x000000365d500000)]

Other Threads:
  0x000001ba37558c60 VMThread "VM Thread" [stack: 0x000000365c500000,0x000000365c600000] [id=13156]
  0x000001ba194a0690 WatcherThread [stack: 0x000000365d500000,0x000000365d600000] [id=16660]
  0x000001ba373a0780 GCTaskThread "GC Thread#0" [stack: 0x000000365c000000,0x000000365c100000] [id=8784]
  0x000001ba19472cb0 ConcurrentGCThread "G1 Main Marker" [stack: 0x000000365c100000,0x000000365c200000] [id=29872]
  0x000001ba194736c0 ConcurrentGCThread "G1 Conc#0" [stack: 0x000000365c200000,0x000000365c300000] [id=26600]
  0x000001ba194aebd0 ConcurrentGCThread "G1 Refine#0" [stack: 0x000000365c300000,0x000000365c400000] [id=12204]
  0x000001ba3748a9c0 ConcurrentGCThread "G1 Service" [stack: 0x000000365c400000,0x000000365c500000] [id=31456]

Threads with active compile tasks:

VM state: not at safepoint (normal execution)

VM Mutex/Monitor currently owned by a thread: None

Heap address: 0x0000000604c00000, size: 8116 MB, Compressed Oops mode: Zero based, Oop shift amount: 3

CDS archive(s) mapped at: [0x000001ba3b000000-0x000001ba3bbd0000-0x000001ba3bbd0000), size 12386304, SharedBaseAddress: 0x000001ba3b000000, ArchiveRelocationMode: 1.
Compressed class space mapped at: 0x000001ba3c000000-0x000001ba7c000000, reserved size: 1073741824
Narrow klass base: 0x000001ba3b000000, Narrow klass shift: 0, Narrow klass range: 0x100000000

GC Precious Log:
 CPUs: 20 total, 20 available
 Memory: 32455M
 Large Page Support: Disabled
 NUMA Support: Disabled
 Compressed Oops: Enabled (Zero based)
 Heap Region Size: 4M
 Heap Min Capacity: 8M
 Heap Initial Capacity: 508M
 Heap Max Capacity: 8116M
 Pre-touch: Disabled
 Parallel Workers: 15
 Concurrent Workers: 4
 Concurrent Refinement Workers: 15
 Periodic GC: Disabled

Heap:
 garbage-first heap   total 520192K, used 20480K [0x0000000604c00000, 0x0000000800000000)
  region size 4096K, 6 young (24576K), 0 survivors (0K)
 Metaspace       used 5773K, committed 5952K, reserved 1114112K
  class space    used 725K, committed 832K, reserved 1048576K

Heap Regions: E=young(eden), S=young(survivor), O=old, HS=humongous(starts), HC=humongous(continues), CS=collection set, F=free, OA=open archive, CA=closed archive, TAMS=top-at-mark-start (previous, next)
|   0|0x0000000604c00000, 0x0000000604c00000, 0x0000000605000000|  0%| F|  |TAMS 0x0000000604c00000, 0x0000000604c00000| Untracked 
|   1|0x0000000605000000, 0x0000000605000000, 0x0000000605400000|  0%| F|  |TAMS 0x0000000605000000, 0x0000000605000000| Untracked 
|   2|0x0000000605400000, 0x0000000605400000, 0x0000000605800000|  0%| F|  |TAMS 0x0000000605400000, 0x0000000605400000| Untracked 
|   3|0x0000000605800000, 0x0000000605800000, 0x0000000605c00000|  0%| F|  |TAMS 0x0000000605800000, 0x0000000605800000| Untracked 
|   4|0x0000000605c00000, 0x0000000605c00000, 0x0000000606000000|  0%| F|  |TAMS 0x0000000605c00000, 0x0000000605c00000| Untracked 
|   5|0x0000000606000000, 0x0000000606000000, 0x0000000606400000|  0%| F|  |TAMS 0x0000000606000000, 0x0000000606000000| Untracked 
|   6|0x0000000606400000, 0x0000000606400000, 0x0000000606800000|  0%| F|  |TAMS 0x0000000606400000, 0x0000000606400000| Untracked 
|   7|0x0000000606800000, 0x0000000606800000, 0x0000000606c00000|  0%| F|  |TAMS 0x0000000606800000, 0x0000000606800000| Untracked 
|   8|0x0000000606c00000, 0x0000000606c00000, 0x0000000607000000|  0%| F|  |TAMS 0x0000000606c00000, 0x0000000606c00000| Untracked 
|   9|0x0000000607000000, 0x0000000607000000, 0x0000000607400000|  0%| F|  |TAMS 0x0000000607000000, 0x0000000607000000| Untracked 
|  10|0x0000000607400000, 0x0000000607400000, 0x0000000607800000|  0%| F|  |TAMS 0x0000000607400000, 0x0000000607400000| Untracked 
|  11|0x0000000607800000, 0x0000000607800000, 0x0000000607c00000|  0%| F|  |TAMS 0x0000000607800000, 0x0000000607800000| Untracked 
|  12|0x0000000607c00000, 0x0000000607c00000, 0x0000000608000000|  0%| F|  |TAMS 0x0000000607c00000, 0x0000000607c00000| Untracked 
|  13|0x0000000608000000, 0x0000000608000000, 0x0000000608400000|  0%| F|  |TAMS 0x0000000608000000, 0x0000000608000000| Untracked 
|  14|0x0000000608400000, 0x0000000608400000, 0x0000000608800000|  0%| F|  |TAMS 0x0000000608400000, 0x0000000608400000| Untracked 
|  15|0x0000000608800000, 0x0000000608800000, 0x0000000608c00000|  0%| F|  |TAMS 0x0000000608800000, 0x0000000608800000| Untracked 
|  16|0x0000000608c00000, 0x0000000608c00000, 0x0000000609000000|  0%| F|  |TAMS 0x0000000608c00000, 0x0000000608c00000| Untracked 
|  17|0x0000000609000000, 0x0000000609000000, 0x0000000609400000|  0%| F|  |TAMS 0x0000000609000000, 0x0000000609000000| Untracked 
|  18|0x0000000609400000, 0x0000000609400000, 0x0000000609800000|  0%| F|  |TAMS 0x0000000609400000, 0x0000000609400000| Untracked 
|  19|0x0000000609800000, 0x0000000609800000, 0x0000000609c00000|  0%| F|  |TAMS 0x0000000609800000, 0x0000000609800000| Untracked 
|  20|0x0000000609c00000, 0x0000000609c00000, 0x000000060a000000|  0%| F|  |TAMS 0x0000000609c00000, 0x0000000609c00000| Untracked 
|  21|0x000000060a000000, 0x000000060a000000, 0x000000060a400000|  0%| F|  |TAMS 0x000000060a000000, 0x000000060a000000| Untracked 
|  22|0x000000060a400000, 0x000000060a400000, 0x000000060a800000|  0%| F|  |TAMS 0x000000060a400000, 0x000000060a400000| Untracked 
|  23|0x000000060a800000, 0x000000060a800000, 0x000000060ac00000|  0%| F|  |TAMS 0x000000060a800000, 0x000000060a800000| Untracked 
|  24|0x000000060ac00000, 0x000000060ac00000, 0x000000060b000000|  0%| F|  |TAMS 0x000000060ac00000, 0x000000060ac00000| Untracked 
|  25|0x000000060b000000, 0x000000060b000000, 0x000000060b400000|  0%| F|  |TAMS 0x000000060b000000, 0x000000060b000000| Untracked 
|  26|0x000000060b400000, 0x000000060b400000, 0x000000060b800000|  0%| F|  |TAMS 0x000000060b400000, 0x000000060b400000| Untracked 
|  27|0x000000060b800000, 0x000000060b800000, 0x000000060bc00000|  0%| F|  |TAMS 0x000000060b800000, 0x000000060b800000| Untracked 
|  28|0x000000060bc00000, 0x000000060bc00000, 0x000000060c000000|  0%| F|  |TAMS 0x000000060bc00000, 0x000000060bc00000| Untracked 
|  29|0x000000060c000000, 0x000000060c000000, 0x000000060c400000|  0%| F|  |TAMS 0x000000060c000000, 0x000000060c000000| Untracked 
|  30|0x000000060c400000, 0x000000060c400000, 0x000000060c800000|  0%| F|  |TAMS 0x000000060c400000, 0x000000060c400000| Untracked 
|  31|0x000000060c800000, 0x000000060c800000, 0x000000060cc00000|  0%| F|  |TAMS 0x000000060c800000, 0x000000060c800000| Untracked 
|  32|0x000000060cc00000, 0x000000060cc00000, 0x000000060d000000|  0%| F|  |TAMS 0x000000060cc00000, 0x000000060cc00000| Untracked 
|  33|0x000000060d000000, 0x000000060d000000, 0x000000060d400000|  0%| F|  |TAMS 0x000000060d000000, 0x000000060d000000| Untracked 
|  34|0x000000060d400000, 0x000000060d400000, 0x000000060d800000|  0%| F|  |TAMS 0x000000060d400000, 0x000000060d400000| Untracked 
|  35|0x000000060d800000, 0x000000060d800000, 0x000000060dc00000|  0%| F|  |TAMS 0x000000060d800000, 0x000000060d800000| Untracked 
|  36|0x000000060dc00000, 0x000000060dc00000, 0x000000060e000000|  0%| F|  |TAMS 0x000000060dc00000, 0x000000060dc00000| Untracked 
|  37|0x000000060e000000, 0x000000060e000000, 0x000000060e400000|  0%| F|  |TAMS 0x000000060e000000, 0x000000060e000000| Untracked 
|  38|0x000000060e400000, 0x000000060e400000, 0x000000060e800000|  0%| F|  |TAMS 0x000000060e400000, 0x000000060e400000| Untracked 
|  39|0x000000060e800000, 0x000000060e800000, 0x000000060ec00000|  0%| F|  |TAMS 0x000000060e800000, 0x000000060e800000| Untracked 
|  40|0x000000060ec00000, 0x000000060ec00000, 0x000000060f000000|  0%| F|  |TAMS 0x000000060ec00000, 0x000000060ec00000| Untracked 
|  41|0x000000060f000000, 0x000000060f000000, 0x000000060f400000|  0%| F|  |TAMS 0x000000060f000000, 0x000000060f000000| Untracked 
|  42|0x000000060f400000, 0x000000060f400000, 0x000000060f800000|  0%| F|  |TAMS 0x000000060f400000, 0x000000060f400000| Untracked 
|  43|0x000000060f800000, 0x000000060f800000, 0x000000060fc00000|  0%| F|  |TAMS 0x000000060f800000, 0x000000060f800000| Untracked 
|  44|0x000000060fc00000, 0x000000060fc00000, 0x0000000610000000|  0%| F|  |TAMS 0x000000060fc00000, 0x000000060fc00000| Untracked 
|  45|0x0000000610000000, 0x0000000610000000, 0x0000000610400000|  0%| F|  |TAMS 0x0000000610000000, 0x0000000610000000| Untracked 
|  46|0x0000000610400000, 0x0000000610400000, 0x0000000610800000|  0%| F|  |TAMS 0x0000000610400000, 0x0000000610400000| Untracked 
|  47|0x0000000610800000, 0x0000000610800000, 0x0000000610c00000|  0%| F|  |TAMS 0x0000000610800000, 0x0000000610800000| Untracked 
|  48|0x0000000610c00000, 0x0000000610c00000, 0x0000000611000000|  0%| F|  |TAMS 0x0000000610c00000, 0x0000000610c00000| Untracked 
|  49|0x0000000611000000, 0x0000000611000000, 0x0000000611400000|  0%| F|  |TAMS 0x0000000611000000, 0x0000000611000000| Untracked 
|  50|0x0000000611400000, 0x0000000611400000, 0x0000000611800000|  0%| F|  |TAMS 0x0000000611400000, 0x0000000611400000| Untracked 
|  51|0x0000000611800000, 0x0000000611800000, 0x0000000611c00000|  0%| F|  |TAMS 0x0000000611800000, 0x0000000611800000| Untracked 
|  52|0x0000000611c00000, 0x0000000611c00000, 0x0000000612000000|  0%| F|  |TAMS 0x0000000611c00000, 0x0000000611c00000| Untracked 
|  53|0x0000000612000000, 0x0000000612000000, 0x0000000612400000|  0%| F|  |TAMS 0x0000000612000000, 0x0000000612000000| Untracked 
|  54|0x0000000612400000, 0x0000000612400000, 0x0000000612800000|  0%| F|  |TAMS 0x0000000612400000, 0x0000000612400000| Untracked 
|  55|0x0000000612800000, 0x0000000612800000, 0x0000000612c00000|  0%| F|  |TAMS 0x0000000612800000, 0x0000000612800000| Untracked 
|  56|0x0000000612c00000, 0x0000000612c00000, 0x0000000613000000|  0%| F|  |TAMS 0x0000000612c00000, 0x0000000612c00000| Untracked 
|  57|0x0000000613000000, 0x0000000613000000, 0x0000000613400000|  0%| F|  |TAMS 0x0000000613000000, 0x0000000613000000| Untracked 
|  58|0x0000000613400000, 0x0000000613400000, 0x0000000613800000|  0%| F|  |TAMS 0x0000000613400000, 0x0000000613400000| Untracked 
|  59|0x0000000613800000, 0x0000000613800000, 0x0000000613c00000|  0%| F|  |TAMS 0x0000000613800000, 0x0000000613800000| Untracked 
|  60|0x0000000613c00000, 0x0000000613c00000, 0x0000000614000000|  0%| F|  |TAMS 0x0000000613c00000, 0x0000000613c00000| Untracked 
|  61|0x0000000614000000, 0x0000000614000000, 0x0000000614400000|  0%| F|  |TAMS 0x0000000614000000, 0x0000000614000000| Untracked 
|  62|0x0000000614400000, 0x0000000614400000, 0x0000000614800000|  0%| F|  |TAMS 0x0000000614400000, 0x0000000614400000| Untracked 
|  63|0x0000000614800000, 0x0000000614800000, 0x0000000614c00000|  0%| F|  |TAMS 0x0000000614800000, 0x0000000614800000| Untracked 
|  64|0x0000000614c00000, 0x0000000614c00000, 0x0000000615000000|  0%| F|  |TAMS 0x0000000614c00000, 0x0000000614c00000| Untracked 
|  65|0x0000000615000000, 0x0000000615000000, 0x0000000615400000|  0%| F|  |TAMS 0x0000000615000000, 0x0000000615000000| Untracked 
|  66|0x0000000615400000, 0x0000000615400000, 0x0000000615800000|  0%| F|  |TAMS 0x0000000615400000, 0x0000000615400000| Untracked 
|  67|0x0000000615800000, 0x0000000615800000, 0x0000000615c00000|  0%| F|  |TAMS 0x0000000615800000, 0x0000000615800000| Untracked 
|  68|0x0000000615c00000, 0x0000000615c00000, 0x0000000616000000|  0%| F|  |TAMS 0x0000000615c00000, 0x0000000615c00000| Untracked 
|  69|0x0000000616000000, 0x0000000616000000, 0x0000000616400000|  0%| F|  |TAMS 0x0000000616000000, 0x0000000616000000| Untracked 
|  70|0x0000000616400000, 0x0000000616400000, 0x0000000616800000|  0%| F|  |TAMS 0x0000000616400000, 0x0000000616400000| Untracked 
|  71|0x0000000616800000, 0x0000000616800000, 0x0000000616c00000|  0%| F|  |TAMS 0x0000000616800000, 0x0000000616800000| Untracked 
|  72|0x0000000616c00000, 0x0000000616c00000, 0x0000000617000000|  0%| F|  |TAMS 0x0000000616c00000, 0x0000000616c00000| Untracked 
|  73|0x0000000617000000, 0x0000000617000000, 0x0000000617400000|  0%| F|  |TAMS 0x0000000617000000, 0x0000000617000000| Untracked 
|  74|0x0000000617400000, 0x0000000617400000, 0x0000000617800000|  0%| F|  |TAMS 0x0000000617400000, 0x0000000617400000| Untracked 
|  75|0x0000000617800000, 0x0000000617800000, 0x0000000617c00000|  0%| F|  |TAMS 0x0000000617800000, 0x0000000617800000| Untracked 
|  76|0x0000000617c00000, 0x0000000617c00000, 0x0000000618000000|  0%| F|  |TAMS 0x0000000617c00000, 0x0000000617c00000| Untracked 
|  77|0x0000000618000000, 0x0000000618000000, 0x0000000618400000|  0%| F|  |TAMS 0x0000000618000000, 0x0000000618000000| Untracked 
|  78|0x0000000618400000, 0x0000000618400000, 0x0000000618800000|  0%| F|  |TAMS 0x0000000618400000, 0x0000000618400000| Untracked 
|  79|0x0000000618800000, 0x0000000618800000, 0x0000000618c00000|  0%| F|  |TAMS 0x0000000618800000, 0x0000000618800000| Untracked 
|  80|0x0000000618c00000, 0x0000000618c00000, 0x0000000619000000|  0%| F|  |TAMS 0x0000000618c00000, 0x0000000618c00000| Untracked 
|  81|0x0000000619000000, 0x0000000619000000, 0x0000000619400000|  0%| F|  |TAMS 0x0000000619000000, 0x0000000619000000| Untracked 
|  82|0x0000000619400000, 0x0000000619400000, 0x0000000619800000|  0%| F|  |TAMS 0x0000000619400000, 0x0000000619400000| Untracked 
|  83|0x0000000619800000, 0x0000000619800000, 0x0000000619c00000|  0%| F|  |TAMS 0x0000000619800000, 0x0000000619800000| Untracked 
|  84|0x0000000619c00000, 0x0000000619c00000, 0x000000061a000000|  0%| F|  |TAMS 0x0000000619c00000, 0x0000000619c00000| Untracked 
|  85|0x000000061a000000, 0x000000061a000000, 0x000000061a400000|  0%| F|  |TAMS 0x000000061a000000, 0x000000061a000000| Untracked 
|  86|0x000000061a400000, 0x000000061a400000, 0x000000061a800000|  0%| F|  |TAMS 0x000000061a400000, 0x000000061a400000| Untracked 
|  87|0x000000061a800000, 0x000000061a800000, 0x000000061ac00000|  0%| F|  |TAMS 0x000000061a800000, 0x000000061a800000| Untracked 
|  88|0x000000061ac00000, 0x000000061ac00000, 0x000000061b000000|  0%| F|  |TAMS 0x000000061ac00000, 0x000000061ac00000| Untracked 
|  89|0x000000061b000000, 0x000000061b000000, 0x000000061b400000|  0%| F|  |TAMS 0x000000061b000000, 0x000000061b000000| Untracked 
|  90|0x000000061b400000, 0x000000061b400000, 0x000000061b800000|  0%| F|  |TAMS 0x000000061b400000, 0x000000061b400000| Untracked 
|  91|0x000000061b800000, 0x000000061b800000, 0x000000061bc00000|  0%| F|  |TAMS 0x000000061b800000, 0x000000061b800000| Untracked 
|  92|0x000000061bc00000, 0x000000061bc00000, 0x000000061c000000|  0%| F|  |TAMS 0x000000061bc00000, 0x000000061bc00000| Untracked 
|  93|0x000000061c000000, 0x000000061c000000, 0x000000061c400000|  0%| F|  |TAMS 0x000000061c000000, 0x000000061c000000| Untracked 
|  94|0x000000061c400000, 0x000000061c400000, 0x000000061c800000|  0%| F|  |TAMS 0x000000061c400000, 0x000000061c400000| Untracked 
|  95|0x000000061c800000, 0x000000061c800000, 0x000000061cc00000|  0%| F|  |TAMS 0x000000061c800000, 0x000000061c800000| Untracked 
|  96|0x000000061cc00000, 0x000000061cc00000, 0x000000061d000000|  0%| F|  |TAMS 0x000000061cc00000, 0x000000061cc00000| Untracked 
|  97|0x000000061d000000, 0x000000061d000000, 0x000000061d400000|  0%| F|  |TAMS 0x000000061d000000, 0x000000061d000000| Untracked 
|  98|0x000000061d400000, 0x000000061d400000, 0x000000061d800000|  0%| F|  |TAMS 0x000000061d400000, 0x000000061d400000| Untracked 
|  99|0x000000061d800000, 0x000000061d800000, 0x000000061dc00000|  0%| F|  |TAMS 0x000000061d800000, 0x000000061d800000| Untracked 
| 100|0x000000061dc00000, 0x000000061dc00000, 0x000000061e000000|  0%| F|  |TAMS 0x000000061dc00000, 0x000000061dc00000| Untracked 
| 101|0x000000061e000000, 0x000000061e000000, 0x000000061e400000|  0%| F|  |TAMS 0x000000061e000000, 0x000000061e000000| Untracked 
| 102|0x000000061e400000, 0x000000061e400000, 0x000000061e800000|  0%| F|  |TAMS 0x000000061e400000, 0x000000061e400000| Untracked 
| 103|0x000000061e800000, 0x000000061e800000, 0x000000061ec00000|  0%| F|  |TAMS 0x000000061e800000, 0x000000061e800000| Untracked 
| 104|0x000000061ec00000, 0x000000061ec00000, 0x000000061f000000|  0%| F|  |TAMS 0x000000061ec00000, 0x000000061ec00000| Untracked 
| 105|0x000000061f000000, 0x000000061f000000, 0x000000061f400000|  0%| F|  |TAMS 0x000000061f000000, 0x000000061f000000| Untracked 
| 106|0x000000061f400000, 0x000000061f400000, 0x000000061f800000|  0%| F|  |TAMS 0x000000061f400000, 0x000000061f400000| Untracked 
| 107|0x000000061f800000, 0x000000061f800000, 0x000000061fc00000|  0%| F|  |TAMS 0x000000061f800000, 0x000000061f800000| Untracked 
| 108|0x000000061fc00000, 0x000000061fc00000, 0x0000000620000000|  0%| F|  |TAMS 0x000000061fc00000, 0x000000061fc00000| Untracked 
| 109|0x0000000620000000, 0x0000000620000000, 0x0000000620400000|  0%| F|  |TAMS 0x0000000620000000, 0x0000000620000000| Untracked 
| 110|0x0000000620400000, 0x0000000620400000, 0x0000000620800000|  0%| F|  |TAMS 0x0000000620400000, 0x0000000620400000| Untracked 
| 111|0x0000000620800000, 0x0000000620800000, 0x0000000620c00000|  0%| F|  |TAMS 0x0000000620800000, 0x0000000620800000| Untracked 
| 112|0x0000000620c00000, 0x0000000620c00000, 0x0000000621000000|  0%| F|  |TAMS 0x0000000620c00000, 0x0000000620c00000| Untracked 
| 113|0x0000000621000000, 0x0000000621000000, 0x0000000621400000|  0%| F|  |TAMS 0x0000000621000000, 0x0000000621000000| Untracked 
| 114|0x0000000621400000, 0x0000000621400000, 0x0000000621800000|  0%| F|  |TAMS 0x0000000621400000, 0x0000000621400000| Untracked 
| 115|0x0000000621800000, 0x0000000621800000, 0x0000000621c00000|  0%| F|  |TAMS 0x0000000621800000, 0x0000000621800000| Untracked 
| 116|0x0000000621c00000, 0x0000000621c00000, 0x0000000622000000|  0%| F|  |TAMS 0x0000000621c00000, 0x0000000621c00000| Untracked 
| 117|0x0000000622000000, 0x0000000622000000, 0x0000000622400000|  0%| F|  |TAMS 0x0000000622000000, 0x0000000622000000| Untracked 
| 118|0x0000000622400000, 0x0000000622400000, 0x0000000622800000|  0%| F|  |TAMS 0x0000000622400000, 0x0000000622400000| Untracked 
| 119|0x0000000622800000, 0x0000000622800000, 0x0000000622c00000|  0%| F|  |TAMS 0x0000000622800000, 0x0000000622800000| Untracked 
| 120|0x0000000622c00000, 0x0000000622c00000, 0x0000000623000000|  0%| F|  |TAMS 0x0000000622c00000, 0x0000000622c00000| Untracked 
| 121|0x0000000623000000, 0x000000062307b820, 0x0000000623400000| 12%| E|  |TAMS 0x0000000623000000, 0x0000000623000000| Complete 
| 122|0x0000000623400000, 0x0000000623800000, 0x0000000623800000|100%| E|CS|TAMS 0x0000000623400000, 0x0000000623400000| Complete 
| 123|0x0000000623800000, 0x0000000623c00000, 0x0000000623c00000|100%| E|CS|TAMS 0x0000000623800000, 0x0000000623800000| Complete 
| 124|0x0000000623c00000, 0x0000000624000000, 0x0000000624000000|100%| E|CS|TAMS 0x0000000623c00000, 0x0000000623c00000| Complete 
| 125|0x0000000624000000, 0x0000000624400000, 0x0000000624400000|100%| E|CS|TAMS 0x0000000624000000, 0x0000000624000000| Complete 
| 126|0x0000000624400000, 0x0000000624800000, 0x0000000624800000|100%| E|CS|TAMS 0x0000000624400000, 0x0000000624400000| Complete 

Card table byte_map: [0x000001ba254f0000,0x000001ba264d0000] _byte_map_base: 0x000001ba224ca000

Marking Bits (Prev, Next): (CMBitMap*) 0x000001ba19461a80, (CMBitMap*) 0x000001ba19461ac0
 Prev Bits: [0x000001ba274b0000, 0x000001ba2f380000)
 Next Bits: [0x000001ba2f380000, 0x000001ba37250000)

Polling page: 0x000001ba18b30000

Metaspace:

Usage:
  Non-class:      4.93 MB used.
      Class:    725.91 KB used.
       Both:      5.64 MB used.

Virtual space:
  Non-class space:       64.00 MB reserved,       5.00 MB (  8%) committed,  1 nodes.
      Class space:        1.00 GB reserved,     832.00 KB ( <1%) committed,  1 nodes.
             Both:        1.06 GB reserved,       5.81 MB ( <1%) committed. 

Chunk freelists:
   Non-Class:  10.08 MB
       Class:  15.10 MB
        Both:  25.18 MB

MaxMetaspaceSize: unlimited
CompressedClassSpaceSize: 1.00 GB
Initial GC threshold: 21.00 MB
Current GC threshold: 21.00 MB
CDS: on
MetaspaceReclaimPolicy: balanced
 - commit_granule_bytes: 65536.
 - commit_granule_words: 8192.
 - virtual_space_node_default_size: 8388608.
 - enlarge_chunks_in_place: 1.
 - new_chunks_are_fully_committed: 0.
 - uncommit_free_chunks: 1.
 - use_allocation_guard: 0.
 - handle_deallocations: 1.


Internal statistics:

num_allocs_failed_limit: 0.
num_arena_births: 114.
num_arena_deaths: 0.
num_vsnodes_births: 2.
num_vsnodes_deaths: 0.
num_space_committed: 93.
num_space_uncommitted: 0.
num_chunks_returned_to_freelist: 0.
num_chunks_taken_from_freelist: 181.
num_chunk_merges: 0.
num_chunk_splits: 116.
num_chunks_enlarged: 70.
num_inconsistent_stats: 0.

CodeCache: size=49152Kb used=4454Kb max_used=4454Kb free=44697Kb
 bounds [0x000001ba20c90000, 0x000001ba210f0000, 0x000001ba23c90000]
 total_blobs=1584 nmethods=1132 adapters=377
 compilation: enabled
              stopped_count=0, restarted_count=0
 full_count=0

Compilation events (20 events):
Event: 0.376 Thread 0x000001ba3a70b890 nmethod 1122 0x000001ba210e2190 code [0x000001ba210e2340, 0x000001ba210e24d8]
Event: 0.376 Thread 0x000001ba3a70b890 1123       1       java.lang.invoke.LambdaForm$NamedFunction::intrinsicName (21 bytes)
Event: 0.376 Thread 0x000001ba3a5d0250 nmethod 1128 0x000001ba210e2610 code [0x000001ba210e27c0, 0x000001ba210e29d8]
Event: 0.376 Thread 0x000001ba3a5d0250 1124       1       java.lang.invoke.LambdaForm$NamedFunction::member (26 bytes)
Event: 0.376 Thread 0x000001ba3a70b890 nmethod 1123 0x000001ba210e2c10 code [0x000001ba210e2dc0, 0x000001ba210e2ee8]
Event: 0.376 Thread 0x000001ba3a70b890 1125       1       java.lang.invoke.InvokerBytecodeGenerator::isStaticallyInvocable (165 bytes)
Event: 0.376 Thread 0x000001ba3a5d0250 nmethod 1124 0x000001ba210e3c90 code [0x000001ba210e3e20, 0x000001ba210e3ef8]
Event: 0.376 Thread 0x000001ba3a5ec650 nmethod 1130 0x000001ba210e2f90 code [0x000001ba210e31e0, 0x000001ba210e39e8]
Event: 0.376 Thread 0x000001ba3a5d0250 1126       1       java.lang.invoke.MemberName::isPrivate (8 bytes)
Event: 0.376 Thread 0x000001ba3a5ec650 1127       1       java.lang.invoke.InvokerBytecodeGenerator::emitStaticInvoke (258 bytes)
Event: 0.376 Thread 0x000001ba3a5d0250 nmethod 1126 0x000001ba210e3f90 code [0x000001ba210e4120, 0x000001ba210e41f8]
Event: 0.376 Thread 0x000001ba3a5d0250 1129       1       java.lang.invoke.InvokerBytecodeGenerator::refKindOpcode (112 bytes)
Event: 0.376 Thread 0x000001ba00434b60 nmethod 1114 0x000001ba210e4290 code [0x000001ba210e47e0, 0x000001ba210e5be8]
Event: 0.377 Thread 0x000001ba3a5d0250 nmethod 1129 0x000001ba210e6e10 code [0x000001ba210e7020, 0x000001ba210e7598]
Event: 0.377 Thread 0x000001ba3a5ec650 nmethod 1127 0x000001ba210e7790 code [0x000001ba210e7a00, 0x000001ba210e7fe8]
Event: 0.377 Thread 0x000001ba3a70b890 nmethod 1125 0x000001ba210e8390 code [0x000001ba210e8660, 0x000001ba210e8e68]
Event: 0.377 Thread 0x000001ba3a5ec650 1131       1       sun.invoke.util.VerifyAccess::isTypeVisible (47 bytes)
Event: 0.377 Thread 0x000001ba3a5ec650 nmethod 1131 0x000001ba210e9210 code [0x000001ba210e93c0, 0x000001ba210e95b8]
Event: 0.377 Thread 0x000001ba3a5ec650 1132       1       java.util.zip.ZipEntry::getName (5 bytes)
Event: 0.377 Thread 0x000001ba3a5ec650 nmethod 1132 0x000001ba210e9710 code [0x000001ba210e98a0, 0x000001ba210e9978]

GC Heap History (0 events):
No events

Deoptimization events (0 events):
No events

Classes unloaded (0 events):
No events

Classes redefined (0 events):
No events

Internal exceptions (15 events):
Event: 0.149 Thread 0x000001ba3a9483c0 Exception <a 'java/lang/NoSuchMethodError'{0x0000000623f1e2a8}: 'java.lang.Object java.lang.invoke.DirectMethodHandle$Holder.invokeStaticInit(java.lang.Object)'> (0x0000000623f1e2a8) 
thrown [s\open\src\hotspot\share\interpreter\linkResolver.cpp, line 759]
Event: 0.152 Thread 0x000001ba3a9483c0 Exception <a 'java/lang/NoSuchMethodError'{0x0000000623f2bea0}: 'void java.lang.invoke.DirectMethodHandle$Holder.invokeStatic(java.lang.Object, java.lang.Object)'> (0x0000000623f2bea0) 
thrown [s\open\src\hotspot\share\interpreter\linkResolver.cpp, line 759]
Event: 0.185 Thread 0x000001ba193f38a0 Exception <a 'java/lang/NoSuchMethodError'{0x0000000623f04fd0}: 'int java.lang.invoke.DirectMethodHandle$Holder.invokeInterface(java.lang.Object, java.lang.Object)'> (0x0000000623f04fd0) 
thrown [s\open\src\hotspot\share\interpreter\linkResolver.cpp, line 759]
Event: 0.185 Thread 0x000001ba193f38a0 Exception <a 'java/lang/IncompatibleClassChangeError'{0x0000000623f085d0}: Found class java.lang.Object, but interface was expected> (0x0000000623f085d0) 
thrown [s\open\src\hotspot\share\interpreter\linkResolver.cpp, line 826]
Event: 0.206 Thread 0x000001ba193f38a0 Exception <a 'java/lang/NoSuchMethodError'{0x000000062384ebd0}: 'int java.lang.invoke.DirectMethodHandle$Holder.invokeSpecial(java.lang.Object, java.lang.Object, java.lang.Object)'> (0x000000062384ebd0) 
thrown [s\open\src\hotspot\share\interpreter\linkResolver.cpp, line 759]
Event: 0.226 Thread 0x000001ba193f38a0 Exception <a 'java/lang/NoSuchMethodError'{0x000000062394aca0}: 'void java.lang.invoke.DirectMethodHandle$Holder.invokeStatic(java.lang.Object, java.lang.Object, java.lang.Object)'> (0x000000062394aca0) 
thrown [s\open\src\hotspot\share\interpreter\linkResolver.cpp, line 759]
Event: 0.231 Thread 0x000001ba193f38a0 Exception <a 'java/lang/NoSuchMethodError'{0x0000000623987908}: 'int java.lang.invoke.DirectMethodHandle$Holder.invokeSpecialIFC(java.lang.Object, java.lang.Object, java.lang.Object)'> (0x0000000623987908) 
thrown [s\open\src\hotspot\share\interpreter\linkResolver.cpp, line 759]
Event: 0.242 Thread 0x000001ba193f38a0 Exception <a 'java/lang/NoSuchMethodError'{0x00000006239fffb0}: 'java.lang.Object java.lang.invoke.DirectMethodHandle$Holder.invokeStaticInit(java.lang.Object, int, int, int, int)'> (0x00000006239fffb0) 
thrown [s\open\src\hotspot\share\interpreter\linkResolver.cpp, line 759]
Event: 0.288 Thread 0x000001ba193f38a0 Exception <a 'java/lang/NoSuchMethodError'{0x0000000623ad3a40}: 'java.lang.Object java.lang.invoke.DirectMethodHandle$Holder.invokeStaticInit(java.lang.Object, java.lang.Object, int, int, int, int)'> (0x0000000623ad3a40) 
thrown [s\open\src\hotspot\share\interpreter\linkResolver.cpp, line 759]
Event: 0.295 Thread 0x000001ba193f38a0 Exception <a 'java/lang/ClassNotFoundException'{0x0000000623b6cae0}: javax/management/remote/rmi/RMIServerImpl_Skel> (0x0000000623b6cae0) 
thrown [s\open\src\hotspot\share\classfile\systemDictionary.cpp, line 256]
Event: 0.337 Thread 0x000001ba193f38a0 Exception <a 'java/lang/ClassNotFoundException'{0x000000062358f880}: javax/smartcardio/CardPermission> (0x000000062358f880) 
thrown [s\open\src\hotspot\share\classfile\systemDictionary.cpp, line 256]
Event: 0.339 Thread 0x000001ba193f38a0 Exception <a 'java/io/FileNotFoundException'{0x000000062359ddc8}> (0x000000062359ddc8) 
thrown [s\open\src\hotspot\share\prims\jni.cpp, line 516]
Event: 0.346 Thread 0x000001ba193f38a0 Exception <a 'java/lang/NoSuchMethodError'{0x00000006235ffaa0}: 'java.lang.Object java.lang.invoke.DirectMethodHandle$Holder.invokeSpecial(java.lang.Object, java.lang.Object, java.lang.Object, long, java.lang.Object)'> (0x00000006235ffaa0) 
thrown [s\open\src\hotspot\share\interpreter\linkResolver.cpp, line 759]
Event: 0.346 Thread 0x000001ba193f38a0 Exception <a 'java/lang/NoSuchMethodError'{0x0000000623603670}: 'java.lang.Object java.lang.invoke.Invokers$Holder.linkToTargetMethod(java.lang.Object, long, java.lang.Object, java.lang.Object)'> (0x0000000623603670) 
thrown [s\open\src\hotspot\share\interpreter\linkResolver.cpp, line 759]
Event: 0.372 Thread 0x000001ba193f38a0 Exception <a 'java/lang/NoSuchMethodError'{0x00000006237fba48}: 'void java.lang.invoke.DirectMethodHandle$Holder.invokeStatic(java.lang.Object, java.lang.Object, java.lang.Object, java.lang.Object)'> (0x00000006237fba48) 
thrown [s\open\src\hotspot\share\interpreter\linkResolver.cpp, line 759]

VM Operations (14 events):
Event: 0.082 Executing VM operation: HandshakeAllThreads
Event: 0.082 Executing VM operation: HandshakeAllThreads done
Event: 0.148 Executing VM operation: HandshakeAllThreads
Event: 0.148 Executing VM operation: HandshakeAllThreads done
Event: 0.187 Executing VM operation: HandshakeAllThreads
Event: 0.187 Executing VM operation: HandshakeAllThreads done
Event: 0.237 Executing VM operation: HandshakeAllThreads
Event: 0.237 Executing VM operation: HandshakeAllThreads done
Event: 0.308 Executing VM operation: HandshakeAllThreads
Event: 0.308 Executing VM operation: HandshakeAllThreads done
Event: 0.321 Executing VM operation: HandshakeAllThreads
Event: 0.321 Executing VM operation: HandshakeAllThreads done
Event: 0.324 Executing VM operation: HandshakeAllThreads
Event: 0.324 Executing VM operation: HandshakeAllThreads done

Events (20 events):
Event: 0.356 loading class java/time/zone/Ser done
Event: 0.356 loading class java/time/zone/ZoneOffsetTransition
Event: 0.356 loading class java/time/zone/ZoneOffsetTransition done
Event: 0.358 loading class java/util/concurrent/atomic/AtomicReference
Event: 0.358 loading class java/util/concurrent/atomic/AtomicReference done
Event: 0.360 loading class java/lang/NumberFormatException
Event: 0.360 loading class java/lang/NumberFormatException done
Event: 0.363 loading class java/util/concurrent/TimeoutException
Event: 0.363 loading class java/util/concurrent/TimeoutException done
Event: 0.367 loading class java/lang/IllegalAccessError
Event: 0.367 loading class java/lang/IllegalAccessError done
Event: 0.370 loading class java/util/IdentityHashMap$EntrySet
Event: 0.370 loading class java/util/IdentityHashMap$EntrySet done
Event: 0.370 loading class java/util/IdentityHashMap$EntryIterator
Event: 0.370 loading class java/util/IdentityHashMap$EntryIterator done
Event: 0.370 loading class java/util/IdentityHashMap$EntryIterator$Entry
Event: 0.370 loading class java/util/IdentityHashMap$EntryIterator$Entry done
Event: 0.370 loading class java/util/IdentityHashMap$ValueIterator
Event: 0.370 loading class java/util/IdentityHashMap$ValueIterator done
Event: 0.378 loading class java/net/URISyntaxException


Dynamic libraries:
0x00007ff635470000 - 0x00007ff635480000 	C:\Program Files\Java\jdk-17\bin\java.exe
0x00007ff98e000000 - 0x00007ff98e263000 	C:\WINDOWS\SYSTEM32\ntdll.dll
0x00007ff98ce50000 - 0x00007ff98cf17000 	C:\WINDOWS\System32\KERNEL32.DLL
0x00007ff98ba70000 - 0x00007ff98be37000 	C:\WINDOWS\System32\KERNELBASE.dll
0x00007ff98b440000 - 0x00007ff98b58c000 	C:\WINDOWS\System32\ucrtbase.dll
0x00007ff962cb0000 - 0x00007ff962cc9000 	C:\Program Files\Java\jdk-17\bin\jli.dll
0x00007ff94c9f0000 - 0x00007ff94ca0b000 	C:\Program Files\Java\jdk-17\bin\VCRUNTIME140.dll
0x00007ff98da30000 - 0x00007ff98dae4000 	C:\WINDOWS\System32\ADVAPI32.dll
0x00007ff98be40000 - 0x00007ff98bee9000 	C:\WINDOWS\System32\msvcrt.dll
0x00007ff98d080000 - 0x00007ff98d126000 	C:\WINDOWS\System32\sechost.dll
0x00007ff98d130000 - 0x00007ff98d246000 	C:\WINDOWS\System32\RPCRT4.dll
0x00007ff98c9d0000 - 0x00007ff98cb99000 	C:\WINDOWS\System32\USER32.dll
0x00007ff98b8c0000 - 0x00007ff98b8e7000 	C:\WINDOWS\System32\win32u.dll
0x00007ff95fb30000 - 0x00007ff95fdc0000 	C:\WINDOWS\WinSxS\amd64_microsoft.windows.common-controls_6595b64144ccf1df_6.0.26100.3037_none_3e09262ce333c378\COMCTL32.dll
0x00007ff98bef0000 - 0x00007ff98bf1a000 	C:\WINDOWS\System32\GDI32.dll
0x00007ff98b590000 - 0x00007ff98b6bb000 	C:\WINDOWS\System32\gdi32full.dll
0x00007ff98b810000 - 0x00007ff98b8b3000 	C:\WINDOWS\System32\msvcp_win.dll
0x00007ff984640000 - 0x00007ff98464b000 	C:\WINDOWS\SYSTEM32\VERSION.dll
0x00007ff98bf20000 - 0x00007ff98bf4f000 	C:\WINDOWS\System32\IMM32.DLL
0x00007ff963c20000 - 0x00007ff963c2c000 	C:\Program Files\Java\jdk-17\bin\vcruntime140_1.dll
0x00007ff93ca00000 - 0x00007ff93ca8e000 	C:\Program Files\Java\jdk-17\bin\msvcp140.dll
0x00007ff921440000 - 0x00007ff92201f000 	C:\Program Files\Java\jdk-17\bin\server\jvm.dll
0x00007ff9880b0000 - 0x00007ff9880e6000 	C:\WINDOWS\SYSTEM32\WINMM.dll
0x00007ff987cb0000 - 0x00007ff987cba000 	C:\WINDOWS\SYSTEM32\WSOCK32.dll
0x00007ff98ce40000 - 0x00007ff98ce48000 	C:\WINDOWS\System32\PSAPI.DLL
0x00007ff98d000000 - 0x00007ff98d074000 	C:\WINDOWS\System32\WS2_32.dll
0x00007ff98a190000 - 0x00007ff98a1aa000 	C:\WINDOWS\SYSTEM32\kernel.appcore.dll
0x00007ff962ca0000 - 0x00007ff962caa000 	C:\Program Files\Java\jdk-17\bin\jimage.dll
0x00007ff965860000 - 0x00007ff965aa1000 	C:\WINDOWS\SYSTEM32\DBGHELP.DLL
0x00007ff98dc30000 - 0x00007ff98dfae000 	C:\WINDOWS\System32\combase.dll
0x00007ff98daf0000 - 0x00007ff98dbc6000 	C:\WINDOWS\System32\OLEAUT32.dll
0x00007ff965080000 - 0x00007ff9650b9000 	C:\WINDOWS\SYSTEM32\dbgcore.DLL
0x00007ff98b3a0000 - 0x00007ff98b439000 	C:\WINDOWS\System32\bcryptPrimitives.dll
0x00007ff987c00000 - 0x00007ff987c0e000 	C:\Program Files\Java\jdk-17\bin\instrument.dll
0x00007ff94c730000 - 0x00007ff94c755000 	C:\Program Files\Java\jdk-17\bin\java.dll
0x00007ff922b60000 - 0x00007ff922c37000 	C:\Program Files\Java\jdk-17\bin\jsvml.dll
0x00007ff98c160000 - 0x00007ff98c864000 	C:\WINDOWS\System32\SHELL32.dll
0x00007ff989080000 - 0x00007ff9898b7000 	C:\WINDOWS\SYSTEM32\windows.storage.dll
0x00007ff98d940000 - 0x00007ff98da29000 	C:\WINDOWS\System32\SHCORE.dll
0x00007ff98d8c0000 - 0x00007ff98d91d000 	C:\WINDOWS\System32\shlwapi.dll
0x00007ff98b2b0000 - 0x00007ff98b2de000 	C:\WINDOWS\SYSTEM32\profapi.dll
0x00007ff94a250000 - 0x00007ff94a268000 	C:\Program Files\Java\jdk-17\bin\zip.dll
0x00007ff94c710000 - 0x00007ff94c729000 	C:\Program Files\Java\jdk-17\bin\net.dll
0x00007ff985960000 - 0x00007ff985a7e000 	C:\WINDOWS\SYSTEM32\WINHTTP.dll
0x00007ff98a680000 - 0x00007ff98a6ea000 	C:\WINDOWS\system32\mswsock.dll
0x00007ff94c6f0000 - 0x00007ff94c706000 	C:\Program Files\Java\jdk-17\bin\nio.dll
0x00007ff987bc0000 - 0x00007ff987bda000 	C:\Program Files\JetBrains\IntelliJ IDEA 2023.3.2\bin\breakgen64.dll
0x00007ff989bf0000 - 0x00007ff989d15000 	C:\WINDOWS\SYSTEM32\DNSAPI.dll
0x00007ff989bb0000 - 0x00007ff989be2000 	C:\WINDOWS\SYSTEM32\IPHLPAPI.DLL
0x00007ff98d8b0000 - 0x00007ff98d8ba000 	C:\WINDOWS\System32\NSI.dll
0x00007ff983c90000 - 0x00007ff983c9b000 	C:\Windows\System32\rasadhlp.dll
0x00007ff985190000 - 0x00007ff985215000 	C:\WINDOWS\System32\fwpuclnt.dll
0x00007ff987bf0000 - 0x00007ff987bfa000 	C:\Program Files\Java\jdk-17\bin\management.dll
0x00007ff987be0000 - 0x00007ff987beb000 	C:\Program Files\Java\jdk-17\bin\management_ext.dll
0x00007ff98aa30000 - 0x00007ff98aa4c000 	C:\WINDOWS\SYSTEM32\CRYPTSP.dll
0x00007ff98a0f0000 - 0x00007ff98a128000 	C:\WINDOWS\system32\rsaenh.dll
0x00007ff98a720000 - 0x00007ff98a74b000 	C:\WINDOWS\SYSTEM32\USERENV.dll
0x00007ff98ac50000 - 0x00007ff98ac76000 	C:\WINDOWS\SYSTEM32\bcrypt.dll
0x00007ff98a8b0000 - 0x00007ff98a8bc000 	C:\WINDOWS\SYSTEM32\CRYPTBASE.dll
0x00007ff985790000 - 0x00007ff9857af000 	C:\WINDOWS\SYSTEM32\dhcpcsvc6.DLL
0x00007ff985640000 - 0x00007ff985665000 	C:\WINDOWS\SYSTEM32\dhcpcsvc.DLL
0x00007ff90ac50000 - 0x00007ff90ac68000 	C:\WINDOWS\system32\napinsp.dll
0x00007ff90ac30000 - 0x00007ff90ac42000 	C:\WINDOWS\System32\winrnr.dll
0x00007ff93d270000 - 0x00007ff93d292000 	C:\WINDOWS\system32\nlansp_c.dll
0x00007ff9587a0000 - 0x00007ff9587b6000 	C:\WINDOWS\system32\wshbth.dll

dbghelp: loaded successfully - version: 4.0.5 - missing functions: none
symbol engine: initialized successfully - sym options: 0x614 - pdb path: .;C:\Program Files\Java\jdk-17\bin;C:\WINDOWS\SYSTEM32;C:\WINDOWS\WinSxS\amd64_microsoft.windows.common-controls_6595b64144ccf1df_6.0.26100.3037_none_3e09262ce333c378;C:\Program Files\Java\jdk-17\bin\server;C:\Program Files\JetBrains\IntelliJ IDEA 2023.3.2\bin

VM Arguments:
jvm_args: -XX:TieredStopAtLevel=1 -Dspring.output.ansi.enabled=always -Dcom.sun.management.jmxremote -Dspring.jmx.enabled=true -Dspring.liveBeansView.mbeanDomain -Dspring.application.admin.enabled=true -Dmanagement.endpoints.jmx.exposure.include=* -javaagent:C:\Program Files\JetBrains\IntelliJ IDEA 2023.3.2\lib\idea_rt.jar=59176:C:\Program Files\JetBrains\IntelliJ IDEA 2023.3.2\bin -Dfile.encoding=UTF-8 
java_command: org.etix.adapters.AdaptersApplication
java_class_path (initial): C:\Users\Samuel_PC\Desktop\KEBE\etix-backend\adapters\target\classes;C:\Users\Samuel_PC\.m2\repository\org\joinfaces\jsf-spring-boot-starter\5.2.2\jsf-spring-boot-starter-5.2.2.jar;C:\Users\Samuel_PC\.m2\repository\org\joinfaces\joinfaces-autoconfigure\5.2.2\joinfaces-autoconfigure-5.2.2.jar;C:\Users\Samuel_PC\.m2\repository\org\joinfaces\joinfaces\5.2.2\joinfaces-5.2.2.jar;C:\Users\Samuel_PC\.m2\repository\io\github\classgraph\classgraph\4.8.165\classgraph-4.8.165.jar;C:\Users\Samuel_PC\.m2\repository\org\springframework\boot\spring-boot-starter\3.3.4\spring-boot-starter-3.3.4.jar;C:\Users\Samuel_PC\.m2\repository\org\springframework\boot\spring-boot-starter-logging\3.3.4\spring-boot-starter-logging-3.3.4.jar;C:\Users\Samuel_PC\.m2\repository\ch\qos\logback\logback-classic\1.5.8\logback-classic-1.5.8.jar;C:\Users\Samuel_PC\.m2\repository\ch\qos\logback\logback-core\1.5.8\logback-core-1.5.8.jar;C:\Users\Samuel_PC\.m2\repository\org\apache\logging\log4j\log4j-to-slf4j\2.21.1\log4j-to-slf4j-2.21.1.jar;C:\Users\Samuel_PC\.m2\repository\org\apache\logging\log4j\log4j-api\2.21.1\log4j-api-2.21.1.jar;C:\Users\Samuel_PC\.m2\repository\org\slf4j\jul-to-slf4j\2.0.16\jul-to-slf4j-2.0.16.jar;C:\Users\Samuel_PC\.m2\repository\jakarta\annotation\jakarta.annotation-api\2.1.1\jakarta.annotation-api-2.1.1.jar;C:\Users\Samuel_PC\.m2\repository\org\yaml\snakeyaml\2.2\snakeyaml-2.2.jar;C:\Users\Samuel_PC\.m2\repository\org\springframework\spring-web\6.1.3\spring-web-6.1.3.jar;C:\Users\Samuel_PC\.m2\repository\io\micrometer\micrometer-observation\1.12.2\micrometer-observation-1.12.2.jar;C:\Users\Samuel_PC\.m2\repository\io\micrometer\micrometer-commons\1.12.2\micrometer-commons-1.12.2.jar;C:\Users\Samuel_PC\.m2\repository\org\springframework\boot\spring-boot-starter-tomcat\3.3.4\spring-boot-starter-tomcat-3.3.4.jar;C:\Users\Samuel_PC\.m2\repository\org\apache\tomcat\embed\tomcat-embed-core\10.1.30\tomcat-embed-core-10.1.30.jar;C:\Users\Samuel_PC\.m2\reposit
Launcher Type: SUN_STANDARD

[Global flags]
     intx CICompilerCount                          = 12                                        {product} {ergonomic}
     uint ConcGCThreads                            = 4                                         {product} {ergonomic}
     uint G1ConcRefinementThreads                  = 15                                        {product} {ergonomic}
   size_t G1HeapRegionSize                         = 4194304                                   {product} {ergonomic}
    uintx GCDrainStackTargetSize                   = 64                                        {product} {ergonomic}
   size_t InitialHeapSize                          = 532676608                                 {product} {ergonomic}
     bool ManagementServer                         = true                                      {product} {command line}
   size_t MarkStackSize                            = 4194304                                   {product} {ergonomic}
   size_t MaxHeapSize                              = 8510242816                                {product} {ergonomic}
   size_t MaxNewSize                               = 5104467968                                {product} {ergonomic}
   size_t MinHeapDeltaBytes                        = 4194304                                   {product} {ergonomic}
   size_t MinHeapSize                              = 8388608                                   {product} {ergonomic}
    uintx NonProfiledCodeHeapSize                  = 0                                      {pd product} {ergonomic}
     bool ProfileInterpreter                       = false                                  {pd product} {command line}
    uintx ProfiledCodeHeapSize                     = 0                                      {pd product} {ergonomic}
   size_t SoftMaxHeapSize                          = 8510242816                             {manageable} {ergonomic}
     intx TieredStopAtLevel                        = 1                                         {product} {command line}
     bool UseCompressedClassPointers               = true                           {product lp64_product} {ergonomic}
     bool UseCompressedOops                        = true                           {product lp64_product} {ergonomic}
     bool UseG1GC                                  = true                                      {product} {ergonomic}
     bool UseLargePagesIndividualAllocation        = false                                  {pd product} {ergonomic}

Logging:
Log output configuration:
 #0: stdout all=warning uptime,level,tags
 #1: stderr all=off uptime,level,tags

Environment Variables:
PATH=C:\src\flutter\bin;C:\Program Files\apache-maven-3.9.6\bin;C:\Program Files\Common Files\Oracle\Java\javapath;C:\WINDOWS\system32;C:\WINDOWS;C:\WINDOWS\System32\Wbem;C:\WINDOWS\System32\WindowsPowerShell\v1.0\;C:\WINDOWS\System32\OpenSSH\;C:\Program Files\Microsoft SQL Server\150\Tools\Binn\;C:\Program Files\Microsoft SQL Server\Client SDK\ODBC\170\Tools\Binn\;C:\Program Files\dotnet\;C:\Program Files (x86)\Windows Kits\10\Windows Performance Toolkit\;C:\Program Files\nodejs\;C:\Users\Samuel_PC\AppData\Local\Pub\Cache\bin;C:\Users\Samuel_PC\AppData\Local\Programs\Python\Launcher\;C:\Users\Samuel_PC\AppData\Local\Microsoft\WindowsApps;C:\Users\Samuel_PC\AppData\Local\Programs\Git\cmd;C:\Users\Samuel_PC\AppData\Roaming\npm;C:\Users\Samuel_PC\AppData\Local\Programs\Microsoft VS Code\bin;C:\xampp\php;C:\Users\Samuel_PC\composer;C:\Users\Samuel_PC\AppData\Roaming\Composer\vendor\bin;C:\Users\Samuel_PC\AppData\Local\ComposerSetup\bin;
USERNAME=Samuel_PC
OS=Windows_NT
PROCESSOR_IDENTIFIER=Intel64 Family 6 Model 151 Stepping 2, GenuineIntel



---------------  S Y S T E M  ---------------

OS:
 Windows 11 , 64 bit Build 26100 (10.0.26100.3037)
OS uptime: 1 days 4:25 hours
Hyper-V role detected

CPU: total 20 (initial active 20) (10 cores per cpu, 2 threads per core) family 6 model 151 stepping 2 microcode 0x37, cx8, cmov, fxsr, ht, mmx, 3dnowpref, sse, sse2, sse3, ssse3, sse4.1, sse4.2, popcnt, lzcnt, tsc, tscinvbit, avx, avx2, aes, erms, clmul, bmi1, bmi2, adx, sha, fma, vzeroupper, clflush, clflushopt, clwb, hv

Memory: 4k page, system-wide physical 32455M (13895M free)
TotalPageFile size 34503M (AvailPageFile size 8474M)
current process WorkingSet (physical memory assigned to process): 71M, peak: 71M
current process commit charge ("private bytes"): 632M, peak: 632M

vm_info: Java HotSpot(TM) 64-Bit Server VM (17.0.10+11-LTS-240) for windows-amd64 JRE (17.0.10+11-LTS-240), built on Dec 19 2023 21:47:25 by "mach5one" with MS VC++ 17.1 (VS2022)

END.
