#
# A fatal error has been detected by the Java Runtime Environment:
#
#  EXCEPTION_ACCESS_VIOLATION (0xc0000005) at pc=0x00007ff921b77ab7, pid=14592, tid=22240
#
# JRE version: Java(TM) SE Runtime Environment (17.0.10+11) (build 17.0.10+11-LTS-240)
# Java VM: Java HotSpot(TM) 64-Bit Server VM (17.0.10+11-LTS-240, mixed mode, sharing, tiered, compressed oops, compressed class ptrs, g1 gc, windows-amd64)
# Problematic frame:
# V  [jvm.dll+0x737ab7]
#
# No core dump will be written. Minidumps are not enabled by default on client versions of Windows
#
# If you would like to submit a bug report, please visit:
#   https://bugreport.java.com/bugreport/crash.jsp
#

---------------  S U M M A R Y ------------

Command Line: C:\Users\Samuel_PC\AppData\Local\Temp\surefire9952341314122784327\surefirebooter-20250228144749818_3.jar C:\Users\Samuel_PC\AppData\Local\Temp\surefire9952341314122784327 2025-02-28T14-47-47_624-jvmRun1 surefire-20250228144749818_1tmp surefire_0-20250228144749818_2tmp

Host: 12th Gen Intel(R) Core(TM) i7-12700, 20 cores, 31G,  Windows 11 , 64 bit Build 26100 (10.0.26100.3037)
Time: Fri Feb 28 14:47:54 2025 Greenwich elapsed time: 4.495620 seconds (0d 0h 0m 4s)

---------------  T H R E A D  ---------------

Current thread (0x000001cddd175ad0):  JavaThread "C2 CompilerThread3" daemon [_thread_in_native, id=22240, stack(0x00000088c6300000,0x00000088c6400000)]


Current CompileTask:
C2:   4495 5339       4       org.springframework.beans.factory.support.AbstractBeanFactory::isTypeMatch (619 bytes)

Stack: [0x00000088c6300000,0x00000088c6400000],  sp=0x00000088c63fb9f0,  free space=1006k
Native frames: (J=compiled Java code, j=interpreted, Vv=VM code, C=native code)
V  [jvm.dll+0x737ab7]
V  [jvm.dll+0x737a45]
V  [jvm.dll+0x69ee51]
V  [jvm.dll+0x69d81a]
V  [jvm.dll+0x218942]
V  [jvm.dll+0x216c79]
V  [jvm.dll+0x1a3410]
V  [jvm.dll+0x226aeb]
V  [jvm.dll+0x224cab]
V  [jvm.dll+0x78e45c]
V  [jvm.dll+0x78888a]
V  [jvm.dll+0x676935]
C  [ucrtbase.dll+0x37b0]
C  [KERNEL32.DLL+0x2e8d7]
C  [ntdll.dll+0xbbf2c]


siginfo: EXCEPTION_ACCESS_VIOLATION (0xc0000005), reading address 0x000001cde442add8


Registers:
RAX=0x00000000008043b7, RBX=0x000001cddf9bef50, RCX=0x000001cddd10c758, RDX=0x00000088c63fbc80
RSP=0x00000088c63fb9f0, RBP=0x000001cddf9bee68, RSI=0x000001cde0409020, RDI=0x000001cddf9bef50
R8 =0x000001cd94593358, R9 =0x000000000000001c, R10=0x000001cd94593960, R11=0x00000000000000af
R12=0x0000000000000000, R13=0x000001cdde5c0d40, R14=0x0000000000003390, R15=0x000001cdde8370b0
RIP=0x00007ff921b77ab7, EFLAGS=0x0000000000010287


Register to memory mapping:

RIP=0x00007ff921b77ab7 jvm.dll
RAX=0x00000000008043b7 is an unknown value
RBX=0x000001cddf9bef50 points into unknown readable memory: 0x00007ff921cf7aa0 | a0 7a cf 21 f9 7f 00 00
RCX=0x000001cddd10c758 points into unknown readable memory: 0x00007ff921d236b0 | b0 36 d2 21 f9 7f 00 00
RDX=0x00000088c63fbc80 is pointing into the stack for thread: 0x000001cddd175ad0
RSP=0x00000088c63fb9f0 is pointing into the stack for thread: 0x000001cddd175ad0
RBP=0x000001cddf9bee68 points into unknown readable memory: 0x00007ff921d7dce8 | e8 dc d7 21 f9 7f 00 00
RSI=0x000001cde0409020 points into unknown readable memory: 0x000001cd94593390 | 90 33 59 94 cd 01 00 00
RDI=0x000001cddf9bef50 points into unknown readable memory: 0x00007ff921cf7aa0 | a0 7a cf 21 f9 7f 00 00
R8 =0x000001cd94593358 points into unknown readable memory: 0x00007ff921c86208 | 08 62 c8 21 f9 7f 00 00
R9 =0x000000000000001c is an unknown value
R10=0x000001cd94593960 points into unknown readable memory: 0x00007ff921da4e18 | 18 4e da 21 f9 7f 00 00
R11=0x00000000000000af is an unknown value
R12=0x0 is NULL
R13=0x000001cdde5c0d40 points into unknown readable memory: 0x000001cddd175ad0 | d0 5a 17 dd cd 01 00 00
R14=0x0000000000003390 is an unknown value
R15=0x000001cdde8370b0 points into unknown readable memory: 0x00007ff921d7f6b0 | b0 f6 d7 21 f9 7f 00 00


Top of Stack: (sp=0x00000088c63fb9f0)
0x00000088c63fb9f0:   000001cddf9befc0 00007ff921add17b
0x00000088c63fba00:   000001cddf9bef50 0000000000003380
0x00000088c63fba10:   0000000000003390 00007ff921b77a45
0x00000088c63fba20:   000001cddf9bef50 0000000000000672
0x00000088c63fba30:   00000088c63fbc80 00000088c63fbc80
0x00000088c63fba40:   0000000000000000 00007ff921adee51
0x00000088c63fba50:   000001cddf9bef50 00000088c63fbc80
0x00000088c63fba60:   0000000000000671 00000088c63fbc80
0x00000088c63fba70:   0000000000003390 00007ff921add81a
0x00000088c63fba80:   00000088c63fec30 0000000000000672
0x00000088c63fba90:   000001cddf9bef50 00000088c63fbc80
0x00000088c63fbaa0:   000001cdde5c0d70 0000000000000020
0x00000088c63fbab0:   00000088c63fec30 00007ff921658942
0x00000088c63fbac0:   00000088c63fec30 0000000000000000
0x00000088c63fbad0:   00007ff921d24310 00000088c63fbbc0
0x00000088c63fbae0:   0000010100000000 000001cdde67c240 

Instructions: (pc=0x00007ff921b77ab7)
0x00007ff921b779b7:   20 48 8b 07 48 8b cf ff 50 30 84 c0 74 13 4c 3b
0x00007ff921b779c7:   f5 75 0e 48 8b 03 48 8b cb ff 90 c8 00 00 00 eb
0x00007ff921b779d7:   3b 48 8b 03 48 8b cb ff 50 28 48 3b f0 74 2d 48
0x00007ff921b779e7:   3b f8 74 28 48 8b 0d 2e 68 40 00 48 3b f1 74 1c
0x00007ff921b779f7:   48 3b f9 74 17 48 8b 03 4c 8b c7 48 8b d6 48 8b
0x00007ff921b77a07:   cb ff 90 c0 00 00 00 eb 03 48 8b c1 48 8b 5c 24
0x00007ff921b77a17:   30 48 8b 6c 24 38 48 8b 74 24 40 48 8b 7c 24 48
0x00007ff921b77a27:   48 83 c4 20 41 5e c3 cc cc 48 89 5c 24 08 57 48
0x00007ff921b77a37:   83 ec 20 48 8b fa 48 8b d9 e8 3b 00 00 00 48 85
0x00007ff921b77a47:   c0 75 2a 4c 8b 43 08 4c 8b 4f 50 49 8b 40 08 8b
0x00007ff921b77a57:   48 28 49 8b 40 10 49 8b 14 c9 8b 48 28 48 8b 03
0x00007ff921b77a67:   4d 8b 04 c9 48 8b cb ff 90 c0 00 00 00 48 8b 5c
0x00007ff921b77a77:   24 30 48 83 c4 20 5f c3 cc 48 89 6c 24 10 48 89
0x00007ff921b77a87:   74 24 18 48 89 7c 24 20 41 56 48 83 ec 20 48 8b
0x00007ff921b77a97:   41 08 48 8b f9 4c 8b 05 b5 67 40 00 48 8b 68 08
0x00007ff921b77aa7:   48 8b 48 10 48 3b ef 74 72 48 8b 72 50 8b 45 28
0x00007ff921b77ab7:   4c 8b 34 c6 4d 3b f0 74 62 48 3b cf 74 5d 8b 41
0x00007ff921b77ac7:   28 48 8b 34 c6 49 3b f0 74 51 33 d2 48 89 5c 24
0x00007ff921b77ad7:   30 e8 13 01 f2 ff 33 d2 48 8b cd 48 8b d8 e8 06
0x00007ff921b77ae7:   01 f2 ff 48 3b c3 48 8b 5c 24 30 75 0e 48 8b 07
0x00007ff921b77af7:   48 8b cf ff 90 c8 00 00 00 eb 23 48 8b 05 17 67
0x00007ff921b77b07:   40 00 4c 3b f0 74 09 48 3b f0 74 04 33 c0 eb 0e
0x00007ff921b77b17:   48 8b 07 48 8b cf ff 50 28 eb 03 49 8b c0 48 8b
0x00007ff921b77b27:   6c 24 38 48 8b 74 24 40 48 8b 7c 24 48 48 83 c4
0x00007ff921b77b37:   20 41 5e c3 cc cc cc cc cc 48 89 5c 24 08 48 89
0x00007ff921b77b47:   74 24 10 57 48 83 ec 30 48 8b f2 48 8b f9 48 8b
0x00007ff921b77b57:   ce ba 01 00 00 00 e8 be 57 f6 ff 33 d2 48 8b ce
0x00007ff921b77b67:   48 8b d8 e8 b1 57 f6 ff 4c 8b 0d b2 68 40 00 4c
0x00007ff921b77b77:   8b c0 4c 89 4c 24 20 48 8b d7 4c 8b cb 33 c9 e8
0x00007ff921b77b87:   05 b3 f0 ff 4c 8b 06 48 8b d0 48 8b ce 48 8b 5c
0x00007ff921b77b97:   24 40 48 8b 74 24 48 48 83 c4 30 5f 49 ff 60 08
0x00007ff921b77ba7:   cc cc cc cc cc cc cc cc cc 4c 8b dc 48 83 ec 78 


Stack slot to memory mapping:
stack at sp + 0 slots: 0x000001cddf9befc0 points into unknown readable memory: 0x00007ff921cf7e00 | 00 7e cf 21 f9 7f 00 00
stack at sp + 1 slots: 0x00007ff921add17b jvm.dll
stack at sp + 2 slots: 0x000001cddf9bef50 points into unknown readable memory: 0x00007ff921cf7aa0 | a0 7a cf 21 f9 7f 00 00
stack at sp + 3 slots: 0x0000000000003380 is an unknown value
stack at sp + 4 slots: 0x0000000000003390 is an unknown value
stack at sp + 5 slots: 0x00007ff921b77a45 jvm.dll
stack at sp + 6 slots: 0x000001cddf9bef50 points into unknown readable memory: 0x00007ff921cf7aa0 | a0 7a cf 21 f9 7f 00 00
stack at sp + 7 slots: 0x0000000000000672 is an unknown value


---------------  P R O C E S S  ---------------

Threads class SMR info:
_java_thread_list=0x000001cddc2fb7b0, length=27, elements={
0x000001cde4d9e8a0, 0x000001cdff7f3c40, 0x000001cdff7f4800, 0x000001cdff8084d0,
0x000001cdff80dfc0, 0x000001cdff80e980, 0x000001cdff80f340, 0x000001cdff810240,
0x000001cdff812050, 0x000001cd94561f80, 0x000001cd946530c0, 0x000001cd94688e40,
0x000001cd9468e910, 0x000001cdda592850, 0x000001cdda502af0, 0x000001cdda0f78c0,
0x000001cd94832d60, 0x000001cddb9abba0, 0x000001cddb9ac5c0, 0x000001cddb9acfe0,
0x000001cddd174ae0, 0x000001cddd175580, 0x000001cddd175ad0, 0x000001cddd176ac0,
0x000001cddd174040, 0x000001cddd176020, 0x000001cddd1735a0
}

Java Threads: ( => current thread )
  0x000001cde4d9e8a0 JavaThread "main" [_thread_in_vm, id=7444, stack(0x00000088c3e00000,0x00000088c3f00000)]
  0x000001cdff7f3c40 JavaThread "Reference Handler" daemon [_thread_blocked, id=2508, stack(0x00000088c4500000,0x00000088c4600000)]
  0x000001cdff7f4800 JavaThread "Finalizer" daemon [_thread_blocked, id=5316, stack(0x00000088c4600000,0x00000088c4700000)]
  0x000001cdff8084d0 JavaThread "Signal Dispatcher" daemon [_thread_blocked, id=4424, stack(0x00000088c4700000,0x00000088c4800000)]
  0x000001cdff80dfc0 JavaThread "Attach Listener" daemon [_thread_blocked, id=28176, stack(0x00000088c4800000,0x00000088c4900000)]
  0x000001cdff80e980 JavaThread "Service Thread" daemon [_thread_blocked, id=6652, stack(0x00000088c4900000,0x00000088c4a00000)]
  0x000001cdff80f340 JavaThread "Monitor Deflation Thread" daemon [_thread_blocked, id=13084, stack(0x00000088c4a00000,0x00000088c4b00000)]
  0x000001cdff810240 JavaThread "C2 CompilerThread0" daemon [_thread_in_native, id=26636, stack(0x00000088c4b00000,0x00000088c4c00000)]
  0x000001cdff812050 JavaThread "C1 CompilerThread0" daemon [_thread_blocked, id=2408, stack(0x00000088c4c00000,0x00000088c4d00000)]
  0x000001cd94561f80 JavaThread "Sweeper thread" daemon [_thread_blocked, id=15148, stack(0x00000088c4d00000,0x00000088c4e00000)]
  0x000001cd946530c0 JavaThread "C1 CompilerThread1" daemon [_thread_blocked, id=29816, stack(0x00000088c4e00000,0x00000088c4f00000)]
  0x000001cd94688e40 JavaThread "Notification Thread" daemon [_thread_blocked, id=728, stack(0x00000088c4f00000,0x00000088c5000000)]
  0x000001cd9468e910 JavaThread "Common-Cleaner" daemon [_thread_blocked, id=14780, stack(0x00000088c5100000,0x00000088c5200000)]
  0x000001cdda592850 JavaThread "surefire-forkedjvm-stream-flusher" daemon [_thread_blocked, id=25080, stack(0x00000088c5200000,0x00000088c5300000)]
  0x000001cdda502af0 JavaThread "surefire-forkedjvm-command-thread" daemon [_thread_in_native, id=6692, stack(0x00000088c5300000,0x00000088c5400000)]
  0x000001cdda0f78c0 JavaThread "C1 CompilerThread2" daemon [_thread_blocked, id=30280, stack(0x00000088c5400000,0x00000088c5500000)]
  0x000001cd94832d60 JavaThread "C1 CompilerThread3" daemon [_thread_blocked, id=26436, stack(0x00000088c5500000,0x00000088c5600000)]
  0x000001cddb9abba0 JavaThread "mysql-cj-abandoned-connection-cleanup" daemon [_thread_blocked, id=21224, stack(0x00000088c6e00000,0x00000088c6f00000)]
  0x000001cddb9ac5c0 JavaThread "HikariPool-1 housekeeper" daemon [_thread_blocked, id=5020, stack(0x00000088c7000000,0x00000088c7100000)]
  0x000001cddb9acfe0 JavaThread "HikariPool-1 connection adder" daemon [_thread_blocked, id=23044, stack(0x00000088c7100000,0x00000088c7200000)]
  0x000001cddd174ae0 JavaThread "C2 CompilerThread1" daemon [_thread_in_native, id=28556, stack(0x00000088c5600000,0x00000088c5700000)]
  0x000001cddd175580 JavaThread "C2 CompilerThread2" daemon [_thread_in_native, id=3560, stack(0x00000088c6200000,0x00000088c6300000)]
=>0x000001cddd175ad0 JavaThread "C2 CompilerThread3" daemon [_thread_in_native, id=22240, stack(0x00000088c6300000,0x00000088c6400000)]
  0x000001cddd176ac0 JavaThread "C2 CompilerThread4" daemon [_thread_in_native, id=26800, stack(0x00000088c6400000,0x00000088c6500000)]
  0x000001cddd174040 JavaThread "C2 CompilerThread5" daemon [_thread_in_native, id=26788, stack(0x00000088c6500000,0x00000088c6600000)]
  0x000001cddd176020 JavaThread "C2 CompilerThread6" daemon [_thread_in_native, id=18308, stack(0x00000088c6900000,0x00000088c6a00000)]
  0x000001cddd1735a0 JavaThread "C2 CompilerThread7" daemon [_thread_in_vm, id=17448, stack(0x00000088c6b00000,0x00000088c6c00000)]

Other Threads:
  0x000001cdff7f01a0 VMThread "VM Thread" [stack: 0x00000088c4400000,0x00000088c4500000] [id=8540]
  0x000001cdff66e290 WatcherThread [stack: 0x00000088c5000000,0x00000088c5100000] [id=27012]
  0x000001cde69ac9f0 GCTaskThread "GC Thread#0" [stack: 0x00000088c3f00000,0x00000088c4000000] [id=27796]
  0x000001cddab20040 GCTaskThread "GC Thread#1" [stack: 0x00000088c5700000,0x00000088c5800000] [id=7572]
  0x000001cddabf2300 GCTaskThread "GC Thread#2" [stack: 0x00000088c5800000,0x00000088c5900000] [id=20404]
  0x000001cddabf29d0 GCTaskThread "GC Thread#3" [stack: 0x00000088c5900000,0x00000088c5a00000] [id=9356]
  0x000001cddaaad240 GCTaskThread "GC Thread#4" [stack: 0x00000088c5a00000,0x00000088c5b00000] [id=1168]
  0x000001cddaaad500 GCTaskThread "GC Thread#5" [stack: 0x00000088c5b00000,0x00000088c5c00000] [id=32480]
  0x000001cddaaadbc0 GCTaskThread "GC Thread#6" [stack: 0x00000088c5c00000,0x00000088c5d00000] [id=16000]
  0x000001cddaa069a0 GCTaskThread "GC Thread#7" [stack: 0x00000088c5d00000,0x00000088c5e00000] [id=1056]
  0x000001cddaa5e940 GCTaskThread "GC Thread#8" [stack: 0x00000088c5e00000,0x00000088c5f00000] [id=14452]
  0x000001cddaa5ec00 GCTaskThread "GC Thread#9" [stack: 0x00000088c5f00000,0x00000088c6000000] [id=11108]
  0x000001cddaa5eec0 GCTaskThread "GC Thread#10" [stack: 0x00000088c6000000,0x00000088c6100000] [id=20920]
  0x000001cddaa5f590 GCTaskThread "GC Thread#11" [stack: 0x00000088c6100000,0x00000088c6200000] [id=9740]
  0x000001cddbeaac80 GCTaskThread "GC Thread#12" [stack: 0x00000088c6600000,0x00000088c6700000] [id=27556]
  0x000001cddc6de9b0 GCTaskThread "GC Thread#13" [stack: 0x00000088c6700000,0x00000088c6800000] [id=25184]
  0x000001cddc4919c0 GCTaskThread "GC Thread#14" [stack: 0x00000088c6800000,0x00000088c6900000] [id=23920]
  0x000001cde69be3a0 ConcurrentGCThread "G1 Main Marker" [stack: 0x00000088c4000000,0x00000088c4100000] [id=29824]
  0x000001cde69bedb0 ConcurrentGCThread "G1 Conc#0" [stack: 0x00000088c4100000,0x00000088c4200000] [id=1156]
  0x000001cddcb9b4b0 ConcurrentGCThread "G1 Conc#1" [stack: 0x00000088c6a00000,0x00000088c6b00000] [id=25232]
  0x000001cddc73d440 ConcurrentGCThread "G1 Conc#2" [stack: 0x00000088c6c00000,0x00000088c6d00000] [id=20768]
  0x000001cddc73d9c0 ConcurrentGCThread "G1 Conc#3" [stack: 0x00000088c6d00000,0x00000088c6e00000] [id=10840]
  0x000001cdff728c00 ConcurrentGCThread "G1 Refine#0" [stack: 0x00000088c4200000,0x00000088c4300000] [id=17300]
  0x000001cdff72a640 ConcurrentGCThread "G1 Service" [stack: 0x00000088c4300000,0x00000088c4400000] [id=21200]

Threads with active compile tasks:
C2 CompilerThread0     4545 5319       4       org.springframework.core.annotation.MergedAnnotations::from (41 bytes)
C2 CompilerThread1     4545 5320       4       org.springframework.core.annotation.TypeMappedAnnotations::from (27 bytes)
C2 CompilerThread2     4545 5321       4       org.springframework.core.annotation.AnnotationsScanner::isKnownEmpty (63 bytes)
C2 CompilerThread3     4545 5339       4       org.springframework.beans.factory.support.AbstractBeanFactory::isTypeMatch (619 bytes)
C2 CompilerThread4     4545 5341       4       org.springframework.core.ResolvableType::as (86 bytes)
C2 CompilerThread5     4545 5336       4       org.springframework.context.annotation.ConfigurationClassBeanDefinitionReader$ConfigurationClassBeanDefinition::isFactoryMethod (35 bytes)
C2 CompilerThread6     4545 5381       4       org.springframework.core.annotation.AnnotationsScanner::getDeclaredAnnotations (166 bytes)
C2 CompilerThread7     4545 5396   !   4       org.springframework.core.annotation.AnnotationsScanner::processMethodHierarchy (276 bytes)

VM state: not at safepoint (normal execution)

VM Mutex/Monitor currently owned by a thread: None

Heap address: 0x0000000604c00000, size: 8116 MB, Compressed Oops mode: Zero based, Oop shift amount: 3

CDS archive(s) mapped at: [0x000001cd95000000-0x000001cd95bd0000-0x000001cd95bd0000), size 12386304, SharedBaseAddress: 0x000001cd95000000, ArchiveRelocationMode: 1.
Compressed class space mapped at: 0x000001cd96000000-0x000001cdd6000000, reserved size: 1073741824
Narrow klass base: 0x000001cd95000000, Narrow klass shift: 0, Narrow klass range: 0x100000000

GC Precious Log:
 CPUs: 20 total, 20 available
 Memory: 32455M
 Large Page Support: Disabled
 NUMA Support: Disabled
 Compressed Oops: Enabled (Zero based)
 Heap Region Size: 4M
 Heap Min Capacity: 8M
 Heap Initial Capacity: 508M
 Heap Max Capacity: 8116M
 Pre-touch: Disabled
 Parallel Workers: 15
 Concurrent Workers: 4
 Concurrent Refinement Workers: 15
 Periodic GC: Disabled

Heap:
 garbage-first heap   total 311296K, used 57721K [0x0000000604c00000, 0x0000000800000000)
  region size 4096K, 10 young (40960K), 1 survivors (4096K)
 Metaspace       used 55281K, committed 55744K, reserved 1114112K
  class space    used 7631K, committed 7872K, reserved 1048576K

Heap Regions: E=young(eden), S=young(survivor), O=old, HS=humongous(starts), HC=humongous(continues), CS=collection set, F=free, OA=open archive, CA=closed archive, TAMS=top-at-mark-start (previous, next)
|   0|0x0000000604c00000, 0x0000000605000000, 0x0000000605000000|100%| O|  |TAMS 0x0000000605000000, 0x0000000604c00000| Untracked 
|   1|0x0000000605000000, 0x0000000605400000, 0x0000000605400000|100%| O|  |TAMS 0x0000000605400000, 0x0000000605000000| Untracked 
|   2|0x0000000605400000, 0x0000000605800000, 0x0000000605800000|100%| O|  |TAMS 0x0000000605400000, 0x0000000605400000| Untracked 
|   3|0x0000000605800000, 0x0000000605c00000, 0x0000000605c00000|100%| O|  |TAMS 0x0000000605c00000, 0x0000000605800000| Untracked 
|   4|0x0000000605c00000, 0x0000000606000000, 0x0000000606000000|100%| O|  |TAMS 0x0000000606000000, 0x0000000605c00000| Untracked 
|   5|0x0000000606000000, 0x0000000606000000, 0x0000000606400000|  0%| F|  |TAMS 0x0000000606000000, 0x0000000606000000| Untracked 
|   6|0x0000000606400000, 0x0000000606755200, 0x0000000606800000| 83%| O|  |TAMS 0x0000000606400000, 0x0000000606400000| Untracked 
|   7|0x0000000606800000, 0x0000000606800000, 0x0000000606c00000|  0%| F|  |TAMS 0x0000000606800000, 0x0000000606800000| Untracked 
|   8|0x0000000606c00000, 0x0000000606c00000, 0x0000000607000000|  0%| F|  |TAMS 0x0000000606c00000, 0x0000000606c00000| Untracked 
|   9|0x0000000607000000, 0x0000000607000000, 0x0000000607400000|  0%| F|  |TAMS 0x0000000607000000, 0x0000000607000000| Untracked 
|  10|0x0000000607400000, 0x0000000607400000, 0x0000000607800000|  0%| F|  |TAMS 0x0000000607400000, 0x0000000607400000| Untracked 
|  11|0x0000000607800000, 0x0000000607800000, 0x0000000607c00000|  0%| F|  |TAMS 0x0000000607800000, 0x0000000607800000| Untracked 
|  12|0x0000000607c00000, 0x0000000607c00000, 0x0000000608000000|  0%| F|  |TAMS 0x0000000607c00000, 0x0000000607c00000| Untracked 
|  13|0x0000000608000000, 0x0000000608000000, 0x0000000608400000|  0%| F|  |TAMS 0x0000000608000000, 0x0000000608000000| Untracked 
|  14|0x0000000608400000, 0x0000000608400000, 0x0000000608800000|  0%| F|  |TAMS 0x0000000608400000, 0x0000000608400000| Untracked 
|  15|0x0000000608800000, 0x0000000608800000, 0x0000000608c00000|  0%| F|  |TAMS 0x0000000608800000, 0x0000000608800000| Untracked 
|  16|0x0000000608c00000, 0x0000000608c00000, 0x0000000609000000|  0%| F|  |TAMS 0x0000000608c00000, 0x0000000608c00000| Untracked 
|  17|0x0000000609000000, 0x0000000609000000, 0x0000000609400000|  0%| F|  |TAMS 0x0000000609000000, 0x0000000609000000| Untracked 
|  18|0x0000000609400000, 0x0000000609400000, 0x0000000609800000|  0%| F|  |TAMS 0x0000000609400000, 0x0000000609400000| Untracked 
|  19|0x0000000609800000, 0x0000000609800000, 0x0000000609c00000|  0%| F|  |TAMS 0x0000000609800000, 0x0000000609800000| Untracked 
|  20|0x0000000609c00000, 0x0000000609c00000, 0x000000060a000000|  0%| F|  |TAMS 0x0000000609c00000, 0x0000000609c00000| Untracked 
|  21|0x000000060a000000, 0x000000060a000000, 0x000000060a400000|  0%| F|  |TAMS 0x000000060a000000, 0x000000060a000000| Untracked 
|  22|0x000000060a400000, 0x000000060a400000, 0x000000060a800000|  0%| F|  |TAMS 0x000000060a400000, 0x000000060a400000| Untracked 
|  23|0x000000060a800000, 0x000000060a800000, 0x000000060ac00000|  0%| F|  |TAMS 0x000000060a800000, 0x000000060a800000| Untracked 
|  24|0x000000060ac00000, 0x000000060ac00000, 0x000000060b000000|  0%| F|  |TAMS 0x000000060ac00000, 0x000000060ac00000| Untracked 
|  25|0x000000060b000000, 0x000000060b000000, 0x000000060b400000|  0%| F|  |TAMS 0x000000060b000000, 0x000000060b000000| Untracked 
|  26|0x000000060b400000, 0x000000060b400000, 0x000000060b800000|  0%| F|  |TAMS 0x000000060b400000, 0x000000060b400000| Untracked 
|  27|0x000000060b800000, 0x000000060b800000, 0x000000060bc00000|  0%| F|  |TAMS 0x000000060b800000, 0x000000060b800000| Untracked 
|  28|0x000000060bc00000, 0x000000060bc00000, 0x000000060c000000|  0%| F|  |TAMS 0x000000060bc00000, 0x000000060bc00000| Untracked 
|  29|0x000000060c000000, 0x000000060c000000, 0x000000060c400000|  0%| F|  |TAMS 0x000000060c000000, 0x000000060c000000| Untracked 
|  30|0x000000060c400000, 0x000000060c400000, 0x000000060c800000|  0%| F|  |TAMS 0x000000060c400000, 0x000000060c400000| Untracked 
|  31|0x000000060c800000, 0x000000060c800000, 0x000000060cc00000|  0%| F|  |TAMS 0x000000060c800000, 0x000000060c800000| Untracked 
|  32|0x000000060cc00000, 0x000000060cc00000, 0x000000060d000000|  0%| F|  |TAMS 0x000000060cc00000, 0x000000060cc00000| Untracked 
|  33|0x000000060d000000, 0x000000060d000000, 0x000000060d400000|  0%| F|  |TAMS 0x000000060d000000, 0x000000060d000000| Untracked 
|  34|0x000000060d400000, 0x000000060d400000, 0x000000060d800000|  0%| F|  |TAMS 0x000000060d400000, 0x000000060d400000| Untracked 
|  35|0x000000060d800000, 0x000000060d800000, 0x000000060dc00000|  0%| F|  |TAMS 0x000000060d800000, 0x000000060d800000| Untracked 
|  36|0x000000060dc00000, 0x000000060dc00000, 0x000000060e000000|  0%| F|  |TAMS 0x000000060dc00000, 0x000000060dc00000| Untracked 
|  37|0x000000060e000000, 0x000000060e000000, 0x000000060e400000|  0%| F|  |TAMS 0x000000060e000000, 0x000000060e000000| Untracked 
|  38|0x000000060e400000, 0x000000060e400000, 0x000000060e800000|  0%| F|  |TAMS 0x000000060e400000, 0x000000060e400000| Untracked 
|  39|0x000000060e800000, 0x000000060e800000, 0x000000060ec00000|  0%| F|  |TAMS 0x000000060e800000, 0x000000060e800000| Untracked 
|  40|0x000000060ec00000, 0x000000060ec00000, 0x000000060f000000|  0%| F|  |TAMS 0x000000060ec00000, 0x000000060ec00000| Untracked 
|  41|0x000000060f000000, 0x000000060f000000, 0x000000060f400000|  0%| F|  |TAMS 0x000000060f000000, 0x000000060f000000| Untracked 
|  42|0x000000060f400000, 0x000000060f400000, 0x000000060f800000|  0%| F|  |TAMS 0x000000060f400000, 0x000000060f400000| Untracked 
|  43|0x000000060f800000, 0x000000060f800000, 0x000000060fc00000|  0%| F|  |TAMS 0x000000060f800000, 0x000000060f800000| Untracked 
|  44|0x000000060fc00000, 0x000000060fc00000, 0x0000000610000000|  0%| F|  |TAMS 0x000000060fc00000, 0x000000060fc00000| Untracked 
|  45|0x0000000610000000, 0x0000000610000000, 0x0000000610400000|  0%| F|  |TAMS 0x0000000610000000, 0x0000000610000000| Untracked 
|  46|0x0000000610400000, 0x0000000610400000, 0x0000000610800000|  0%| F|  |TAMS 0x0000000610400000, 0x0000000610400000| Untracked 
|  47|0x0000000610800000, 0x0000000610800000, 0x0000000610c00000|  0%| F|  |TAMS 0x0000000610800000, 0x0000000610800000| Untracked 
|  48|0x0000000610c00000, 0x0000000610c00000, 0x0000000611000000|  0%| F|  |TAMS 0x0000000610c00000, 0x0000000610c00000| Untracked 
|  49|0x0000000611000000, 0x0000000611000000, 0x0000000611400000|  0%| F|  |TAMS 0x0000000611000000, 0x0000000611000000| Untracked 
|  50|0x0000000611400000, 0x0000000611400000, 0x0000000611800000|  0%| F|  |TAMS 0x0000000611400000, 0x0000000611400000| Untracked 
|  51|0x0000000611800000, 0x0000000611800000, 0x0000000611c00000|  0%| F|  |TAMS 0x0000000611800000, 0x0000000611800000| Untracked 
|  52|0x0000000611c00000, 0x0000000611c00000, 0x0000000612000000|  0%| F|  |TAMS 0x0000000611c00000, 0x0000000611c00000| Untracked 
|  53|0x0000000612000000, 0x0000000612000000, 0x0000000612400000|  0%| F|  |TAMS 0x0000000612000000, 0x0000000612000000| Untracked 
|  54|0x0000000612400000, 0x0000000612400000, 0x0000000612800000|  0%| F|  |TAMS 0x0000000612400000, 0x0000000612400000| Untracked 
|  55|0x0000000612800000, 0x0000000612800000, 0x0000000612c00000|  0%| F|  |TAMS 0x0000000612800000, 0x0000000612800000| Untracked 
|  56|0x0000000612c00000, 0x0000000612c00000, 0x0000000613000000|  0%| F|  |TAMS 0x0000000612c00000, 0x0000000612c00000| Untracked 
|  57|0x0000000613000000, 0x0000000613000000, 0x0000000613400000|  0%| F|  |TAMS 0x0000000613000000, 0x0000000613000000| Untracked 
|  58|0x0000000613400000, 0x0000000613400000, 0x0000000613800000|  0%| F|  |TAMS 0x0000000613400000, 0x0000000613400000| Untracked 
|  59|0x0000000613800000, 0x0000000613800000, 0x0000000613c00000|  0%| F|  |TAMS 0x0000000613800000, 0x0000000613800000| Untracked 
|  60|0x0000000613c00000, 0x0000000613c00000, 0x0000000614000000|  0%| F|  |TAMS 0x0000000613c00000, 0x0000000613c00000| Untracked 
|  61|0x0000000614000000, 0x0000000614000000, 0x0000000614400000|  0%| F|  |TAMS 0x0000000614000000, 0x0000000614000000| Untracked 
|  62|0x0000000614400000, 0x0000000614400000, 0x0000000614800000|  0%| F|  |TAMS 0x0000000614400000, 0x0000000614400000| Untracked 
|  63|0x0000000614800000, 0x0000000614800000, 0x0000000614c00000|  0%| F|  |TAMS 0x0000000614800000, 0x0000000614800000| Untracked 
|  64|0x0000000614c00000, 0x0000000614c00000, 0x0000000615000000|  0%| F|  |TAMS 0x0000000614c00000, 0x0000000614c00000| Untracked 
|  65|0x0000000615000000, 0x0000000615000000, 0x0000000615400000|  0%| F|  |TAMS 0x0000000615000000, 0x0000000615000000| Untracked 
|  66|0x0000000615400000, 0x0000000615800000, 0x0000000615800000|100%| E|  |TAMS 0x0000000615400000, 0x0000000615400000| Complete 
|  67|0x0000000615800000, 0x0000000615c00000, 0x0000000615c00000|100%| E|CS|TAMS 0x0000000615800000, 0x0000000615800000| Complete 
|  68|0x0000000615c00000, 0x0000000616000000, 0x0000000616000000|100%| E|CS|TAMS 0x0000000615c00000, 0x0000000615c00000| Complete 
|  69|0x0000000616000000, 0x0000000616400000, 0x0000000616400000|100%| E|CS|TAMS 0x0000000616000000, 0x0000000616000000| Complete 
|  70|0x0000000616400000, 0x0000000616800000, 0x0000000616800000|100%| E|CS|TAMS 0x0000000616400000, 0x0000000616400000| Complete 
|  71|0x0000000616800000, 0x0000000616c00000, 0x0000000616c00000|100%| E|CS|TAMS 0x0000000616800000, 0x0000000616800000| Complete 
| 123|0x0000000623800000, 0x0000000623c00000, 0x0000000623c00000|100%| E|CS|TAMS 0x0000000623800000, 0x0000000623800000| Complete 
| 124|0x0000000623c00000, 0x0000000624000000, 0x0000000624000000|100%| E|CS|TAMS 0x0000000623c00000, 0x0000000623c00000| Complete 
| 125|0x0000000624000000, 0x0000000624109470, 0x0000000624400000| 25%| S|CS|TAMS 0x0000000624000000, 0x0000000624000000| Complete 
| 126|0x0000000624400000, 0x0000000624800000, 0x0000000624800000|100%| E|CS|TAMS 0x0000000624400000, 0x0000000624400000| Complete 

Card table byte_map: [0x000001cd80000000,0x000001cd80fe0000] _byte_map_base: 0x000001cd7cfda000

Marking Bits (Prev, Next): (CMBitMap*) 0x000001cde69ad010, (CMBitMap*) 0x000001cde69ad050
 Prev Bits: [0x000001cd81fc0000, 0x000001cd89e90000)
 Next Bits: [0x000001cd89e90000, 0x000001cd91d60000)

Polling page: 0x000001cde4fe0000

Metaspace:

Usage:
  Non-class:     46.55 MB used.
      Class:      7.46 MB used.
       Both:     54.01 MB used.

Virtual space:
  Non-class space:       64.00 MB reserved,      46.75 MB ( 73%) committed,  1 nodes.
      Class space:        1.00 GB reserved,       7.69 MB ( <1%) committed,  1 nodes.
             Both:        1.06 GB reserved,      54.44 MB (  5%) committed. 

Chunk freelists:
   Non-Class:  1.00 MB
       Class:  8.20 MB
        Both:  9.20 MB

MaxMetaspaceSize: unlimited
CompressedClassSpaceSize: 1.00 GB
Initial GC threshold: 21.00 MB
Current GC threshold: 58.75 MB
CDS: on
MetaspaceReclaimPolicy: balanced
 - commit_granule_bytes: 65536.
 - commit_granule_words: 8192.
 - virtual_space_node_default_size: 8388608.
 - enlarge_chunks_in_place: 1.
 - new_chunks_are_fully_committed: 0.
 - uncommit_free_chunks: 1.
 - use_allocation_guard: 0.
 - handle_deallocations: 1.


Internal statistics:

num_allocs_failed_limit: 6.
num_arena_births: 630.
num_arena_deaths: 0.
num_vsnodes_births: 2.
num_vsnodes_deaths: 0.
num_space_committed: 871.
num_space_uncommitted: 0.
num_chunks_returned_to_freelist: 6.
num_chunks_taken_from_freelist: 2670.
num_chunk_merges: 3.
num_chunk_splits: 1911.
num_chunks_enlarged: 1509.
num_inconsistent_stats: 0.

CodeHeap 'non-profiled nmethods': size=119168Kb used=3338Kb max_used=3338Kb free=115829Kb
 bounds [0x000001cdf5df0000, 0x000001cdf6140000, 0x000001cdfd250000]
CodeHeap 'profiled nmethods': size=119104Kb used=9587Kb max_used=9733Kb free=109517Kb
 bounds [0x000001cdee250000, 0x000001cdeebe0000, 0x000001cdf56a0000]
CodeHeap 'non-nmethods': size=7488Kb used=3016Kb max_used=3033Kb free=4471Kb
 bounds [0x000001cdf56a0000, 0x000001cdf59b0000, 0x000001cdf5df0000]
 total_blobs=5352 nmethods=4701 adapters=560
 compilation: enabled
              stopped_count=0, restarted_count=0
 full_count=0

Compilation events (20 events):
Event: 4.481 Thread 0x000001cdda0f78c0 nmethod 5355 0x000001cdee752790 code [0x000001cdee7529c0, 0x000001cdee753068]
Event: 4.481 Thread 0x000001cd94832d60 5356       3       org.springframework.asm.ClassReader::accept (1401 bytes)
Event: 4.481 Thread 0x000001cd946530c0 nmethod 5353 0x000001cdee751310 code [0x000001cdee7515c0, 0x000001cdee752378]
Event: 4.482 Thread 0x000001cd946530c0 5357       3       java.lang.invoke.Invokers$Holder::linkToTargetMethod (13 bytes)
Event: 4.482 Thread 0x000001cdff812050 5358       3       java.lang.invoke.LambdaForm$DMH/0x000001cd9603c000::newInvokeSpecial (30 bytes)
Event: 4.482 Thread 0x000001cd946530c0 nmethod 5357 0x000001cdeea3a110 code [0x000001cdeea3a2c0, 0x000001cdeea3a578]
Event: 4.482 Thread 0x000001cdff812050 nmethod 5358 0x000001cdee750990 code [0x000001cdee750b80, 0x000001cdee751148]
Event: 4.482 Thread 0x000001cdda0f78c0 5359   !   3       org.springframework.beans.factory.support.FactoryBeanRegistrySupport::getTypeForFactoryBean (22 bytes)
Event: 4.482 Thread 0x000001cdda0f78c0 nmethod 5359 0x000001cdee750390 code [0x000001cdee750560, 0x000001cdee750878]
Event: 4.483 Thread 0x000001cdff812050 5360       3       org.springframework.context.annotation.BeanAnnotationHelper::isBeanAnnotated (7 bytes)
Event: 4.483 Thread 0x000001cdff812050 nmethod 5360 0x000001cdee750010 code [0x000001cdee7501a0, 0x000001cdee7502c8]
Event: 4.484 Thread 0x000001cd946530c0 5361       3       org.springframework.core.MethodParameter::getParameterType (48 bytes)
Event: 4.485 Thread 0x000001cd946530c0 nmethod 5361 0x000001cdee74f390 code [0x000001cdee74f5a0, 0x000001cdee74fdf8]
Event: 4.485 Thread 0x000001cdda0f78c0 5363       3       org.springframework.core.MethodParameter::getNestedParameterType (138 bytes)
Event: 4.485 Thread 0x000001cdda0f78c0 nmethod 5363 0x000001cdee74d810 code [0x000001cdee74dae0, 0x000001cdee74ef88]
Event: 4.485 Thread 0x000001cddd174040 5336       4       org.springframework.context.annotation.ConfigurationClassBeanDefinitionReader$ConfigurationClassBeanDefinition::isFactoryMethod (35 bytes)
Event: 4.487 Thread 0x000001cd946530c0 5364   !   3       jdk.proxy2.$Proxy53::annotationType (29 bytes)
Event: 4.488 Thread 0x000001cd946530c0 nmethod 5364 0x000001cdee74d090 code [0x000001cdee74d260, 0x000001cdee74d658]
Event: 4.488 Thread 0x000001cd94832d60 nmethod 5356 0x000001cdee84a410 code [0x000001cdee84afa0, 0x000001cdee852468]
Event: 4.491 Thread 0x000001cd946530c0 5365       3       java.lang.reflect.Method::isDefault (28 bytes)

GC Heap History (20 events):
Event: 0.409 GC heap before
{Heap before GC invocations=0 (full 0):
 garbage-first heap   total 520192K, used 20480K [0x0000000604c00000, 0x0000000800000000)
  region size 4096K, 6 young (24576K), 0 survivors (0K)
 Metaspace       used 3930K, committed 4096K, reserved 1114112K
  class space    used 434K, committed 512K, reserved 1048576K
}
Event: 0.413 GC heap after
{Heap after GC invocations=1 (full 0):
 garbage-first heap   total 520192K, used 9682K [0x0000000604c00000, 0x0000000800000000)
  region size 4096K, 1 young (4096K), 1 survivors (4096K)
 Metaspace       used 3930K, committed 4096K, reserved 1114112K
  class space    used 434K, committed 512K, reserved 1048576K
}
Event: 0.772 GC heap before
{Heap before GC invocations=1 (full 0):
 garbage-first heap   total 520192K, used 30162K [0x0000000604c00000, 0x0000000800000000)
  region size 4096K, 6 young (24576K), 1 survivors (4096K)
 Metaspace       used 9110K, committed 9344K, reserved 1114112K
  class space    used 1137K, committed 1280K, reserved 1048576K
}
Event: 0.775 GC heap after
{Heap after GC invocations=2 (full 0):
 garbage-first heap   total 520192K, used 11169K [0x0000000604c00000, 0x0000000800000000)
  region size 4096K, 1 young (4096K), 1 survivors (4096K)
 Metaspace       used 9110K, committed 9344K, reserved 1114112K
  class space    used 1137K, committed 1280K, reserved 1048576K
}
Event: 1.424 GC heap before
{Heap before GC invocations=2 (full 0):
 garbage-first heap   total 520192K, used 64417K [0x0000000604c00000, 0x0000000800000000)
  region size 4096K, 15 young (61440K), 1 survivors (4096K)
 Metaspace       used 20696K, committed 20992K, reserved 1114112K
  class space    used 2691K, committed 2816K, reserved 1048576K
}
Event: 1.428 GC heap after
{Heap after GC invocations=3 (full 0):
 garbage-first heap   total 520192K, used 14608K [0x0000000604c00000, 0x0000000800000000)
  region size 4096K, 2 young (8192K), 2 survivors (8192K)
 Metaspace       used 20696K, committed 20992K, reserved 1114112K
  class space    used 2691K, committed 2816K, reserved 1048576K
}
Event: 1.485 GC heap before
{Heap before GC invocations=3 (full 0):
 garbage-first heap   total 520192K, used 18704K [0x0000000604c00000, 0x0000000800000000)
  region size 4096K, 4 young (16384K), 2 survivors (8192K)
 Metaspace       used 21231K, committed 21504K, reserved 1114112K
  class space    used 2755K, committed 2880K, reserved 1048576K
}
Event: 1.488 GC heap after
{Heap after GC invocations=4 (full 0):
 garbage-first heap   total 520192K, used 15654K [0x0000000604c00000, 0x0000000800000000)
  region size 4096K, 2 young (8192K), 2 survivors (8192K)
 Metaspace       used 21231K, committed 21504K, reserved 1114112K
  class space    used 2755K, committed 2880K, reserved 1048576K
}
Event: 2.183 GC heap before
{Heap before GC invocations=5 (full 0):
 garbage-first heap   total 98304K, used 64806K [0x0000000604c00000, 0x0000000800000000)
  region size 4096K, 14 young (57344K), 2 survivors (8192K)
 Metaspace       used 25886K, committed 26240K, reserved 1114112K
  class space    used 3302K, committed 3456K, reserved 1048576K
}
Event: 2.187 GC heap after
{Heap after GC invocations=6 (full 0):
 garbage-first heap   total 98304K, used 18837K [0x0000000604c00000, 0x0000000800000000)
  region size 4096K, 2 young (8192K), 2 survivors (8192K)
 Metaspace       used 25886K, committed 26240K, reserved 1114112K
  class space    used 3302K, committed 3456K, reserved 1048576K
}
Event: 2.277 GC heap before
{Heap before GC invocations=6 (full 0):
 garbage-first heap   total 98304K, used 22933K [0x0000000604c00000, 0x0000000800000000)
  region size 4096K, 3 young (12288K), 2 survivors (8192K)
 Metaspace       used 26339K, committed 26688K, reserved 1114112K
  class space    used 3360K, committed 3520K, reserved 1048576K
}
Event: 2.280 GC heap after
{Heap after GC invocations=7 (full 0):
 garbage-first heap   total 98304K, used 19121K [0x0000000604c00000, 0x0000000800000000)
  region size 4096K, 1 young (4096K), 1 survivors (4096K)
 Metaspace       used 26339K, committed 26688K, reserved 1114112K
  class space    used 3360K, committed 3520K, reserved 1048576K
}
Event: 3.129 GC heap before
{Heap before GC invocations=7 (full 0):
 garbage-first heap   total 98304K, used 60081K [0x0000000604c00000, 0x0000000800000000)
  region size 4096K, 11 young (45056K), 1 survivors (4096K)
 Metaspace       used 31557K, committed 31936K, reserved 1114112K
  class space    used 4098K, committed 4288K, reserved 1048576K
}
Event: 3.133 GC heap after
{Heap after GC invocations=8 (full 0):
 garbage-first heap   total 98304K, used 21544K [0x0000000604c00000, 0x0000000800000000)
  region size 4096K, 1 young (4096K), 1 survivors (4096K)
 Metaspace       used 31557K, committed 31936K, reserved 1114112K
  class space    used 4098K, committed 4288K, reserved 1048576K
}
Event: 3.487 GC heap before
{Heap before GC invocations=8 (full 0):
 garbage-first heap   total 98304K, used 37928K [0x0000000604c00000, 0x0000000800000000)
  region size 4096K, 6 young (24576K), 1 survivors (4096K)
 Metaspace       used 35597K, committed 35968K, reserved 1114112K
  class space    used 4727K, committed 4928K, reserved 1048576K
}
Event: 3.491 GC heap after
{Heap after GC invocations=9 (full 0):
 garbage-first heap   total 98304K, used 22263K [0x0000000604c00000, 0x0000000800000000)
  region size 4096K, 1 young (4096K), 1 survivors (4096K)
 Metaspace       used 35597K, committed 35968K, reserved 1114112K
  class space    used 4727K, committed 4928K, reserved 1048576K
}
Event: 4.068 GC heap before
{Heap before GC invocations=10 (full 0):
 garbage-first heap   total 98304K, used 67319K [0x0000000604c00000, 0x0000000800000000)
  region size 4096K, 12 young (49152K), 1 survivors (4096K)
 Metaspace       used 46282K, committed 46720K, reserved 1114112K
  class space    used 6205K, committed 6464K, reserved 1048576K
}
Event: 4.074 GC heap after
{Heap after GC invocations=11 (full 0):
 garbage-first heap   total 98304K, used 24840K [0x0000000604c00000, 0x0000000800000000)
  region size 4096K, 2 young (8192K), 2 survivors (8192K)
 Metaspace       used 46282K, committed 46720K, reserved 1114112K
  class space    used 6205K, committed 6464K, reserved 1048576K
}
Event: 4.119 GC heap before
{Heap before GC invocations=11 (full 0):
 garbage-first heap   total 98304K, used 24840K [0x0000000604c00000, 0x0000000800000000)
  region size 4096K, 3 young (12288K), 2 survivors (8192K)
 Metaspace       used 47660K, committed 48064K, reserved 1114112K
  class space    used 6496K, committed 6720K, reserved 1048576K
}
Event: 4.126 GC heap after
{Heap after GC invocations=12 (full 0):
 garbage-first heap   total 311296K, used 24953K [0x0000000604c00000, 0x0000000800000000)
  region size 4096K, 1 young (4096K), 1 survivors (4096K)
 Metaspace       used 47660K, committed 48064K, reserved 1114112K
  class space    used 6496K, committed 6720K, reserved 1048576K
}

Deoptimization events (20 events):
Event: 4.445 Thread 0x000001cde4d9e8a0 Uncommon trap: trap_request=0xffffff45 fr.pc=0x000001cdf5e61a04 relative=0x0000000000000084
Event: 4.445 Thread 0x000001cde4d9e8a0 Uncommon trap: reason=unstable_if action=reinterpret pc=0x000001cdf5e61a04 method=java.lang.CharacterDataLatin1.isWhitespace(I)Z @ 14 c2
Event: 4.445 Thread 0x000001cde4d9e8a0 DEOPT PACKING pc=0x000001cdf5e61a04 sp=0x00000088c3efabc0
Event: 4.445 Thread 0x000001cde4d9e8a0 DEOPT UNPACKING pc=0x000001cdf56f23a3 sp=0x00000088c3efab30 mode 2
Event: 4.465 Thread 0x000001cde4d9e8a0 Uncommon trap: trap_request=0xffffffde fr.pc=0x000001cdf5f6be08 relative=0x00000000000072c8
Event: 4.465 Thread 0x000001cde4d9e8a0 Uncommon trap: reason=class_check action=maybe_recompile pc=0x000001cdf5f6be08 method=org.springframework.beans.factory.support.AbstractBeanFactory.isTypeMatch(Ljava/lang/String;Lorg/springframework/core/ResolvableType;Z)Z @ 48 c2
Event: 4.465 Thread 0x000001cde4d9e8a0 DEOPT PACKING pc=0x000001cdf5f6be08 sp=0x00000088c3efb5d0
Event: 4.465 Thread 0x000001cde4d9e8a0 DEOPT UNPACKING pc=0x000001cdf56f23a3 sp=0x00000088c3efb5e8 mode 2
Event: 4.465 Thread 0x000001cde4d9e8a0 Uncommon trap: trap_request=0xffffffde fr.pc=0x000001cdf5f6be08 relative=0x00000000000072c8
Event: 4.465 Thread 0x000001cde4d9e8a0 Uncommon trap: reason=class_check action=maybe_recompile pc=0x000001cdf5f6be08 method=org.springframework.beans.factory.support.AbstractBeanFactory.isTypeMatch(Ljava/lang/String;Lorg/springframework/core/ResolvableType;Z)Z @ 48 c2
Event: 4.465 Thread 0x000001cde4d9e8a0 DEOPT PACKING pc=0x000001cdf5f6be08 sp=0x00000088c3efb5d0
Event: 4.465 Thread 0x000001cde4d9e8a0 DEOPT UNPACKING pc=0x000001cdf56f23a3 sp=0x00000088c3efb5e8 mode 2
Event: 4.466 Thread 0x000001cde4d9e8a0 Uncommon trap: trap_request=0xffffffde fr.pc=0x000001cdf5f6be08 relative=0x00000000000072c8
Event: 4.466 Thread 0x000001cde4d9e8a0 Uncommon trap: reason=class_check action=maybe_recompile pc=0x000001cdf5f6be08 method=org.springframework.beans.factory.support.AbstractBeanFactory.isTypeMatch(Ljava/lang/String;Lorg/springframework/core/ResolvableType;Z)Z @ 48 c2
Event: 4.466 Thread 0x000001cde4d9e8a0 DEOPT PACKING pc=0x000001cdf5f6be08 sp=0x00000088c3efb5d0
Event: 4.466 Thread 0x000001cde4d9e8a0 DEOPT UNPACKING pc=0x000001cdf56f23a3 sp=0x00000088c3efb5e8 mode 2
Event: 4.466 Thread 0x000001cde4d9e8a0 Uncommon trap: trap_request=0xffffffde fr.pc=0x000001cdf5f6be08 relative=0x00000000000072c8
Event: 4.466 Thread 0x000001cde4d9e8a0 Uncommon trap: reason=class_check action=maybe_recompile pc=0x000001cdf5f6be08 method=org.springframework.beans.factory.support.AbstractBeanFactory.isTypeMatch(Ljava/lang/String;Lorg/springframework/core/ResolvableType;Z)Z @ 48 c2
Event: 4.466 Thread 0x000001cde4d9e8a0 DEOPT PACKING pc=0x000001cdf5f6be08 sp=0x00000088c3efb5d0
Event: 4.466 Thread 0x000001cde4d9e8a0 DEOPT UNPACKING pc=0x000001cdf56f23a3 sp=0x00000088c3efb5e8 mode 2

Classes unloaded (0 events):
No events

Classes redefined (0 events):
No events

Internal exceptions (20 events):
Event: 4.017 Thread 0x000001cde4d9e8a0 Exception <a 'java/lang/IncompatibleClassChangeError'{0x000000060833d9d8}: Found class java.lang.Object, but interface was expected> (0x000000060833d9d8) 
thrown [s\open\src\hotspot\share\interpreter\linkResolver.cpp, line 826]
Event: 4.030 Thread 0x000001cde4d9e8a0 Exception <a 'java/lang/NoSuchMethodError'{0x0000000607c498d0}: 'java.lang.Object java.lang.invoke.DirectMethodHandle$Holder.invokeStatic(java.lang.Object, java.lang.Object, int, java.lang.Object)'> (0x0000000607c498d0) 
thrown [s\open\src\hotspot\share\interpreter\linkResolver.cpp, line 759]
Event: 4.030 Thread 0x000001cde4d9e8a0 Exception <a 'java/lang/NoSuchMethodError'{0x0000000607c4db60}: 'java.lang.Object java.lang.invoke.DirectMethodHandle$Holder.invokeStaticInit(java.lang.Object, java.lang.Object, int, java.lang.Object)'> (0x0000000607c4db60) 
thrown [s\open\src\hotspot\share\interpreter\linkResolver.cpp, line 759]
Event: 4.316 Thread 0x000001cde4d9e8a0 Exception <a 'java/lang/NoSuchMethodError'{0x0000000616544578}: 'void java.lang.invoke.DirectMethodHandle$Holder.invokeStatic(java.lang.Object, java.lang.Object, java.lang.Object, int, java.lang.Object)'> (0x0000000616544578) 
thrown [s\open\src\hotspot\share\interpreter\linkResolver.cpp, line 759]
Event: 4.317 Thread 0x000001cde4d9e8a0 Exception <a 'java/lang/NoSuchMethodError'{0x0000000616553118}: 'void java.lang.invoke.DirectMethodHandle$Holder.invokeInterface(java.lang.Object, java.lang.Object, int, java.lang.Object)'> (0x0000000616553118) 
thrown [s\open\src\hotspot\share\interpreter\linkResolver.cpp, line 759]
Event: 4.319 Thread 0x000001cde4d9e8a0 Exception <a 'java/lang/NoSuchMethodError'{0x000000061657f040}: 'java.lang.Object java.lang.invoke.DirectMethodHandle$Holder.newInvokeSpecial(java.lang.Object, java.lang.Object, int, java.lang.Object)'> (0x000000061657f040) 
thrown [s\open\src\hotspot\share\interpreter\linkResolver.cpp, line 759]
Event: 4.319 Thread 0x000001cde4d9e8a0 Exception <a 'java/lang/NoSuchMethodError'{0x0000000616583400}: 'java.lang.Object java.lang.invoke.Invokers$Holder.linkToTargetMethod(java.lang.Object, int, java.lang.Object, java.lang.Object)'> (0x0000000616583400) 
thrown [s\open\src\hotspot\share\interpreter\linkResolver.cpp, line 759]
Event: 4.336 Thread 0x000001cde4d9e8a0 Exception <a 'java/lang/NoSuchMethodError'{0x00000006166cc8a0}: 'void java.lang.invoke.DirectMethodHandle$Holder.invokeSpecial(java.lang.Object, java.lang.Object, int, java.lang.Object)'> (0x00000006166cc8a0) 
thrown [s\open\src\hotspot\share\interpreter\linkResolver.cpp, line 759]
Event: 4.336 Thread 0x000001cde4d9e8a0 Exception <a 'java/lang/NoSuchMethodError'{0x00000006166d3d98}: 'java.lang.Object java.lang.invoke.DirectMethodHandle$Holder.newInvokeSpecial(java.lang.Object, java.lang.Object, int)'> (0x00000006166d3d98) 
thrown [s\open\src\hotspot\share\interpreter\linkResolver.cpp, line 759]
Event: 4.354 Thread 0x000001cde4d9e8a0 Exception <a 'java/lang/NoSuchMethodError'{0x00000006160802f8}: 'int java.lang.invoke.DirectMethodHandle$Holder.invokeStatic(java.lang.Object, int, java.lang.Object)'> (0x00000006160802f8) 
thrown [s\open\src\hotspot\share\interpreter\linkResolver.cpp, line 759]
Event: 4.356 Thread 0x000001cde4d9e8a0 Exception <a 'java/lang/NoSuchMethodError'{0x00000006160a3e98}: 'java.lang.Object java.lang.invoke.DirectMethodHandle$Holder.newInvokeSpecial(java.lang.Object, java.lang.Object, java.lang.Object, java.lang.Object, java.lang.Object, int, java.lang.Object)'> (0x00000006160a3e98) 
thrown [s\open\src\hotspot\share\interpreter\linkResolver.cpp, line 759]
Event: 4.358 Thread 0x000001cde4d9e8a0 Exception <a 'java/lang/NoSuchMethodError'{0x00000006160e0528}: 'java.lang.Object java.lang.invoke.DirectMethodHandle$Holder.newInvokeSpecial(java.lang.Object, java.lang.Object, java.lang.Object, java.lang.Object, java.lang.Object, java.lang.Object, java.lang.Object, java.lang.Object, java.lang.Object, java.lang.Object, java.lang.Object, java.lang.Object)'> (0x00000006160e0528) 
thrown [s\open\src\hotspot\share\interpreter\linkResolver.cpp, line 759]
Event: 4.359 Thread 0x000001cde4d9e8a0 Exception <a 'java/lang/NoSuchMethodError'{0x00000006160e57b8}: 'java.lang.Object java.lang.invoke.DirectMethodHandle$Holder.invokeSpecial(java.lang.Object, java.lang.Object, java.lang.Object, java.lang.Object, java.lang.Object, java.lang.Object, java.lang.Object, java.lang.Object, java.lang.Object, java.lang.Object, java.lang.Object, java.lang.Object, java.lang.Object)'> (0x00000006160e57b8) 
thrown [s\open\src\hotspot\share\interpreter\linkResolver.cpp, line 759]
Event: 4.359 Thread 0x000001cde4d9e8a0 Exception <a 'java/lang/NoSuchMethodError'{0x00000006160ea6c8}: 'java.lang.Object java.lang.invoke.Invokers$Holder.linkToTargetMethod(java.lang.Object, java.lang.Object, java.lang.Object, java.lang.Object, java.lang.Object, java.lang.Object, java.lang.Object, java.lang.Object, java.lang.Object, java.lang.Object, java.lang.Object, java.lang.Object)'> (0x00000006160ea6c8) 
thrown [s\open\src\hotspot\share\interpreter\linkResolver.cpp, line 759]
Event: 4.378 Thread 0x000001cde4d9e8a0 Exception <a 'java/lang/IncompatibleClassChangeError'{0x00000006162a3720}: Found class java.lang.Object, but interface was expected> (0x00000006162a3720) 
thrown [s\open\src\hotspot\share\interpreter\linkResolver.cpp, line 826]
Event: 4.385 Thread 0x000001cde4d9e8a0 Exception <a 'java/lang/NoSuchMethodError'{0x0000000616350378}: 'java.lang.Object java.lang.invoke.DirectMethodHandle$Holder.newInvokeSpecial(java.lang.Object, java.lang.Object, int, java.lang.Object, int, java.lang.Object, java.lang.Object)'> (0x0000000616350378) 
thrown [s\open\src\hotspot\share\interpreter\linkResolver.cpp, line 759]
Event: 4.390 Thread 0x000001cde4d9e8a0 Exception <a 'java/lang/NoSuchMethodError'{0x00000006163d0e58}: 'java.lang.Object java.lang.invoke.DirectMethodHandle$Holder.newInvokeSpecial(java.lang.Object, java.lang.Object, java.lang.Object, java.lang.Object, java.lang.Object, java.lang.Object, java.lang.Object, int)'> (0x00000006163d0e58) 
thrown [s\open\src\hotspot\share\interpreter\linkResolver.cpp, line 759]
Event: 4.390 Thread 0x000001cde4d9e8a0 Exception <a 'java/lang/NoSuchMethodError'{0x00000006163d6600}: 'java.lang.Object java.lang.invoke.DirectMethodHandle$Holder.invokeSpecial(java.lang.Object, java.lang.Object, java.lang.Object, java.lang.Object, java.lang.Object, java.lang.Object, java.lang.Object, java.lang.Object, int)'> (0x00000006163d6600) 
thrown [s\open\src\hotspot\share\interpreter\linkResolver.cpp, line 759]
Event: 4.390 Thread 0x000001cde4d9e8a0 Exception <a 'java/lang/NoSuchMethodError'{0x00000006163db878}: 'java.lang.Object java.lang.invoke.Invokers$Holder.linkToTargetMethod(java.lang.Object, java.lang.Object, java.lang.Object, java.lang.Object, java.lang.Object, java.lang.Object, int, java.lang.Object)'> (0x00000006163db878) 
thrown [s\open\src\hotspot\share\interpreter\linkResolver.cpp, line 759]
Event: 4.448 Thread 0x000001cde4d9e8a0 Exception <a 'java/lang/NoSuchMethodError'{0x00000006158d7498}: 'java.lang.Object java.lang.invoke.DirectMethodHandle$Holder.invokeSpecial(java.lang.Object, java.lang.Object, int, java.lang.Object, int)'> (0x00000006158d7498) 
thrown [s\open\src\hotspot\share\interpreter\linkResolver.cpp, line 759]

VM Operations (20 events):
Event: 3.498 Executing VM operation: G1Concurrent
Event: 3.500 Executing VM operation: G1Concurrent done
Event: 3.503 Executing VM operation: G1Concurrent
Event: 3.503 Executing VM operation: G1Concurrent done
Event: 3.534 Executing VM operation: HandshakeAllThreads
Event: 3.534 Executing VM operation: HandshakeAllThreads done
Event: 3.759 Executing VM operation: HandshakeAllThreads
Event: 3.759 Executing VM operation: HandshakeAllThreads done
Event: 4.068 Executing VM operation: G1CollectForAllocation
Event: 4.074 Executing VM operation: G1CollectForAllocation done
Event: 4.119 Executing VM operation: G1CollectForAllocation
Event: 4.126 Executing VM operation: G1CollectForAllocation done
Event: 4.178 Executing VM operation: HandshakeAllThreads
Event: 4.178 Executing VM operation: HandshakeAllThreads done
Event: 4.193 Executing VM operation: HandshakeAllThreads
Event: 4.193 Executing VM operation: HandshakeAllThreads done
Event: 4.253 Executing VM operation: HandshakeAllThreads
Event: 4.253 Executing VM operation: HandshakeAllThreads done
Event: 4.292 Executing VM operation: ICBufferFull
Event: 4.292 Executing VM operation: ICBufferFull done

Events (20 events):
Event: 3.979 loading class java/util/concurrent/CompletableFuture$AsynchronousCompletionTask
Event: 3.979 loading class java/util/concurrent/CompletableFuture$AsynchronousCompletionTask done
Event: 3.979 loading class java/util/concurrent/CompletableFuture$Completion done
Event: 4.075 Thread 0x000001cddd176020 Thread exited: 0x000001cddd176020
Event: 4.108 Thread 0x000001cddc798f30 Thread exited: 0x000001cddc798f30
Event: 4.108 Thread 0x000001cddc6d8670 Thread exited: 0x000001cddc6d8670
Event: 4.113 Thread 0x000001cddbe4a0b0 Thread exited: 0x000001cddbe4a0b0
Event: 4.154 Thread 0x000001cddaf4fa40 Thread exited: 0x000001cddaf4fa40
Event: 4.154 Thread 0x000001cdda277360 Thread exited: 0x000001cdda277360
Event: 4.235 loading class java/lang/reflect/AnnotatedArrayType
Event: 4.235 loading class java/lang/reflect/AnnotatedArrayType done
Event: 4.289 Thread 0x000001cddd174ae0 Thread added: 0x000001cddd174ae0
Event: 4.443 loading class java/math/MathContext
Event: 4.443 loading class java/math/MathContext done
Event: 4.452 loading class javax/naming/Reference
Event: 4.453 loading class javax/naming/Reference done
Event: 4.460 Thread 0x000001cddd175580 Thread added: 0x000001cddd175580
Event: 4.467 Thread 0x000001cddd175ad0 Thread added: 0x000001cddd175ad0
Event: 4.473 Thread 0x000001cddd176ac0 Thread added: 0x000001cddd176ac0
Event: 4.485 Thread 0x000001cddd174040 Thread added: 0x000001cddd174040


Dynamic libraries:
0x00007ff635470000 - 0x00007ff635480000 	C:\Program Files\Java\jdk-17\bin\java.exe
0x00007ff98e000000 - 0x00007ff98e263000 	C:\WINDOWS\SYSTEM32\ntdll.dll
0x00007ff98ce50000 - 0x00007ff98cf17000 	C:\WINDOWS\System32\KERNEL32.DLL
0x00007ff98ba70000 - 0x00007ff98be37000 	C:\WINDOWS\System32\KERNELBASE.dll
0x00007ff98b440000 - 0x00007ff98b58c000 	C:\WINDOWS\System32\ucrtbase.dll
0x00007ff962cb0000 - 0x00007ff962cc9000 	C:\Program Files\Java\jdk-17\bin\jli.dll
0x00007ff98da30000 - 0x00007ff98dae4000 	C:\WINDOWS\System32\ADVAPI32.dll
0x00007ff98be40000 - 0x00007ff98bee9000 	C:\WINDOWS\System32\msvcrt.dll
0x00007ff94c9f0000 - 0x00007ff94ca0b000 	C:\Program Files\Java\jdk-17\bin\VCRUNTIME140.dll
0x00007ff98d080000 - 0x00007ff98d126000 	C:\WINDOWS\System32\sechost.dll
0x00007ff98d130000 - 0x00007ff98d246000 	C:\WINDOWS\System32\RPCRT4.dll
0x00007ff98c9d0000 - 0x00007ff98cb99000 	C:\WINDOWS\System32\USER32.dll
0x00007ff98b8c0000 - 0x00007ff98b8e7000 	C:\WINDOWS\System32\win32u.dll
0x00007ff98bef0000 - 0x00007ff98bf1a000 	C:\WINDOWS\System32\GDI32.dll
0x00007ff98b590000 - 0x00007ff98b6bb000 	C:\WINDOWS\System32\gdi32full.dll
0x00007ff95fb30000 - 0x00007ff95fdc0000 	C:\WINDOWS\WinSxS\amd64_microsoft.windows.common-controls_6595b64144ccf1df_6.0.26100.3037_none_3e09262ce333c378\COMCTL32.dll
0x00007ff98b810000 - 0x00007ff98b8b3000 	C:\WINDOWS\System32\msvcp_win.dll
0x00007ff984640000 - 0x00007ff98464b000 	C:\WINDOWS\SYSTEM32\VERSION.dll
0x00007ff98bf20000 - 0x00007ff98bf4f000 	C:\WINDOWS\System32\IMM32.DLL
0x00007ff963c20000 - 0x00007ff963c2c000 	C:\Program Files\Java\jdk-17\bin\vcruntime140_1.dll
0x00007ff93ca00000 - 0x00007ff93ca8e000 	C:\Program Files\Java\jdk-17\bin\msvcp140.dll
0x00007ff921440000 - 0x00007ff92201f000 	C:\Program Files\Java\jdk-17\bin\server\jvm.dll
0x00007ff9880b0000 - 0x00007ff9880e6000 	C:\WINDOWS\SYSTEM32\WINMM.dll
0x00007ff987cb0000 - 0x00007ff987cba000 	C:\WINDOWS\SYSTEM32\WSOCK32.dll
0x00007ff98ce40000 - 0x00007ff98ce48000 	C:\WINDOWS\System32\PSAPI.DLL
0x00007ff98d000000 - 0x00007ff98d074000 	C:\WINDOWS\System32\WS2_32.dll
0x00007ff98a190000 - 0x00007ff98a1aa000 	C:\WINDOWS\SYSTEM32\kernel.appcore.dll
0x00007ff962ca0000 - 0x00007ff962caa000 	C:\Program Files\Java\jdk-17\bin\jimage.dll
0x00007ff965860000 - 0x00007ff965aa1000 	C:\WINDOWS\SYSTEM32\DBGHELP.DLL
0x00007ff98dc30000 - 0x00007ff98dfae000 	C:\WINDOWS\System32\combase.dll
0x00007ff98daf0000 - 0x00007ff98dbc6000 	C:\WINDOWS\System32\OLEAUT32.dll
0x00007ff965080000 - 0x00007ff9650b9000 	C:\WINDOWS\SYSTEM32\dbgcore.DLL
0x00007ff98b3a0000 - 0x00007ff98b439000 	C:\WINDOWS\System32\bcryptPrimitives.dll
0x00007ff94c730000 - 0x00007ff94c755000 	C:\Program Files\Java\jdk-17\bin\java.dll
0x00007ff922b60000 - 0x00007ff922c37000 	C:\Program Files\Java\jdk-17\bin\jsvml.dll
0x00007ff98c160000 - 0x00007ff98c864000 	C:\WINDOWS\System32\SHELL32.dll
0x00007ff989080000 - 0x00007ff9898b7000 	C:\WINDOWS\SYSTEM32\windows.storage.dll
0x00007ff98d940000 - 0x00007ff98da29000 	C:\WINDOWS\System32\SHCORE.dll
0x00007ff98d8c0000 - 0x00007ff98d91d000 	C:\WINDOWS\System32\shlwapi.dll
0x00007ff98b2b0000 - 0x00007ff98b2de000 	C:\WINDOWS\SYSTEM32\profapi.dll
0x00007ff94c710000 - 0x00007ff94c729000 	C:\Program Files\Java\jdk-17\bin\net.dll
0x00007ff985960000 - 0x00007ff985a7e000 	C:\WINDOWS\SYSTEM32\WINHTTP.dll
0x00007ff98a680000 - 0x00007ff98a6ea000 	C:\WINDOWS\system32\mswsock.dll
0x00007ff94c6f0000 - 0x00007ff94c706000 	C:\Program Files\Java\jdk-17\bin\nio.dll
0x00007ff94a250000 - 0x00007ff94a268000 	C:\Program Files\Java\jdk-17\bin\zip.dll
0x00007ff987bf0000 - 0x00007ff987bfa000 	C:\Program Files\Java\jdk-17\bin\management.dll
0x00007ff987be0000 - 0x00007ff987beb000 	C:\Program Files\Java\jdk-17\bin\management_ext.dll
0x00007ff987c20000 - 0x00007ff987c2e000 	C:\Program Files\Java\jdk-17\bin\sunmscapi.dll
0x00007ff98b8f0000 - 0x00007ff98ba66000 	C:\WINDOWS\System32\CRYPT32.dll
0x00007ff98abf0000 - 0x00007ff98ac20000 	C:\WINDOWS\SYSTEM32\ncrypt.dll
0x00007ff98aba0000 - 0x00007ff98abdf000 	C:\WINDOWS\SYSTEM32\NTASN1.dll
0x00007ff98aa30000 - 0x00007ff98aa4c000 	C:\WINDOWS\SYSTEM32\CRYPTSP.dll
0x00007ff98a0f0000 - 0x00007ff98a128000 	C:\WINDOWS\system32\rsaenh.dll
0x00007ff98a720000 - 0x00007ff98a74b000 	C:\WINDOWS\SYSTEM32\USERENV.dll
0x00007ff98ac50000 - 0x00007ff98ac76000 	C:\WINDOWS\SYSTEM32\bcrypt.dll
0x00007ff98a8b0000 - 0x00007ff98a8bc000 	C:\WINDOWS\SYSTEM32\CRYPTBASE.dll
0x00007ff989bb0000 - 0x00007ff989be2000 	C:\WINDOWS\SYSTEM32\IPHLPAPI.DLL
0x00007ff98d8b0000 - 0x00007ff98d8ba000 	C:\WINDOWS\System32\NSI.dll
0x00007ff985790000 - 0x00007ff9857af000 	C:\WINDOWS\SYSTEM32\dhcpcsvc6.DLL
0x00007ff985640000 - 0x00007ff985665000 	C:\WINDOWS\SYSTEM32\dhcpcsvc.DLL
0x00007ff989bf0000 - 0x00007ff989d15000 	C:\WINDOWS\SYSTEM32\DNSAPI.dll
0x00007ff94a330000 - 0x00007ff94a340000 	C:\Program Files\Java\jdk-17\bin\verify.dll
0x00007ff983c90000 - 0x00007ff983c9b000 	C:\Windows\System32\rasadhlp.dll
0x00007ff985190000 - 0x00007ff985215000 	C:\WINDOWS\System32\fwpuclnt.dll

dbghelp: loaded successfully - version: 4.0.5 - missing functions: none
symbol engine: initialized successfully - sym options: 0x614 - pdb path: .;C:\Program Files\Java\jdk-17\bin;C:\WINDOWS\SYSTEM32;C:\WINDOWS\WinSxS\amd64_microsoft.windows.common-controls_6595b64144ccf1df_6.0.26100.3037_none_3e09262ce333c378;C:\Program Files\Java\jdk-17\bin\server

VM Arguments:
java_command: C:\Users\Samuel_PC\AppData\Local\Temp\surefire9952341314122784327\surefirebooter-20250228144749818_3.jar C:\Users\Samuel_PC\AppData\Local\Temp\surefire9952341314122784327 2025-02-28T14-47-47_624-jvmRun1 surefire-20250228144749818_1tmp surefire_0-20250228144749818_2tmp
java_class_path (initial): C:\Users\Samuel_PC\AppData\Local\Temp\surefire9952341314122784327\surefirebooter-20250228144749818_3.jar
Launcher Type: SUN_STANDARD

[Global flags]
     intx CICompilerCount                          = 12                                        {product} {ergonomic}
     uint ConcGCThreads                            = 4                                         {product} {ergonomic}
     uint G1ConcRefinementThreads                  = 15                                        {product} {ergonomic}
   size_t G1HeapRegionSize                         = 4194304                                   {product} {ergonomic}
    uintx GCDrainStackTargetSize                   = 64                                        {product} {ergonomic}
   size_t InitialHeapSize                          = 532676608                                 {product} {ergonomic}
   size_t MarkStackSize                            = 4194304                                   {product} {ergonomic}
   size_t MaxHeapSize                              = 8510242816                                {product} {ergonomic}
   size_t MaxNewSize                               = 5104467968                                {product} {ergonomic}
   size_t MinHeapDeltaBytes                        = 4194304                                   {product} {ergonomic}
   size_t MinHeapSize                              = 8388608                                   {product} {ergonomic}
    uintx NonNMethodCodeHeapSize                   = 7602480                                {pd product} {ergonomic}
    uintx NonProfiledCodeHeapSize                  = 122027880                              {pd product} {ergonomic}
    uintx ProfiledCodeHeapSize                     = 122027880                              {pd product} {ergonomic}
    uintx ReservedCodeCacheSize                    = 251658240                              {pd product} {ergonomic}
     bool SegmentedCodeCache                       = true                                      {product} {ergonomic}
   size_t SoftMaxHeapSize                          = 8510242816                             {manageable} {ergonomic}
     bool UseCompressedClassPointers               = true                           {product lp64_product} {ergonomic}
     bool UseCompressedOops                        = true                           {product lp64_product} {ergonomic}
     bool UseG1GC                                  = true                                      {product} {ergonomic}
     bool UseLargePagesIndividualAllocation        = false                                  {pd product} {ergonomic}

Logging:
Log output configuration:
 #0: stdout all=warning uptime,level,tags
 #1: stderr all=off uptime,level,tags

Environment Variables:
PATH=C:\src\flutter\bin;C:\Program Files\apache-maven-3.9.6\bin;C:\Program Files\Common Files\Oracle\Java\javapath;C:\WINDOWS\system32;C:\WINDOWS;C:\WINDOWS\System32\Wbem;C:\WINDOWS\System32\WindowsPowerShell\v1.0\;C:\WINDOWS\System32\OpenSSH\;C:\Program Files\Microsoft SQL Server\150\Tools\Binn\;C:\Program Files\Microsoft SQL Server\Client SDK\ODBC\170\Tools\Binn\;C:\Program Files\dotnet\;C:\Program Files (x86)\Windows Kits\10\Windows Performance Toolkit\;C:\Program Files\nodejs\;C:\Users\Samuel_PC\AppData\Local\Pub\Cache\bin;C:\Users\Samuel_PC\AppData\Local\Programs\Python\Launcher\;C:\Users\Samuel_PC\AppData\Local\Microsoft\WindowsApps;C:\Users\Samuel_PC\AppData\Local\Programs\Git\cmd;C:\Users\Samuel_PC\AppData\Roaming\npm;C:\Users\Samuel_PC\AppData\Local\Programs\Microsoft VS Code\bin;C:\xampp\php;C:\Users\Samuel_PC\composer;C:\Users\Samuel_PC\AppData\Roaming\Composer\vendor\bin;C:\Users\Samuel_PC\AppData\Local\ComposerSetup\bin;
USERNAME=Samuel_PC
OS=Windows_NT
PROCESSOR_IDENTIFIER=Intel64 Family 6 Model 151 Stepping 2, GenuineIntel



---------------  S Y S T E M  ---------------

OS:
 Windows 11 , 64 bit Build 26100 (10.0.26100.3037)
OS uptime: 1 days 5:27 hours
Hyper-V role detected

CPU: total 20 (initial active 20) (10 cores per cpu, 2 threads per core) family 6 model 151 stepping 2 microcode 0x37, cx8, cmov, fxsr, ht, mmx, 3dnowpref, sse, sse2, sse3, ssse3, sse4.1, sse4.2, popcnt, lzcnt, tsc, tscinvbit, avx, avx2, aes, erms, clmul, bmi1, bmi2, adx, sha, fma, vzeroupper, clflush, clflushopt, clwb, hv

Memory: 4k page, system-wide physical 32455M (11365M free)
TotalPageFile size 34503M (AvailPageFile size 7360M)
current process WorkingSet (physical memory assigned to process): 342M, peak: 343M
current process commit charge ("private bytes"): 595M, peak: 696M

vm_info: Java HotSpot(TM) 64-Bit Server VM (17.0.10+11-LTS-240) for windows-amd64 JRE (17.0.10+11-LTS-240), built on Dec 19 2023 21:47:25 by "mach5one" with MS VC++ 17.1 (VS2022)

END.
